2025-09-16 03:52:56,075 | INFO | Logging to Result_15\scheduler_run.log
2025-09-16 03:52:56,078 | INFO | ===== SCHEDULER RUN 20250916_035256 =====
2025-09-16 03:52:56,079 | INFO | Args.case=C:\Users\sapper\AppData\Local\Temp\tmplvkrn_sz.json
2025-09-16 03:52:56,081 | INFO | Loaded case with 31 days, 22 shifts, 7 providers
2025-09-16 03:52:56,085 | INFO | Run config: out=Result_15 k=2 seed=1 time=1500 L=1
2025-09-16 03:52:56,094 | INFO | Wrote: Result_15\constants_effective.log
2025-09-16 03:52:56,097 | INFO | Wrote capacity snapshot: Result_15\eligibility_capacity.json
2025-09-16 03:52:56,101 | INFO | Instance: |days|=31 |shifts|=22 |providers|=7 |types|=10
2025-09-16 03:52:56,102 | INFO | Weekend names: ['Saturday', 'Sunday']
2025-09-16 03:52:56,103 | INFO | Weekend indices: [3, 4, 10, 11, 17, 18, 24, 25]
2025-09-16 03:52:56,109 | INFO | Shift[0] keys: ['id', 'date', 'type', 'start', 'end', 'allowed_provider_types']
2025-09-16 03:52:56,112 | INFO | Provider[0] keys: ['id', 'name', 'type', 'max_consecutive_days', 'limits', 'forbidden_days_soft', 'forbidden_days_hard', 'preferred_days_hard', 'preferred_days_soft']
2025-09-16 03:52:56,113 | INFO | Provider types: ['MD_N', 'MD_S2']
2025-09-16 03:52:56,122 | INFO | max_consecutive_days per provider (0 means no cap): [12, 3, 2, 2, 4, 3, 3]
2025-09-16 03:52:56,375 | INFO | 0
2025-09-16 03:52:56,377 | INFO | 1
2025-09-16 03:52:56,379 | INFO | 2
2025-09-16 03:52:56,381 | INFO | 3
2025-09-16 03:52:56,382 | INFO | 4
2025-09-16 03:52:56,383 | INFO | 5
2025-09-16 03:52:56,384 | INFO | 6
2025-09-16 03:52:56,387 | INFO | Phase-1 solve: time=120.0s workers=8
2025-09-16 03:52:56,394 | INFO | [phase1] 
2025-09-16 03:52:56,394 | INFO | [phase1] Starting CP-SAT solver v9.14.6206
2025-09-16 03:52:56,395 | INFO | [phase1] Parameters: max_time_in_seconds: 120 log_search_progress: true num_search_workers: 8 log_to_stdout: false
2025-09-16 03:52:56,403 | INFO | [phase1] 
2025-09-16 03:52:56,414 | INFO | [phase1] Initial optimization model '': (model_fingerprint: 0x910604613e2ad2ca)
#Variables: 1'543 (#ints: 1 in objective) (754 primary variables)
  - 610 Booleans in [0,1]
  - 7 in [-31,31]
  - 7 in [0,22]
  - 448 in [0,31]
  - 217 in [0,961]
  - 28 in [0,1000]
  - 224 in [0,29791]
  - 1 in [0,1000000000000000000]
  - 1 constants in {0} 
#kAtMostOne: 147 (#literals: 294)
#kIntProd: 434
#kLinMax: 14 (#expressions: 231)
#kLinear1: 965 (#enforced: 651 #multi: 210)
#kLinear2: 1'043 (#enforced: 427 #multi: 210)
#kLinear3: 238
#kLinearN: 66 (#terms: 889)
2025-09-16 03:52:56,415 | INFO | [phase1] 
2025-09-16 03:52:56,416 | INFO | [phase1] Starting presolve at 0.02s
2025-09-16 03:52:56,450 | INFO | [phase1]   6.65e-04s  0.00e+00d  [DetectDominanceRelations]
2025-09-16 03:52:56,452 | INFO | [phase1]   2.13e-02s  0.00e+00d  [operations_research::sat::CpModelPresolver::PresolveToFixPoint] #num_loops=2 #num_dual_strengthening=1
2025-09-16 03:52:56,454 | INFO | [phase1]   1.59e-04s  0.00e+00d  [operations_research::sat::CpModelPresolver::ExtractEncodingFromLinear]
2025-09-16 03:52:56,458 | INFO | [phase1]   7.49e-05s  0.00e+00d  [operations_research::sat::CpModelPresolver::DetectDuplicateColumns]
2025-09-16 03:52:56,458 | INFO | [phase1]   5.07e-05s  0.00e+00d  [operations_research::sat::CpModelPresolver::DetectDuplicateConstraints]
2025-09-16 03:52:56,463 | INFO | [phase1] [Symmetry] Graph for symmetry has 1'543 nodes and 0 arcs.
2025-09-16 03:52:56,466 | INFO | [phase1] [Symmetry] Symmetry computation done. time: 0.0002805 dtime: 9.258e-05
2025-09-16 03:52:56,468 | INFO | [phase1]   5.74e-05s  0.00e+00d  [operations_research::sat::CpModelPresolver::DetectDuplicateConstraintsWithDifferentEnforcements]
2025-09-16 03:52:56,471 | INFO | [phase1]   4.64e-03s  0.00e+00d  [operations_research::sat::CpModelPresolver::Probe]
2025-09-16 03:52:56,472 | INFO | [phase1]   8.70e-05s  0.00e+00d  [MaxClique]
2025-09-16 03:52:56,478 | INFO | [phase1]   1.19e-04s  0.00e+00d  [operations_research::sat::CpModelPresolver::PresolveToFixPoint]
2025-09-16 03:52:56,481 | INFO | [phase1]   7.50e-05s  0.00e+00d  [operations_research::sat::CpModelPresolver::ProcessAtMostOneAndLinear]
2025-09-16 03:52:56,483 | INFO | [phase1]   1.98e-04s  0.00e+00d  [operations_research::sat::CpModelPresolver::DetectDuplicateConstraints]
2025-09-16 03:52:56,484 | INFO | [phase1]   8.94e-05s  0.00e+00d  [operations_research::sat::CpModelPresolver::DetectDuplicateConstraintsWithDifferentEnforcements]
2025-09-16 03:52:56,485 | INFO | [phase1]   1.06e-04s  0.00e+00d  [operations_research::sat::CpModelPresolver::DetectDominatedLinearConstraints]
2025-09-16 03:52:56,491 | INFO | [phase1]   1.12e-04s  0.00e+00d  [operations_research::sat::CpModelPresolver::DetectDifferentVariables]
2025-09-16 03:52:56,493 | INFO | [phase1]   4.92e-04s  0.00e+00d  [operations_research::sat::CpModelPresolver::ProcessSetPPC]
2025-09-16 03:52:56,497 | INFO | [phase1]   1.95e-04s  0.00e+00d  [operations_research::sat::CpModelPresolver::FindAlmostIdenticalLinearConstraints]
2025-09-16 03:52:56,500 | INFO | [phase1]   2.16e-04s  0.00e+00d  [operations_research::sat::CpModelPresolver::FindBigAtMostOneAndLinearOverlap]
2025-09-16 03:52:56,502 | INFO | [phase1]   8.43e-05s  2.80e-07d  [operations_research::sat::CpModelPresolver::FindBigVerticalLinearOverlap]
2025-09-16 03:52:56,509 | INFO | [phase1]   1.63e-04s  0.00e+00d  [operations_research::sat::CpModelPresolver::FindBigHorizontalLinearOverlap]
2025-09-16 03:52:56,515 | INFO | [phase1]   1.80e-04s  0.00e+00d  [operations_research::sat::CpModelPresolver::MergeClauses]
2025-09-16 03:52:56,517 | INFO | [phase1]   6.13e-05s  0.00e+00d  [operations_research::sat::CpModelPresolver::PresolveToFixPoint]
2025-09-16 03:52:56,519 | INFO | [phase1]   2.11e-04s  0.00e+00d  [operations_research::sat::CpModelPresolver::PresolveToFixPoint]
2025-09-16 03:52:56,520 | INFO | [phase1]   1.90e-04s  0.00e+00d  [operations_research::sat::CpModelPresolver::DetectDuplicateColumns]
2025-09-16 03:52:56,523 | INFO | [phase1]   1.83e-04s  0.00e+00d  [operations_research::sat::CpModelPresolver::DetectDuplicateConstraints]
2025-09-16 03:52:56,528 | INFO | [phase1] [Symmetry] Graph for symmetry has 1'543 nodes and 0 arcs.
2025-09-16 03:52:56,531 | INFO | [phase1] [Symmetry] Symmetry computation done. time: 0.0002362 dtime: 9.258e-05
2025-09-16 03:52:56,534 | INFO | [phase1]   3.68e-05s  0.00e+00d  [operations_research::sat::CpModelPresolver::DetectDuplicateConstraintsWithDifferentEnforcements]
2025-09-16 03:52:56,535 | INFO | [phase1]   1.79e-03s  0.00e+00d  [operations_research::sat::CpModelPresolver::Probe]
2025-09-16 03:52:56,536 | INFO | [phase1]   1.09e-04s  0.00e+00d  [MaxClique]
2025-09-16 03:52:56,537 | INFO | [phase1]   1.08e-04s  0.00e+00d  [operations_research::sat::CpModelPresolver::PresolveToFixPoint]
2025-09-16 03:52:56,544 | INFO | [phase1]   6.73e-04s  0.00e+00d  [operations_research::sat::CpModelPresolver::ProcessAtMostOneAndLinear]
2025-09-16 03:52:56,548 | INFO | [phase1]   1.47e-04s  0.00e+00d  [operations_research::sat::CpModelPresolver::DetectDuplicateConstraints]
2025-09-16 03:52:56,550 | INFO | [phase1]   1.07e-04s  0.00e+00d  [operations_research::sat::CpModelPresolver::DetectDuplicateConstraintsWithDifferentEnforcements]
2025-09-16 03:52:56,551 | INFO | [phase1]   7.76e-05s  0.00e+00d  [operations_research::sat::CpModelPresolver::DetectDominatedLinearConstraints]
2025-09-16 03:52:56,552 | INFO | [phase1]   1.46e-04s  0.00e+00d  [operations_research::sat::CpModelPresolver::DetectDifferentVariables]
2025-09-16 03:52:56,554 | INFO | [phase1]   1.33e-04s  0.00e+00d  [operations_research::sat::CpModelPresolver::ProcessSetPPC]
2025-09-16 03:52:56,559 | INFO | [phase1]   2.08e-04s  0.00e+00d  [operations_research::sat::CpModelPresolver::FindAlmostIdenticalLinearConstraints]
2025-09-16 03:52:56,564 | INFO | [phase1]   2.63e-04s  0.00e+00d  [operations_research::sat::CpModelPresolver::FindBigAtMostOneAndLinearOverlap]
2025-09-16 03:52:56,565 | INFO | [phase1]   8.85e-05s  2.80e-07d  [operations_research::sat::CpModelPresolver::FindBigVerticalLinearOverlap]
2025-09-16 03:52:56,567 | INFO | [phase1]   1.65e-04s  0.00e+00d  [operations_research::sat::CpModelPresolver::FindBigHorizontalLinearOverlap]
2025-09-16 03:52:56,568 | INFO | [phase1]   1.77e-04s  0.00e+00d  [operations_research::sat::CpModelPresolver::MergeClauses]
2025-09-16 03:52:56,569 | INFO | [phase1]   5.65e-05s  0.00e+00d  [operations_research::sat::CpModelPresolver::PresolveToFixPoint]
2025-09-16 03:52:56,574 | INFO | [phase1]   2.26e-04s  0.00e+00d  [operations_research::sat::CpModelPresolver::ExpandObjective]
2025-09-16 03:52:56,578 | INFO | [phase1] 
2025-09-16 03:52:56,579 | INFO | [phase1] Presolve summary:
2025-09-16 03:52:56,580 | INFO | [phase1]   - 35 affine relations were detected.
2025-09-16 03:52:56,581 | INFO | [phase1]   - rule 'TODO linear2: contains a Boolean.' was applied 168 times.
2025-09-16 03:52:56,582 | INFO | [phase1]   - rule 'affine: new relation' was applied 35 times.
2025-09-16 03:52:56,583 | INFO | [phase1]   - rule 'at_most_one: empty or all false' was applied 147 times.
2025-09-16 03:52:56,584 | INFO | [phase1]   - rule 'at_most_one: removed literals' was applied 147 times.
2025-09-16 03:52:56,590 | INFO | [phase1]   - rule 'bool_and: non-reified.' was applied 42 times.
2025-09-16 03:52:56,594 | INFO | [phase1]   - rule 'bool_or: always true' was applied 7 times.
2025-09-16 03:52:56,595 | INFO | [phase1]   - rule 'bool_or: implications' was applied 84 times.
2025-09-16 03:52:56,596 | INFO | [phase1]   - rule 'deductions: 140 stored' was applied 1 time.
2025-09-16 03:52:56,597 | INFO | [phase1]   - rule 'dual: fix variable' was applied 14 times.
2025-09-16 03:52:56,598 | INFO | [phase1]   - rule 'enforcement: always false' was applied 441 times.
2025-09-16 03:52:56,604 | INFO | [phase1]   - rule 'enforcement: false literal' was applied 238 times.
2025-09-16 03:52:56,604 | INFO | [phase1]   - rule 'enforcement: true literal' was applied 196 times.
2025-09-16 03:52:56,610 | INFO | [phase1]   - rule 'int_prod: constant product' was applied 427 times.
2025-09-16 03:52:56,612 | INFO | [phase1]   - rule 'int_prod: removed constant expressions.' was applied 847 times.
2025-09-16 03:52:56,613 | INFO | [phase1]   - rule 'int_prod: unused affine target' was applied 7 times.
2025-09-16 03:52:56,614 | INFO | [phase1]   - rule 'int_square: reduced target domain.' was applied 49 times.
2025-09-16 03:52:56,615 | INFO | [phase1]   - rule 'lin_max: affine_max target domain reduced' was applied 7 times.
2025-09-16 03:52:56,618 | INFO | [phase1]   - rule 'lin_max: converted to equality' was applied 14 times.
2025-09-16 03:52:56,619 | INFO | [phase1]   - rule 'lin_max: removed exprs' was applied 21 times.
2025-09-16 03:52:56,625 | INFO | [phase1]   - rule 'lin_max: target domain reduced' was applied 14 times.
2025-09-16 03:52:56,630 | INFO | [phase1]   - rule 'linear1: always true' was applied 7 times.
2025-09-16 03:52:56,631 | INFO | [phase1]   - rule 'linear1: x in domain' was applied 463 times.
2025-09-16 03:52:56,633 | INFO | [phase1]   - rule 'linear: always true' was applied 594 times.
2025-09-16 03:52:56,634 | INFO | [phase1]   - rule 'linear: empty' was applied 519 times.
2025-09-16 03:52:56,641 | INFO | [phase1]   - rule 'linear: enforcement literal in expression' was applied 7 times.
2025-09-16 03:52:56,643 | INFO | [phase1]   - rule 'linear: fixed or dup variables' was applied 2'019 times.
2025-09-16 03:52:56,644 | INFO | [phase1]   - rule 'linear: negative clause' was applied 49 times.
2025-09-16 03:52:56,645 | INFO | [phase1]   - rule 'linear: positive clause' was applied 42 times.
2025-09-16 03:52:56,647 | INFO | [phase1]   - rule 'linear: reduced variable domains' was applied 526 times.
2025-09-16 03:52:56,648 | INFO | [phase1]   - rule 'linear: remapped using affine relations' was applied 63 times.
2025-09-16 03:52:56,649 | INFO | [phase1]   - rule 'linear: singleton column' was applied 7 times.
2025-09-16 03:52:56,650 | INFO | [phase1]   - rule 'linear: variable substitution 0' was applied 1 time.
2025-09-16 03:52:56,651 | INFO | [phase1]   - rule 'presolve: 1528 unused variables removed.' was applied 1 time.
2025-09-16 03:52:56,652 | INFO | [phase1]   - rule 'presolve: iteration' was applied 2 times.
2025-09-16 03:52:56,660 | INFO | [phase1]   - rule 'variables: both boolean and its negation fix the same variable' was applied 21 times.
2025-09-16 03:52:56,665 | INFO | [phase1]   - rule 'variables: both boolean and its negation imply same equality' was applied 7 times.
2025-09-16 03:52:56,666 | INFO | [phase1]   - rule 'variables: detect half reified value encoding' was applied 126 times.
2025-09-16 03:52:56,668 | INFO | [phase1] 
2025-09-16 03:52:56,674 | INFO | [phase1] Presolved optimization model '': (model_fingerprint: 0xc705e16f141fc4e1)
#Variables: 0 ( in objective) (0 primary variables)
2025-09-16 03:52:56,677 | INFO | [phase1] [Symmetry] Graph for symmetry has 0 nodes and 0 arcs.
2025-09-16 03:52:56,678 | INFO | [phase1] 
2025-09-16 03:52:56,680 | INFO | [phase1] Preloading model.
2025-09-16 03:52:56,681 | INFO | [phase1] #Bound   0.29s best:inf   next:[448,448]  initial_domain
2025-09-16 03:52:56,682 | INFO | [phase1] The solution hint is complete and is feasible. Its objective value is 448.
2025-09-16 03:52:56,687 | INFO | [phase1] #Model   0.29s var:0/0 constraints:0/0
2025-09-16 03:52:56,691 | INFO | [phase1] 
2025-09-16 03:52:56,691 | INFO | [phase1] Starting search at 0.30s with 8 workers.
2025-09-16 03:52:56,693 | INFO | [phase1] 5 full problem subsolvers: [default_lp, max_lp, no_lp, quick_restart, quick_restart_no_lp]
2025-09-16 03:52:56,695 | INFO | [phase1] 3 first solution subsolvers: [fj, fs_random, fs_random_no_lp]
2025-09-16 03:52:56,696 | INFO | [phase1] 3 interleaved subsolvers: [feasibility_pump, ls, rins/rens]
2025-09-16 03:52:56,698 | INFO | [phase1] 2 helper subsolvers: [neighborhood_helper, synchronization_agent]
2025-09-16 03:52:56,703 | INFO | [phase1] 
2025-09-16 03:52:56,707 | INFO | [phase1] #1       0.31s best:448   next:[]         default_lp
2025-09-16 03:52:56,708 | INFO | [phase1] #Done    0.31s default_lp
2025-09-16 03:52:56,715 | INFO | [phase1] 
2025-09-16 03:52:56,716 | INFO | [phase1] Task timing                      n [     min,      max]      avg      dev     time         n [     min,      max]      avg      dev    dtime
           'default_lp':         1 [  3.03ms,   3.03ms]   3.03ms   0.00ns   3.03ms         0 [  0.00ns,   0.00ns]   0.00ns   0.00ns   0.00ns
     'feasibility_pump':         1 [ 71.80us,  71.80us]  71.80us   0.00ns  71.80us         0 [  0.00ns,   0.00ns]   0.00ns   0.00ns   0.00ns
                   'fj':         0 [  0.00ns,   0.00ns]   0.00ns   0.00ns   0.00ns         0 [  0.00ns,   0.00ns]   0.00ns   0.00ns   0.00ns
            'fs_random':         1 [  2.68ms,   2.68ms]   2.68ms   0.00ns   2.68ms         0 [  0.00ns,   0.00ns]   0.00ns   0.00ns   0.00ns
      'fs_random_no_lp':         1 [  2.76ms,   2.76ms]   2.76ms   0.00ns   2.76ms         0 [  0.00ns,   0.00ns]   0.00ns   0.00ns   0.00ns
                   'ls':         0 [  0.00ns,   0.00ns]   0.00ns   0.00ns   0.00ns         0 [  0.00ns,   0.00ns]   0.00ns   0.00ns   0.00ns
               'max_lp':         1 [  2.99ms,   2.99ms]   2.99ms   0.00ns   2.99ms         0 [  0.00ns,   0.00ns]   0.00ns   0.00ns   0.00ns
                'no_lp':         1 [  2.94ms,   2.94ms]   2.94ms   0.00ns   2.94ms         0 [  0.00ns,   0.00ns]   0.00ns   0.00ns   0.00ns
        'quick_restart':         1 [  2.90ms,   2.90ms]   2.90ms   0.00ns   2.90ms         0 [  0.00ns,   0.00ns]   0.00ns   0.00ns   0.00ns
  'quick_restart_no_lp':         1 [  2.82ms,   2.82ms]   2.82ms   0.00ns   2.82ms         0 [  0.00ns,   0.00ns]   0.00ns   0.00ns   0.00ns
            'rins/rens':         0 [  0.00ns,   0.00ns]   0.00ns   0.00ns   0.00ns         0 [  0.00ns,   0.00ns]   0.00ns   0.00ns   0.00ns
2025-09-16 03:52:56,718 | INFO | [phase1] Search stats              Bools  Conflicts  Branches  Restarts  BoolPropag  IntegerPropag
           'default_lp':      0          0         0         0           0              1
            'fs_random':      0          0         0         0           0              0
      'fs_random_no_lp':      0          0         0         0           0              0
               'max_lp':      0          0         0         0           0              0
                'no_lp':      0          0         0         0           0              0
        'quick_restart':      0          0         0         0           0              0
  'quick_restart_no_lp':      0          0         0         0           0              0
2025-09-16 03:52:56,722 | INFO | [phase1] SAT stats                 ClassicMinim  LitRemoved  LitLearned  LitForgotten  Subsumed  MClauses  MDecisions  MLitTrue  MSubsumed  MLitRemoved  MReused
           'default_lp':             0           0           0             0         0         0           0         0          0            0        0
            'fs_random':             0           0           0             0         0         0           0         0          0            0        0
      'fs_random_no_lp':             0           0           0             0         0         0           0         0          0            0        0
               'max_lp':             0           0           0             0         0         0           0         0          0            0        0
                'no_lp':             0           0           0             0         0         0           0         0          0            0        0
        'quick_restart':             0           0           0             0         0         0           0         0          0            0        0
  'quick_restart_no_lp':             0           0           0             0         0         0           0         0          0            0        0
2025-09-16 03:52:56,723 | INFO | [phase1] LNS stats       Improv/Calls  Closed  Difficulty  TimeLimit
  'rins/rens':           0/0      0%    5.00e-01       0.10
2025-09-16 03:52:56,724 | INFO | [phase1] Solutions (1)    Num   Rank
  'default_lp':    1  [1,1]
2025-09-16 03:52:56,725 | INFO | [phase1] Objective bounds     Num
  'initial_domain':    1
2025-09-16 03:52:56,727 | INFO | [phase1] Solution repositories    Added  Queried  Synchro
  'feasible solutions':      1        0        1
   'fj solution hints':      0        0        0
        'lp solutions':      0        0        0
                'pump':      0        0
2025-09-16 03:52:56,729 | INFO | [phase1] CpSolverResponse summary:
status: OPTIMAL
objective: 448
best_bound: 448
integers: 1
booleans: 0
conflicts: 0
branches: 0
propagations: 0
integer_propagations: 1
restarts: 0
lp_iterations: 0
walltime: 0.334312
usertime: 0.334313
deterministic_time: 5.6e-07
gap_integral: 0
solution_fingerprint: 0x1f89d8db7e6fce8e
2025-09-16 03:52:56,734 | INFO | Phase-1 status=OPTIMAL objective(U)=448.0
2025-09-16 03:52:56,737 | INFO | 448.0
2025-09-16 03:52:56,821 | INFO | [wk_pen_count_0(0..4), wk_pen_count_1(0..4), wk_pen_count_2(0..4), wk_pen_count_3(0..4), wk_pen_count_4(0..4), wk_pen_count_5(0..4), wk_pen_count_6(0..4)]
2025-09-16 03:52:56,822 | INFO | Model built: |S|=22 |P|=7 |D|=31
2025-09-16 03:52:56,824 | INFO | Time budget total=1500.00s split: phase1=600.00s phase2=900.00s
2025-09-16 03:52:56,826 | INFO | Phase-2 solve: time=900.0s workers=16 rgap=1e-05 seed=1
2025-09-16 03:52:56,828 | INFO | Diversity threshold L=1, K=2
2025-09-16 03:52:56,837 | INFO | [phase2] 
2025-09-16 03:52:56,837 | INFO | [phase2] Starting CP-SAT solver v9.14.6206
2025-09-16 03:52:56,839 | INFO | [phase2] Parameters: random_seed: 1 max_time_in_seconds: 900 log_search_progress: true num_search_workers: 16 relative_gap_limit: 1e-05 log_to_stdout: false
2025-09-16 03:52:56,855 | INFO | [phase2] 
2025-09-16 03:52:56,873 | INFO | [phase2] Initial optimization model '': (model_fingerprint: 0xd88779c531954b8f)
#Variables: 2'133 (#ints: 1 in objective) (1'005 primary variables)
  - 1'030 Booleans in [0,1]
  - 7 in [-31,31]
  - 28 in [-1,1]
  - 21 in [0,2]
  - 21 in [0,3]
  - 14 in [0,4]
  - 35 in [0,22]
  - 462 in [0,31]
  - 7 in [0,40]
  - 217 in [0,961]
  - 21 in [0,968]
  - 28 in [0,1000]
  - 224 in [0,29791]
  - 7 in [0,100000]
  - 7 in [0,1000000000000000]
  - 2 in [0,1000000000000000000]
  - 2 constants in {0} 
#kAtMostOne: 147 (#literals: 294)
#kIntProd: 455
#kLinMax: 42 (#expressions: 287)
#kLinear1: 1'183 (#enforced: 651 #multi: 210)
#kLinear2: 1'484 (#enforced: 427 #multi: 210)
#kLinear3: 406
#kLinearN: 151 (#terms: 1'744)
2025-09-16 03:52:56,878 | INFO | [phase2] 
2025-09-16 03:52:56,883 | INFO | [phase2] Starting presolve at 0.05s
2025-09-16 03:52:56,917 | INFO | [phase2]   1.01e-03s  0.00e+00d  [DetectDominanceRelations]
2025-09-16 03:52:56,918 | INFO | [phase2]   2.26e-02s  0.00e+00d  [operations_research::sat::CpModelPresolver::PresolveToFixPoint] #num_loops=2 #num_dual_strengthening=1
2025-09-16 03:52:56,921 | INFO | [phase2]   2.03e-04s  0.00e+00d  [operations_research::sat::CpModelPresolver::ExtractEncodingFromLinear]
2025-09-16 03:52:56,927 | INFO | [phase2]   1.55e-04s  0.00e+00d  [operations_research::sat::CpModelPresolver::DetectDuplicateColumns]
2025-09-16 03:52:56,928 | INFO | [phase2]   2.67e-04s  0.00e+00d  [operations_research::sat::CpModelPresolver::DetectDuplicateConstraints]
2025-09-16 03:52:56,932 | INFO | [phase2]   1.55e-04s  0.00e+00d  [operations_research::sat::CpModelPresolver::DetectDuplicateConstraintsWithDifferentEnforcements]
2025-09-16 03:52:56,933 | INFO | [phase2]   2.52e-03s  1.40e-07d  [operations_research::sat::CpModelPresolver::Probe]
2025-09-16 03:52:56,935 | INFO | [phase2]   1.04e-04s  0.00e+00d  [MaxClique]
2025-09-16 03:52:56,945 | INFO | [phase2]   8.27e-04s  0.00e+00d  [DetectDominanceRelations]
2025-09-16 03:52:56,946 | INFO | [phase2]   3.59e-03s  0.00e+00d  [operations_research::sat::CpModelPresolver::PresolveToFixPoint] #num_loops=2 #num_dual_strengthening=1
2025-09-16 03:52:56,947 | INFO | [phase2]   6.98e-05s  0.00e+00d  [operations_research::sat::CpModelPresolver::ProcessAtMostOneAndLinear]
2025-09-16 03:52:56,948 | INFO | [phase2]   2.29e-04s  0.00e+00d  [operations_research::sat::CpModelPresolver::DetectDuplicateConstraints]
2025-09-16 03:52:56,949 | INFO | [phase2]   2.32e-04s  0.00e+00d  [operations_research::sat::CpModelPresolver::DetectDuplicateConstraintsWithDifferentEnforcements]
2025-09-16 03:52:56,953 | INFO | [phase2]   9.30e-05s  0.00e+00d  [operations_research::sat::CpModelPresolver::DetectDominatedLinearConstraints]
2025-09-16 03:52:56,957 | INFO | [phase2]   1.97e-04s  0.00e+00d  [operations_research::sat::CpModelPresolver::DetectDifferentVariables]
2025-09-16 03:52:56,959 | INFO | [phase2]   2.02e-04s  0.00e+00d  [operations_research::sat::CpModelPresolver::ProcessSetPPC]
2025-09-16 03:52:56,963 | INFO | [phase2]   1.42e-04s  0.00e+00d  [operations_research::sat::CpModelPresolver::FindAlmostIdenticalLinearConstraints]
2025-09-16 03:52:56,965 | INFO | [phase2]   3.36e-04s  0.00e+00d  [operations_research::sat::CpModelPresolver::FindBigAtMostOneAndLinearOverlap]
2025-09-16 03:52:56,965 | INFO | [phase2]   1.11e-04s  4.90e-07d  [operations_research::sat::CpModelPresolver::FindBigVerticalLinearOverlap]
2025-09-16 03:52:56,967 | INFO | [phase2]   1.00e-04s  0.00e+00d  [operations_research::sat::CpModelPresolver::FindBigHorizontalLinearOverlap]
2025-09-16 03:52:56,968 | INFO | [phase2]   1.65e-04s  0.00e+00d  [operations_research::sat::CpModelPresolver::MergeClauses]
2025-09-16 03:52:56,971 | INFO | [phase2]   7.17e-04s  0.00e+00d  [DetectDominanceRelations]
2025-09-16 03:52:56,974 | INFO | [phase2]   4.63e-03s  0.00e+00d  [operations_research::sat::CpModelPresolver::PresolveToFixPoint] #num_loops=1 #num_dual_strengthening=1
2025-09-16 03:52:56,979 | INFO | [phase2]   1.10e-03s  0.00e+00d  [DetectDominanceRelations]
2025-09-16 03:52:56,980 | INFO | [phase2]   3.62e-03s  0.00e+00d  [operations_research::sat::CpModelPresolver::PresolveToFixPoint] #num_loops=1 #num_dual_strengthening=1
2025-09-16 03:52:56,986 | INFO | [phase2]   2.94e-04s  0.00e+00d  [operations_research::sat::CpModelPresolver::DetectDuplicateColumns]
2025-09-16 03:52:56,988 | INFO | [phase2]   3.13e-04s  0.00e+00d  [operations_research::sat::CpModelPresolver::DetectDuplicateConstraints]
2025-09-16 03:52:56,994 | INFO | [phase2]   1.55e-04s  0.00e+00d  [operations_research::sat::CpModelPresolver::DetectDuplicateConstraintsWithDifferentEnforcements]
2025-09-16 03:52:56,995 | INFO | [phase2]   2.75e-03s  1.40e-07d  [operations_research::sat::CpModelPresolver::Probe]
2025-09-16 03:52:56,996 | INFO | [phase2]   1.08e-04s  0.00e+00d  [MaxClique]
2025-09-16 03:52:57,001 | INFO | [phase2]   8.75e-04s  0.00e+00d  [DetectDominanceRelations]
2025-09-16 03:52:57,008 | INFO | [phase2]   9.09e-03s  0.00e+00d  [operations_research::sat::CpModelPresolver::PresolveToFixPoint] #num_loops=1 #num_dual_strengthening=1
2025-09-16 03:52:57,009 | INFO | [phase2]   9.93e-05s  0.00e+00d  [operations_research::sat::CpModelPresolver::ProcessAtMostOneAndLinear]
2025-09-16 03:52:57,016 | INFO | [phase2]   3.62e-04s  0.00e+00d  [operations_research::sat::CpModelPresolver::DetectDuplicateConstraints]
2025-09-16 03:52:57,020 | INFO | [phase2]   2.35e-04s  0.00e+00d  [operations_research::sat::CpModelPresolver::DetectDuplicateConstraintsWithDifferentEnforcements]
2025-09-16 03:52:57,023 | INFO | [phase2]   8.50e-05s  0.00e+00d  [operations_research::sat::CpModelPresolver::DetectDominatedLinearConstraints]
2025-09-16 03:52:57,025 | INFO | [phase2]   1.17e-04s  0.00e+00d  [operations_research::sat::CpModelPresolver::DetectDifferentVariables]
2025-09-16 03:52:57,027 | INFO | [phase2]   1.00e-04s  0.00e+00d  [operations_research::sat::CpModelPresolver::ProcessSetPPC]
2025-09-16 03:52:57,028 | INFO | [phase2]   1.18e-04s  0.00e+00d  [operations_research::sat::CpModelPresolver::FindAlmostIdenticalLinearConstraints]
2025-09-16 03:52:57,030 | INFO | [phase2]   2.97e-04s  0.00e+00d  [operations_research::sat::CpModelPresolver::FindBigAtMostOneAndLinearOverlap]
2025-09-16 03:52:57,031 | INFO | [phase2]   9.75e-05s  4.90e-07d  [operations_research::sat::CpModelPresolver::FindBigVerticalLinearOverlap]
2025-09-16 03:52:57,032 | INFO | [phase2]   9.81e-05s  0.00e+00d  [operations_research::sat::CpModelPresolver::FindBigHorizontalLinearOverlap]
2025-09-16 03:52:57,034 | INFO | [phase2]   2.36e-04s  0.00e+00d  [operations_research::sat::CpModelPresolver::MergeClauses]
2025-09-16 03:52:57,044 | INFO | [phase2]   1.37e-03s  0.00e+00d  [DetectDominanceRelations]
2025-09-16 03:52:57,045 | INFO | [phase2]   3.27e-03s  0.00e+00d  [operations_research::sat::CpModelPresolver::PresolveToFixPoint] #num_loops=1 #num_dual_strengthening=1
2025-09-16 03:52:57,046 | INFO | [phase2]   2.88e-04s  0.00e+00d  [operations_research::sat::CpModelPresolver::ExpandObjective]
2025-09-16 03:52:57,048 | INFO | [phase2] 
2025-09-16 03:52:57,052 | INFO | [phase2] Presolve summary:
2025-09-16 03:52:57,053 | INFO | [phase2]   - 35 affine relations were detected.
2025-09-16 03:52:57,054 | INFO | [phase2]   - rule 'TODO dual: only one blocking constraint?' was applied 252 times.
2025-09-16 03:52:57,056 | INFO | [phase2]   - rule 'TODO linear2: contains a Boolean.' was applied 168 times.
2025-09-16 03:52:57,063 | INFO | [phase2]   - rule 'affine: new relation' was applied 35 times.
2025-09-16 03:52:57,066 | INFO | [phase2]   - rule 'at_most_one: empty or all false' was applied 147 times.
2025-09-16 03:52:57,071 | INFO | [phase2]   - rule 'at_most_one: removed literals' was applied 147 times.
2025-09-16 03:52:57,072 | INFO | [phase2]   - rule 'bool_and: non-reified.' was applied 42 times.
2025-09-16 03:52:57,073 | INFO | [phase2]   - rule 'bool_or: always true' was applied 7 times.
2025-09-16 03:52:57,079 | INFO | [phase2]   - rule 'bool_or: implications' was applied 84 times.
2025-09-16 03:52:57,081 | INFO | [phase2]   - rule 'deductions: 140 stored' was applied 1 time.
2025-09-16 03:52:57,087 | INFO | [phase2]   - rule 'enforcement: always false' was applied 441 times.
2025-09-16 03:52:57,088 | INFO | [phase2]   - rule 'enforcement: false literal' was applied 238 times.
2025-09-16 03:52:57,089 | INFO | [phase2]   - rule 'enforcement: true literal' was applied 196 times.
2025-09-16 03:52:57,090 | INFO | [phase2]   - rule 'int_prod: constant product' was applied 434 times.
2025-09-16 03:52:57,096 | INFO | [phase2]   - rule 'int_prod: removed constant expressions.' was applied 861 times.
2025-09-16 03:52:57,097 | INFO | [phase2]   - rule 'int_prod: unused affine target' was applied 7 times.
2025-09-16 03:52:57,102 | INFO | [phase2]   - rule 'int_square: reduced target domain.' was applied 63 times.
2025-09-16 03:52:57,103 | INFO | [phase2]   - rule 'lin_max: all exprs fixed during copy' was applied 28 times.
2025-09-16 03:52:57,104 | INFO | [phase2]   - rule 'lin_max: converted to equality' was applied 7 times.
2025-09-16 03:52:57,106 | INFO | [phase2]   - rule 'lin_max: reduced expression domain.' was applied 28 times.
2025-09-16 03:52:57,107 | INFO | [phase2]   - rule 'lin_max: removed exprs' was applied 14 times.
2025-09-16 03:52:57,108 | INFO | [phase2]   - rule 'lin_max: target domain reduced' was applied 7 times.
2025-09-16 03:52:57,113 | INFO | [phase2]   - rule 'lin_max: x = max(x, ...)' was applied 7 times.
2025-09-16 03:52:57,119 | INFO | [phase2]   - rule 'linear1: always true' was applied 14 times.
2025-09-16 03:52:57,120 | INFO | [phase2]   - rule 'linear1: x in domain' was applied 1'024 times.
2025-09-16 03:52:57,131 | INFO | [phase2]   - rule 'linear: always true' was applied 945 times.
2025-09-16 03:52:57,131 | INFO | [phase2]   - rule 'linear: empty' was applied 505 times.
2025-09-16 03:52:57,133 | INFO | [phase2]   - rule 'linear: enforcement literal in expression' was applied 7 times.
2025-09-16 03:52:57,138 | INFO | [phase2]   - rule 'linear: fixed or dup variables' was applied 1'999 times.
2025-09-16 03:52:57,140 | INFO | [phase2]   - rule 'linear: negative clause' was applied 49 times.
2025-09-16 03:52:57,141 | INFO | [phase2]   - rule 'linear: positive clause' was applied 42 times.
2025-09-16 03:52:57,143 | INFO | [phase2]   - rule 'linear: reduced variable domains' was applied 519 times.
2025-09-16 03:52:57,144 | INFO | [phase2]   - rule 'linear: remapped using affine relations' was applied 63 times.
2025-09-16 03:52:57,148 | INFO | [phase2]   - rule 'linear: variable substitution 0' was applied 1 time.
2025-09-16 03:52:57,149 | INFO | [phase2]   - rule 'linear: variable substitution 1' was applied 7 times.
2025-09-16 03:52:57,153 | INFO | [phase2]   - rule 'presolve: 2090 unused variables removed.' was applied 1 time.
2025-09-16 03:52:57,154 | INFO | [phase2]   - rule 'presolve: iteration' was applied 2 times.
2025-09-16 03:52:57,155 | INFO | [phase2]   - rule 'variables: both boolean and its negation fix the same variable' was applied 21 times.
2025-09-16 03:52:57,156 | INFO | [phase2]   - rule 'variables: both boolean and its negation imply same equality' was applied 7 times.
2025-09-16 03:52:57,159 | INFO | [phase2]   - rule 'variables: detect half reified value encoding' was applied 126 times.
2025-09-16 03:52:57,164 | INFO | [phase2] 
2025-09-16 03:52:57,166 | INFO | [phase2] Presolved optimization model '': (model_fingerprint: 0xd64395d635c6e163)
#Variables: 28 (#ints: 14 in objective) (14 primary variables)
  - 7 in [0,1][4][9][16][25][36][49][64][81][100][ ... 169][196][225][256][289][324][361][400][441][484]
  - 7 in [0,22]
  - 7 in [3,22]
  - 7 in [9][16][25][36][49][64][81][100][121][144][169][196][225][256][289][324][361][400][441][484]
#kIntProd: 14
2025-09-16 03:52:57,167 | INFO | [phase2] 
2025-09-16 03:52:57,169 | INFO | [phase2] Preloading model.
2025-09-16 03:52:57,171 | INFO | [phase2] #Bound   0.33s best:inf   next:[315000,33880000] initial_domain
2025-09-16 03:52:57,172 | INFO | [phase2] #Model   0.34s var:28/28 constraints:14/14 compo:2,2,2,2,2,2,2,2,2,2,...
2025-09-16 03:52:57,173 | INFO | [phase2] 
2025-09-16 03:52:57,174 | INFO | [phase2] Starting search at 0.34s with 16 workers.
2025-09-16 03:52:57,176 | INFO | [phase2] 11 full problem subsolvers: [core, default_lp, lb_tree_search, max_lp, no_lp, objective_lb_search, probing, pseudo_costs, quick_restart, quick_restart_no_lp, reduced_costs]
2025-09-16 03:52:57,178 | INFO | [phase2] 5 first solution subsolvers: [fj(2), fs_random, fs_random_no_lp, fs_random_quick_restart_no_lp]
2025-09-16 03:52:57,186 | INFO | [phase2] 11 interleaved subsolvers: [feasibility_pump, graph_arc_lns, graph_cst_lns, graph_dec_lns, graph_var_lns, lb_relax_lns, ls, ls_lin, rins/rens, rnd_cst_lns, rnd_var_lns]
2025-09-16 03:52:57,187 | INFO | [phase2] 3 helper subsolvers: [neighborhood_helper, synchronization_agent, update_gap_integral]
2025-09-16 03:52:57,188 | INFO | [phase2] 
2025-09-16 03:52:57,191 | INFO | [phase2] #1       0.35s best:315000 next:[]         no_lp (fixed_bools=0/14)
2025-09-16 03:52:57,196 | INFO | [phase2] #Done    0.36s no_lp
2025-09-16 03:52:57,200 | INFO | [phase2] #Done    0.36s core
2025-09-16 03:52:57,214 | INFO | [phase2] 
2025-09-16 03:52:57,215 | INFO | [phase2] Task timing                                n [     min,      max]      avg      dev     time         n [     min,      max]      avg      dev    dtime
                           'core':         1 [ 11.50ms,  11.50ms]  11.50ms   0.00ns  11.50ms         1 [  4.63us,   4.63us]   4.63us   0.00ns   4.63us
                     'default_lp':         1 [  7.51ms,   7.51ms]   7.51ms   0.00ns   7.51ms         0 [  0.00ns,   0.00ns]   0.00ns   0.00ns   0.00ns
               'feasibility_pump':         1 [  1.29ms,   1.29ms]   1.29ms   0.00ns   1.29ms         0 [  0.00ns,   0.00ns]   0.00ns   0.00ns   0.00ns
                             'fj':         0 [  0.00ns,   0.00ns]   0.00ns   0.00ns   0.00ns         0 [  0.00ns,   0.00ns]   0.00ns   0.00ns   0.00ns
                             'fj':         1 [905.40us, 905.40us] 905.40us   0.00ns 905.40us         0 [  0.00ns,   0.00ns]   0.00ns   0.00ns   0.00ns
                      'fs_random':         1 [  1.83ms,   1.83ms]   1.83ms   0.00ns   1.83ms         0 [  0.00ns,   0.00ns]   0.00ns   0.00ns   0.00ns
                'fs_random_no_lp':         1 [  3.98ms,   3.98ms]   3.98ms   0.00ns   3.98ms         0 [  0.00ns,   0.00ns]   0.00ns   0.00ns   0.00ns
  'fs_random_quick_restart_no_lp':         1 [  1.53ms,   1.53ms]   1.53ms   0.00ns   1.53ms         0 [  0.00ns,   0.00ns]   0.00ns   0.00ns   0.00ns
                  'graph_arc_lns':         0 [  0.00ns,   0.00ns]   0.00ns   0.00ns   0.00ns         0 [  0.00ns,   0.00ns]   0.00ns   0.00ns   0.00ns
                  'graph_cst_lns':         0 [  0.00ns,   0.00ns]   0.00ns   0.00ns   0.00ns         0 [  0.00ns,   0.00ns]   0.00ns   0.00ns   0.00ns
                  'graph_dec_lns':         0 [  0.00ns,   0.00ns]   0.00ns   0.00ns   0.00ns         0 [  0.00ns,   0.00ns]   0.00ns   0.00ns   0.00ns
                  'graph_var_lns':         0 [  0.00ns,   0.00ns]   0.00ns   0.00ns   0.00ns         0 [  0.00ns,   0.00ns]   0.00ns   0.00ns   0.00ns
                   'lb_relax_lns':         0 [  0.00ns,   0.00ns]   0.00ns   0.00ns   0.00ns         0 [  0.00ns,   0.00ns]   0.00ns   0.00ns   0.00ns
                 'lb_tree_search':         1 [  4.37ms,   4.37ms]   4.37ms   0.00ns   4.37ms         0 [  0.00ns,   0.00ns]   0.00ns   0.00ns   0.00ns
                             'ls':         0 [  0.00ns,   0.00ns]   0.00ns   0.00ns   0.00ns         0 [  0.00ns,   0.00ns]   0.00ns   0.00ns   0.00ns
                         'ls_lin':         0 [  0.00ns,   0.00ns]   0.00ns   0.00ns   0.00ns         0 [  0.00ns,   0.00ns]   0.00ns   0.00ns   0.00ns
                         'max_lp':         1 [ 11.29ms,  11.29ms]  11.29ms   0.00ns  11.29ms         0 [  0.00ns,   0.00ns]   0.00ns   0.00ns   0.00ns
                          'no_lp':         1 [  6.99ms,   6.99ms]   6.99ms   0.00ns   6.99ms         1 [  3.07us,   3.07us]   3.07us   0.00ns   3.07us
            'objective_lb_search':         1 [  4.11ms,   4.11ms]   4.11ms   0.00ns   4.11ms         0 [  0.00ns,   0.00ns]   0.00ns   0.00ns   0.00ns
                        'probing':         1 [  4.17ms,   4.17ms]   4.17ms   0.00ns   4.17ms         0 [  0.00ns,   0.00ns]   0.00ns   0.00ns   0.00ns
                   'pseudo_costs':         1 [  4.61ms,   4.61ms]   4.61ms   0.00ns   4.61ms         0 [  0.00ns,   0.00ns]   0.00ns   0.00ns   0.00ns
                  'quick_restart':         1 [  6.82ms,   6.82ms]   6.82ms   0.00ns   6.82ms         0 [  0.00ns,   0.00ns]   0.00ns   0.00ns   0.00ns
            'quick_restart_no_lp':         1 [  6.16ms,   6.16ms]   6.16ms   0.00ns   6.16ms         0 [  0.00ns,   0.00ns]   0.00ns   0.00ns   0.00ns
                  'reduced_costs':         1 [ 10.73ms,  10.73ms]  10.73ms   0.00ns  10.73ms         0 [  0.00ns,   0.00ns]   0.00ns   0.00ns   0.00ns
                      'rins/rens':         0 [  0.00ns,   0.00ns]   0.00ns   0.00ns   0.00ns         0 [  0.00ns,   0.00ns]   0.00ns   0.00ns   0.00ns
                    'rnd_cst_lns':         0 [  0.00ns,   0.00ns]   0.00ns   0.00ns   0.00ns         0 [  0.00ns,   0.00ns]   0.00ns   0.00ns   0.00ns
                    'rnd_var_lns':         0 [  0.00ns,   0.00ns]   0.00ns   0.00ns   0.00ns         0 [  0.00ns,   0.00ns]   0.00ns   0.00ns   0.00ns
2025-09-16 03:52:57,219 | INFO | [phase2] Search stats                        Bools  Conflicts  Branches  Restarts  BoolPropag  IntegerPropag
                           'core':     14          0        13         2          15             57
                     'default_lp':      0          0         0         0           0              0
                      'fs_random':      0          0         0         0           0              0
                'fs_random_no_lp':      0          0         0         0           0              0
  'fs_random_quick_restart_no_lp':      0          0         0         0           0              0
                 'lb_tree_search':      0          0         0         0           0              0
                         'max_lp':      0          0         0         0           0              0
                          'no_lp':     14          0        14         1           0             29
            'objective_lb_search':      0          0         0         0           0              0
                        'probing':      0          0         0         0           0              0
                   'pseudo_costs':      0          0         0         0           0              0
                  'quick_restart':      0          0         0         0           0              0
            'quick_restart_no_lp':      0          0         0         0           0              0
                  'reduced_costs':      0          0         0         0           0              0
2025-09-16 03:52:57,221 | INFO | [phase2] SAT stats                           ClassicMinim  LitRemoved  LitLearned  LitForgotten  Subsumed  MClauses  MDecisions  MLitTrue  MSubsumed  MLitRemoved  MReused
                           'core':             0           0           0             0         0         0           0         0          0            0        0
                     'default_lp':             0           0           0             0         0         0           0         0          0            0        0
                      'fs_random':             0           0           0             0         0         0           0         0          0            0        0
                'fs_random_no_lp':             0           0           0             0         0         0           0         0          0            0        0
  'fs_random_quick_restart_no_lp':             0           0           0             0         0         0           0         0          0            0        0
                 'lb_tree_search':             0           0           0             0         0         0           0         0          0            0        0
                         'max_lp':             0           0           0             0         0         0           0         0          0            0        0
                          'no_lp':             0           0           0             0         0         0           0         0          0            0        0
            'objective_lb_search':             0           0           0             0         0         0           0         0          0            0        0
                        'probing':             0           0           0             0         0         0           0         0          0            0        0
                   'pseudo_costs':             0           0           0             0         0         0           0         0          0            0        0
                  'quick_restart':             0           0           0             0         0         0           0         0          0            0        0
            'quick_restart_no_lp':             0           0           0             0         0         0           0         0          0            0        0
                  'reduced_costs':             0           0           0             0         0         0           0         0          0            0        0
2025-09-16 03:52:57,223 | INFO | [phase2] Lp stats                  Component  Iterations  AddedCuts  OPTIMAL  DUAL_F.  DUAL_U.
           'default_lp':         14           0          0       14        0        0
       'lb_tree_search':         14           0          0        0        0        0
               'max_lp':         14           0          0       14        0        0
  'objective_lb_search':         14           0          0        0        0        0
              'probing':         14           0          0        0        0        0
         'pseudo_costs':         14           0          0        0        0        0
        'quick_restart':         14           0          0       14        0        0
        'reduced_costs':         14           0          0       14        0        0
2025-09-16 03:52:57,224 | INFO | [phase2] Lp dimension              Final dimension of first component
           'default_lp':        0 rows, 2 columns, 0 entries
       'lb_tree_search':        3 rows, 2 columns, 6 entries
               'max_lp':        3 rows, 2 columns, 6 entries
  'objective_lb_search':        0 rows, 2 columns, 0 entries
              'probing':        0 rows, 2 columns, 0 entries
         'pseudo_costs':        0 rows, 2 columns, 0 entries
        'quick_restart':        0 rows, 2 columns, 0 entries
        'reduced_costs':        0 rows, 2 columns, 0 entries
2025-09-16 03:52:57,232 | INFO | [phase2] Lp debug                  CutPropag  CutEqPropag  Adjust  Overflow  Bad  BadScaling
           'default_lp':          0            0       0         0    0           0
       'lb_tree_search':          0            0       0         0    0           0
               'max_lp':          0            0       0         0    0           0
  'objective_lb_search':          0            0       0         0    0           0
              'probing':          0            0       0         0    0           0
         'pseudo_costs':          0            0       0         0    0           0
        'quick_restart':          0            0       0         0    0           0
        'reduced_costs':          0            0       0         0    0           0
2025-09-16 03:52:57,236 | INFO | [phase2] Lp pool                   Constraints  Updates  Simplif  Merged  Shortened  Split  Strenghtened  Cuts/Call
           'default_lp':           42        0        0       0          0      0             0        0/0
       'lb_tree_search':           42        0        0       0          0      0             0        0/0
               'max_lp':           42        0        0       0          0      0             0       0/28
  'objective_lb_search':           42        0        0       0          0      0             0        0/0
              'probing':           42        0        0       0          0      0             0        0/0
         'pseudo_costs':           42        0        0       0          0      0             0        0/0
        'quick_restart':           42        0        0       0          0      0             0        0/0
        'reduced_costs':           42        0        0       0          0      0             0        0/0
2025-09-16 03:52:57,237 | INFO | [phase2] LNS stats           Improv/Calls  Closed  Difficulty  TimeLimit
  'graph_arc_lns':           0/0      0%    5.00e-01       0.10
  'graph_cst_lns':           0/0      0%    5.00e-01       0.10
  'graph_dec_lns':           0/0      0%    5.00e-01       0.10
  'graph_var_lns':           0/0      0%    5.00e-01       0.10
   'lb_relax_lns':           0/0      0%    5.00e-01       0.50
      'rins/rens':           0/0      0%    5.00e-01       0.10
    'rnd_cst_lns':           0/0      0%    5.00e-01       0.10
    'rnd_var_lns':           0/0      0%    5.00e-01       0.10
2025-09-16 03:52:57,238 | INFO | [phase2] Solutions (1)    Num   Rank
       'no_lp':    1  [1,1]
2025-09-16 03:52:57,239 | INFO | [phase2] Objective bounds     Num
  'initial_domain':    1
2025-09-16 03:52:57,241 | INFO | [phase2] Solution repositories    Added  Queried  Synchro
  'feasible solutions':      2        0        2
   'fj solution hints':      0        0        0
        'lp solutions':      0        0        0
                'pump':      0        0
2025-09-16 03:52:57,250 | INFO | [phase2] CpSolverResponse summary:
status: OPTIMAL
objective: 315000
best_bound: 315000
integers: 29
booleans: 0
conflicts: 0
branches: 0
propagations: 0
integer_propagations: 0
restarts: 0
lp_iterations: 0
walltime: 0.411436
usertime: 0.411437
deterministic_time: 8.96e-06
gap_integral: 5.32e-05
solution_fingerprint: 0x69d711836b0e2781
2025-09-16 03:52:57,256 | INFO | Phase-2 status=OPTIMAL
2025-09-16 03:52:57,260 | INFO | Phase-2 best objective=315000.0 best bound=315000.0
2025-09-16 03:52:57,262 | INFO | Pool collected=1
2025-09-16 03:52:57,266 | INFO | Selected tables=2 (requested K=2)
2025-09-16 03:52:57,266 | INFO | Selected objectives: [315000.0, 315000.0]
2025-09-16 03:52:57,390 | INFO | Wrote: Result_15\schedules.xlsx
2025-09-16 03:52:57,391 | INFO | Wrote: Result_15\hospital_schedule.xlsx
2025-09-16 03:52:57,394 | INFO | Wrote: Result_15\calendar.xlsx
2025-09-16 03:52:57,395 | INFO | Wrote: Result_15\eligibility_capacity.json
2025-09-16 03:52:57,395 | INFO | Wrote grid: Result_15\schedules.xlsx
2025-09-16 03:52:57,396 | INFO | Wrote hospital: Result_15\hospital_schedule.xlsx
2025-09-16 03:52:57,397 | INFO | Wrote calendar: Result_15\calendar.xlsx
2025-09-16 03:52:57,399 | INFO | Wrote run meta: Result_15\scheduler_log_20250916_035256.json
2025-09-16 03:52:57,407 | INFO | ===== SCHEDULER RUN COMPLETE 20250916_035256 =====
2025-09-16 03:52:57,466 | INFO | Logging to Result_15\scheduler_run.log
2025-09-16 03:52:57,467 | INFO | ===== SCHEDULER RUN 20250916_035257 =====
2025-09-16 03:52:57,471 | INFO | Args.case=C:\Users\sapper\AppData\Local\Temp\tmp2ny9hmyj.json
2025-09-16 03:52:57,473 | INFO | Loaded case with 31 days, 22 shifts, 7 providers
2025-09-16 03:52:57,474 | INFO | Run config: out=Result_15 k=2 seed=1 time=1500 L=1
2025-09-16 03:52:57,480 | INFO | Wrote: Result_15\constants_effective.log
2025-09-16 03:52:57,482 | INFO | Wrote capacity snapshot: Result_15\eligibility_capacity.json
2025-09-16 03:52:57,484 | INFO | Instance: |days|=31 |shifts|=22 |providers|=7 |types|=10
2025-09-16 03:52:57,488 | INFO | Weekend names: ['Saturday', 'Sunday']
2025-09-16 03:52:57,489 | INFO | Weekend indices: [3, 4, 10, 11, 17, 18, 24, 25]
2025-09-16 03:52:57,489 | INFO | Shift[0] keys: ['id', 'date', 'type', 'start', 'end', 'allowed_provider_types']
2025-09-16 03:52:57,490 | INFO | Provider[0] keys: ['id', 'name', 'type', 'max_consecutive_days', 'limits', 'forbidden_days_soft', 'forbidden_days_hard', 'preferred_days_hard', 'preferred_days_soft']
2025-09-16 03:52:57,491 | INFO | Provider types: ['MD_N', 'MD_S2']
2025-09-16 03:52:57,501 | INFO | max_consecutive_days per provider (0 means no cap): [12, 3, 2, 2, 4, 3, 3]
2025-09-16 03:52:57,720 | INFO | 0
2025-09-16 03:52:57,721 | INFO | 1
2025-09-16 03:52:57,723 | INFO | 2
2025-09-16 03:52:57,726 | INFO | 3
2025-09-16 03:52:57,728 | INFO | 4
2025-09-16 03:52:57,729 | INFO | 5
2025-09-16 03:52:57,731 | INFO | 6
2025-09-16 03:52:57,735 | INFO | Phase-1 solve: time=120.0s workers=8
2025-09-16 03:52:57,743 | INFO | [phase1] 
2025-09-16 03:52:57,744 | INFO | [phase1] Starting CP-SAT solver v9.14.6206
2025-09-16 03:52:57,749 | INFO | [phase1] Parameters: max_time_in_seconds: 120 log_search_progress: true num_search_workers: 8 log_to_stdout: false
2025-09-16 03:52:57,755 | INFO | [phase1] 
2025-09-16 03:52:57,772 | INFO | [phase1] Initial optimization model '': (model_fingerprint: 0x910604613e2ad2ca)
#Variables: 1'543 (#ints: 1 in objective) (754 primary variables)
  - 610 Booleans in [0,1]
  - 7 in [-31,31]
  - 7 in [0,22]
  - 448 in [0,31]
  - 217 in [0,961]
  - 28 in [0,1000]
  - 224 in [0,29791]
  - 1 in [0,1000000000000000000]
  - 1 constants in {0} 
#kAtMostOne: 147 (#literals: 294)
#kIntProd: 434
#kLinMax: 14 (#expressions: 231)
#kLinear1: 965 (#enforced: 651 #multi: 210)
#kLinear2: 1'043 (#enforced: 427 #multi: 210)
#kLinear3: 238
#kLinearN: 66 (#terms: 889)
2025-09-16 03:52:57,777 | INFO | [phase1] 
2025-09-16 03:52:57,780 | INFO | [phase1] Starting presolve at 0.04s
2025-09-16 03:52:57,810 | INFO | [phase1]   2.78e-03s  0.00e+00d  [DetectDominanceRelations]
2025-09-16 03:52:57,815 | INFO | [phase1]   2.20e-02s  0.00e+00d  [operations_research::sat::CpModelPresolver::PresolveToFixPoint] #num_loops=2 #num_dual_strengthening=1
2025-09-16 03:52:57,816 | INFO | [phase1]   1.24e-04s  0.00e+00d  [operations_research::sat::CpModelPresolver::ExtractEncodingFromLinear]
2025-09-16 03:52:57,828 | INFO | [phase1]   1.03e-04s  0.00e+00d  [operations_research::sat::CpModelPresolver::DetectDuplicateColumns]
2025-09-16 03:52:57,830 | INFO | [phase1]   1.42e-04s  0.00e+00d  [operations_research::sat::CpModelPresolver::DetectDuplicateConstraints]
2025-09-16 03:52:57,834 | INFO | [phase1] [Symmetry] Graph for symmetry has 1'543 nodes and 0 arcs.
2025-09-16 03:52:57,835 | INFO | [phase1] [Symmetry] Symmetry computation done. time: 0.0003865 dtime: 9.258e-05
2025-09-16 03:52:57,847 | INFO | [phase1]   6.32e-05s  0.00e+00d  [operations_research::sat::CpModelPresolver::DetectDuplicateConstraintsWithDifferentEnforcements]
2025-09-16 03:52:57,849 | INFO | [phase1]   3.00e-03s  0.00e+00d  [operations_research::sat::CpModelPresolver::Probe]
2025-09-16 03:52:57,850 | INFO | [phase1]   1.00e-04s  0.00e+00d  [MaxClique]
2025-09-16 03:52:57,863 | INFO | [phase1]   1.13e-04s  0.00e+00d  [operations_research::sat::CpModelPresolver::PresolveToFixPoint]
2025-09-16 03:52:57,865 | INFO | [phase1]   9.09e-05s  0.00e+00d  [operations_research::sat::CpModelPresolver::ProcessAtMostOneAndLinear]
2025-09-16 03:52:57,866 | INFO | [phase1]   1.07e-04s  0.00e+00d  [operations_research::sat::CpModelPresolver::DetectDuplicateConstraints]
2025-09-16 03:52:57,867 | INFO | [phase1]   1.46e-04s  0.00e+00d  [operations_research::sat::CpModelPresolver::DetectDuplicateConstraintsWithDifferentEnforcements]
2025-09-16 03:52:57,879 | INFO | [phase1]   8.05e-05s  0.00e+00d  [operations_research::sat::CpModelPresolver::DetectDominatedLinearConstraints]
2025-09-16 03:52:57,881 | INFO | [phase1]   1.40e-04s  0.00e+00d  [operations_research::sat::CpModelPresolver::DetectDifferentVariables]
2025-09-16 03:52:57,881 | INFO | [phase1]   9.64e-05s  0.00e+00d  [operations_research::sat::CpModelPresolver::ProcessSetPPC]
2025-09-16 03:52:57,889 | INFO | [phase1]   1.31e-04s  0.00e+00d  [operations_research::sat::CpModelPresolver::FindAlmostIdenticalLinearConstraints]
2025-09-16 03:52:57,896 | INFO | [phase1]   4.80e-04s  0.00e+00d  [operations_research::sat::CpModelPresolver::FindBigAtMostOneAndLinearOverlap]
2025-09-16 03:52:57,898 | INFO | [phase1]   8.99e-05s  2.80e-07d  [operations_research::sat::CpModelPresolver::FindBigVerticalLinearOverlap]
2025-09-16 03:52:57,899 | INFO | [phase1]   1.62e-04s  0.00e+00d  [operations_research::sat::CpModelPresolver::FindBigHorizontalLinearOverlap]
2025-09-16 03:52:57,906 | INFO | [phase1]   1.63e-04s  0.00e+00d  [operations_research::sat::CpModelPresolver::MergeClauses]
2025-09-16 03:52:57,912 | INFO | [phase1]   5.77e-05s  0.00e+00d  [operations_research::sat::CpModelPresolver::PresolveToFixPoint]
2025-09-16 03:52:57,913 | INFO | [phase1]   1.11e-04s  0.00e+00d  [operations_research::sat::CpModelPresolver::PresolveToFixPoint]
2025-09-16 03:52:57,915 | INFO | [phase1]   1.98e-04s  0.00e+00d  [operations_research::sat::CpModelPresolver::DetectDuplicateColumns]
2025-09-16 03:52:57,916 | INFO | [phase1]   1.44e-04s  0.00e+00d  [operations_research::sat::CpModelPresolver::DetectDuplicateConstraints]
2025-09-16 03:52:57,930 | INFO | [phase1] [Symmetry] Graph for symmetry has 1'543 nodes and 0 arcs.
2025-09-16 03:52:57,931 | INFO | [phase1] [Symmetry] Symmetry computation done. time: 0.0006313 dtime: 9.258e-05
2025-09-16 03:52:57,935 | INFO | [phase1]   5.65e-05s  0.00e+00d  [operations_research::sat::CpModelPresolver::DetectDuplicateConstraintsWithDifferentEnforcements]
2025-09-16 03:52:57,939 | INFO | [phase1]   6.14e-03s  0.00e+00d  [operations_research::sat::CpModelPresolver::Probe]
2025-09-16 03:52:57,943 | INFO | [phase1]   7.92e-05s  0.00e+00d  [MaxClique]
2025-09-16 03:52:57,944 | INFO | [phase1]   1.10e-04s  0.00e+00d  [operations_research::sat::CpModelPresolver::PresolveToFixPoint]
2025-09-16 03:52:57,945 | INFO | [phase1]   7.20e-05s  0.00e+00d  [operations_research::sat::CpModelPresolver::ProcessAtMostOneAndLinear]
2025-09-16 03:52:57,947 | INFO | [phase1]   1.32e-04s  0.00e+00d  [operations_research::sat::CpModelPresolver::DetectDuplicateConstraints]
2025-09-16 03:52:57,949 | INFO | [phase1]   1.19e-04s  0.00e+00d  [operations_research::sat::CpModelPresolver::DetectDuplicateConstraintsWithDifferentEnforcements]
2025-09-16 03:52:57,956 | INFO | [phase1]   1.18e-04s  0.00e+00d  [operations_research::sat::CpModelPresolver::DetectDominatedLinearConstraints]
2025-09-16 03:52:57,961 | INFO | [phase1]   1.37e-04s  0.00e+00d  [operations_research::sat::CpModelPresolver::DetectDifferentVariables]
2025-09-16 03:52:57,962 | INFO | [phase1]   1.02e-04s  0.00e+00d  [operations_research::sat::CpModelPresolver::ProcessSetPPC]
2025-09-16 03:52:57,963 | INFO | [phase1]   1.29e-04s  0.00e+00d  [operations_research::sat::CpModelPresolver::FindAlmostIdenticalLinearConstraints]
2025-09-16 03:52:57,964 | INFO | [phase1]   1.94e-04s  0.00e+00d  [operations_research::sat::CpModelPresolver::FindBigAtMostOneAndLinearOverlap]
2025-09-16 03:52:57,968 | INFO | [phase1]   7.86e-05s  2.80e-07d  [operations_research::sat::CpModelPresolver::FindBigVerticalLinearOverlap]
2025-09-16 03:52:57,969 | INFO | [phase1]   1.03e-04s  0.00e+00d  [operations_research::sat::CpModelPresolver::FindBigHorizontalLinearOverlap]
2025-09-16 03:52:57,972 | INFO | [phase1]   1.38e-04s  0.00e+00d  [operations_research::sat::CpModelPresolver::MergeClauses]
2025-09-16 03:52:57,973 | INFO | [phase1]   5.80e-05s  0.00e+00d  [operations_research::sat::CpModelPresolver::PresolveToFixPoint]
2025-09-16 03:52:57,977 | INFO | [phase1]   1.72e-04s  0.00e+00d  [operations_research::sat::CpModelPresolver::ExpandObjective]
2025-09-16 03:52:57,980 | INFO | [phase1] 
2025-09-16 03:52:57,981 | INFO | [phase1] Presolve summary:
2025-09-16 03:52:57,981 | INFO | [phase1]   - 35 affine relations were detected.
2025-09-16 03:52:57,994 | INFO | [phase1]   - rule 'TODO linear2: contains a Boolean.' was applied 168 times.
2025-09-16 03:52:57,995 | INFO | [phase1]   - rule 'affine: new relation' was applied 35 times.
2025-09-16 03:52:57,996 | INFO | [phase1]   - rule 'at_most_one: empty or all false' was applied 147 times.
2025-09-16 03:52:57,997 | INFO | [phase1]   - rule 'at_most_one: removed literals' was applied 147 times.
2025-09-16 03:52:58,002 | INFO | [phase1]   - rule 'bool_and: non-reified.' was applied 42 times.
2025-09-16 03:52:58,003 | INFO | [phase1]   - rule 'bool_or: always true' was applied 7 times.
2025-09-16 03:52:58,005 | INFO | [phase1]   - rule 'bool_or: implications' was applied 84 times.
2025-09-16 03:52:58,009 | INFO | [phase1]   - rule 'deductions: 140 stored' was applied 1 time.
2025-09-16 03:52:58,010 | INFO | [phase1]   - rule 'dual: fix variable' was applied 14 times.
2025-09-16 03:52:58,010 | INFO | [phase1]   - rule 'enforcement: always false' was applied 441 times.
2025-09-16 03:52:58,012 | INFO | [phase1]   - rule 'enforcement: false literal' was applied 238 times.
2025-09-16 03:52:58,013 | INFO | [phase1]   - rule 'enforcement: true literal' was applied 196 times.
2025-09-16 03:52:58,015 | INFO | [phase1]   - rule 'int_prod: constant product' was applied 427 times.
2025-09-16 03:52:58,022 | INFO | [phase1]   - rule 'int_prod: removed constant expressions.' was applied 847 times.
2025-09-16 03:52:58,024 | INFO | [phase1]   - rule 'int_prod: unused affine target' was applied 7 times.
2025-09-16 03:52:58,025 | INFO | [phase1]   - rule 'int_square: reduced target domain.' was applied 49 times.
2025-09-16 03:52:58,026 | INFO | [phase1]   - rule 'lin_max: affine_max target domain reduced' was applied 7 times.
2025-09-16 03:52:58,027 | INFO | [phase1]   - rule 'lin_max: converted to equality' was applied 14 times.
2025-09-16 03:52:58,027 | INFO | [phase1]   - rule 'lin_max: removed exprs' was applied 21 times.
2025-09-16 03:52:58,028 | INFO | [phase1]   - rule 'lin_max: target domain reduced' was applied 14 times.
2025-09-16 03:52:58,029 | INFO | [phase1]   - rule 'linear1: always true' was applied 7 times.
2025-09-16 03:52:58,030 | INFO | [phase1]   - rule 'linear1: x in domain' was applied 463 times.
2025-09-16 03:52:58,034 | INFO | [phase1]   - rule 'linear: always true' was applied 594 times.
2025-09-16 03:52:58,035 | INFO | [phase1]   - rule 'linear: empty' was applied 519 times.
2025-09-16 03:52:58,044 | INFO | [phase1]   - rule 'linear: enforcement literal in expression' was applied 7 times.
2025-09-16 03:52:58,048 | INFO | [phase1]   - rule 'linear: fixed or dup variables' was applied 2'019 times.
2025-09-16 03:52:58,050 | INFO | [phase1]   - rule 'linear: negative clause' was applied 49 times.
2025-09-16 03:52:58,050 | INFO | [phase1]   - rule 'linear: positive clause' was applied 42 times.
2025-09-16 03:52:58,060 | INFO | [phase1]   - rule 'linear: reduced variable domains' was applied 526 times.
2025-09-16 03:52:58,063 | INFO | [phase1]   - rule 'linear: remapped using affine relations' was applied 63 times.
2025-09-16 03:52:58,065 | INFO | [phase1]   - rule 'linear: singleton column' was applied 7 times.
2025-09-16 03:52:58,066 | INFO | [phase1]   - rule 'linear: variable substitution 0' was applied 1 time.
2025-09-16 03:52:58,073 | INFO | [phase1]   - rule 'presolve: 1528 unused variables removed.' was applied 1 time.
2025-09-16 03:52:58,080 | INFO | [phase1]   - rule 'presolve: iteration' was applied 2 times.
2025-09-16 03:52:58,081 | INFO | [phase1]   - rule 'variables: both boolean and its negation fix the same variable' was applied 21 times.
2025-09-16 03:52:58,083 | INFO | [phase1]   - rule 'variables: both boolean and its negation imply same equality' was applied 7 times.
2025-09-16 03:52:58,090 | INFO | [phase1]   - rule 'variables: detect half reified value encoding' was applied 126 times.
2025-09-16 03:52:58,098 | INFO | [phase1] 
2025-09-16 03:52:58,100 | INFO | [phase1] Presolved optimization model '': (model_fingerprint: 0xc705e16f141fc4e1)
#Variables: 0 ( in objective) (0 primary variables)
2025-09-16 03:52:58,101 | INFO | [phase1] [Symmetry] Graph for symmetry has 0 nodes and 0 arcs.
2025-09-16 03:52:58,106 | INFO | [phase1] 
2025-09-16 03:52:58,112 | INFO | [phase1] Preloading model.
2025-09-16 03:52:58,113 | INFO | [phase1] #Bound   0.37s best:inf   next:[448,448]  initial_domain
2025-09-16 03:52:58,114 | INFO | [phase1] The solution hint is complete and is feasible. Its objective value is 448.
2025-09-16 03:52:58,123 | INFO | [phase1] #Model   0.38s var:0/0 constraints:0/0
2025-09-16 03:52:58,128 | INFO | [phase1] 
2025-09-16 03:52:58,128 | INFO | [phase1] Starting search at 0.39s with 8 workers.
2025-09-16 03:52:58,130 | INFO | [phase1] 5 full problem subsolvers: [default_lp, max_lp, no_lp, quick_restart, quick_restart_no_lp]
2025-09-16 03:52:58,131 | INFO | [phase1] 3 first solution subsolvers: [fj, fs_random, fs_random_no_lp]
2025-09-16 03:52:58,132 | INFO | [phase1] 3 interleaved subsolvers: [feasibility_pump, ls, rins/rens]
2025-09-16 03:52:58,134 | INFO | [phase1] 2 helper subsolvers: [neighborhood_helper, synchronization_agent]
2025-09-16 03:52:58,135 | INFO | [phase1] 
2025-09-16 03:52:58,137 | INFO | [phase1] #1       0.39s best:448   next:[]         no_lp
2025-09-16 03:52:58,138 | INFO | [phase1] #Done    0.39s no_lp
2025-09-16 03:52:58,141 | INFO | [phase1] #Done    0.40s max_lp
2025-09-16 03:52:58,158 | INFO | [phase1] 
2025-09-16 03:52:58,160 | INFO | [phase1] Task timing                      n [     min,      max]      avg      dev     time         n [     min,      max]      avg      dev    dtime
           'default_lp':         1 [ 14.96ms,  14.96ms]  14.96ms   0.00ns  14.96ms         0 [  0.00ns,   0.00ns]   0.00ns   0.00ns   0.00ns
     'feasibility_pump':         1 [538.90us, 538.90us] 538.90us   0.00ns 538.90us         0 [  0.00ns,   0.00ns]   0.00ns   0.00ns   0.00ns
                   'fj':         0 [  0.00ns,   0.00ns]   0.00ns   0.00ns   0.00ns         0 [  0.00ns,   0.00ns]   0.00ns   0.00ns   0.00ns
            'fs_random':         1 [ 12.15ms,  12.15ms]  12.15ms   0.00ns  12.15ms         0 [  0.00ns,   0.00ns]   0.00ns   0.00ns   0.00ns
      'fs_random_no_lp':         1 [ 13.62ms,  13.62ms]  13.62ms   0.00ns  13.62ms         0 [  0.00ns,   0.00ns]   0.00ns   0.00ns   0.00ns
                   'ls':         0 [  0.00ns,   0.00ns]   0.00ns   0.00ns   0.00ns         0 [  0.00ns,   0.00ns]   0.00ns   0.00ns   0.00ns
               'max_lp':         1 [ 14.47ms,  14.47ms]  14.47ms   0.00ns  14.47ms         0 [  0.00ns,   0.00ns]   0.00ns   0.00ns   0.00ns
                'no_lp':         1 [  3.19ms,   3.19ms]   3.19ms   0.00ns   3.19ms         0 [  0.00ns,   0.00ns]   0.00ns   0.00ns   0.00ns
        'quick_restart':         1 [ 14.68ms,  14.68ms]  14.68ms   0.00ns  14.68ms         0 [  0.00ns,   0.00ns]   0.00ns   0.00ns   0.00ns
  'quick_restart_no_lp':         1 [ 14.40ms,  14.40ms]  14.40ms   0.00ns  14.40ms         0 [  0.00ns,   0.00ns]   0.00ns   0.00ns   0.00ns
            'rins/rens':         0 [  0.00ns,   0.00ns]   0.00ns   0.00ns   0.00ns         0 [  0.00ns,   0.00ns]   0.00ns   0.00ns   0.00ns
2025-09-16 03:52:58,162 | INFO | [phase1] Search stats              Bools  Conflicts  Branches  Restarts  BoolPropag  IntegerPropag
           'default_lp':      0          0         0         0           0              0
            'fs_random':      0          0         0         0           0              0
      'fs_random_no_lp':      0          0         0         0           0              0
               'max_lp':      0          0         0         0           0              1
                'no_lp':      0          0         0         0           0              1
        'quick_restart':      0          0         0         0           0              0
  'quick_restart_no_lp':      0          0         0         0           0              0
2025-09-16 03:52:58,164 | INFO | [phase1] SAT stats                 ClassicMinim  LitRemoved  LitLearned  LitForgotten  Subsumed  MClauses  MDecisions  MLitTrue  MSubsumed  MLitRemoved  MReused
           'default_lp':             0           0           0             0         0         0           0         0          0            0        0
            'fs_random':             0           0           0             0         0         0           0         0          0            0        0
      'fs_random_no_lp':             0           0           0             0         0         0           0         0          0            0        0
               'max_lp':             0           0           0             0         0         0           0         0          0            0        0
                'no_lp':             0           0           0             0         0         0           0         0          0            0        0
        'quick_restart':             0           0           0             0         0         0           0         0          0            0        0
  'quick_restart_no_lp':             0           0           0             0         0         0           0         0          0            0        0
2025-09-16 03:52:58,170 | INFO | [phase1] LNS stats       Improv/Calls  Closed  Difficulty  TimeLimit
  'rins/rens':           0/0      0%    5.00e-01       0.10
2025-09-16 03:52:58,171 | INFO | [phase1] Solutions (1)    Num   Rank
       'no_lp':    1  [1,1]
2025-09-16 03:52:58,172 | INFO | [phase1] Objective bounds     Num
  'initial_domain':    1
2025-09-16 03:52:58,173 | INFO | [phase1] Solution repositories    Added  Queried  Synchro
  'feasible solutions':      2        0        2
   'fj solution hints':      0        0        0
        'lp solutions':      0        0        0
                'pump':      0        0
2025-09-16 03:52:58,182 | INFO | [phase1] CpSolverResponse summary:
status: OPTIMAL
objective: 448
best_bound: 448
integers: 1
booleans: 0
conflicts: 0
branches: 0
propagations: 0
integer_propagations: 0
restarts: 0
lp_iterations: 0
walltime: 0.437675
usertime: 0.437675
deterministic_time: 5.6e-07
gap_integral: 0
solution_fingerprint: 0x1f89d8db7e6fce8e
2025-09-16 03:52:58,192 | INFO | Phase-1 status=OPTIMAL objective(U)=448.0
2025-09-16 03:52:58,193 | INFO | 448.0
2025-09-16 03:52:58,314 | INFO | [wk_pen_count_0(0..4), wk_pen_count_1(0..4), wk_pen_count_2(0..4), wk_pen_count_3(0..4), wk_pen_count_4(0..4), wk_pen_count_5(0..4), wk_pen_count_6(0..4)]
2025-09-16 03:52:58,315 | INFO | Model built: |S|=22 |P|=7 |D|=31
2025-09-16 03:52:58,317 | INFO | Time budget total=1500.00s split: phase1=600.00s phase2=900.00s
2025-09-16 03:52:58,327 | INFO | Phase-2 solve: time=900.0s workers=16 rgap=1e-05 seed=1
2025-09-16 03:52:58,328 | INFO | Diversity threshold L=1, K=2
2025-09-16 03:52:58,338 | INFO | [phase2] 
2025-09-16 03:52:58,339 | INFO | [phase2] Starting CP-SAT solver v9.14.6206
2025-09-16 03:52:58,340 | INFO | [phase2] Parameters: random_seed: 1 max_time_in_seconds: 900 log_search_progress: true num_search_workers: 16 relative_gap_limit: 1e-05 log_to_stdout: false
2025-09-16 03:52:58,349 | INFO | [phase2] 
2025-09-16 03:52:58,365 | INFO | [phase2] Initial optimization model '': (model_fingerprint: 0xd88779c531954b8f)
#Variables: 2'133 (#ints: 1 in objective) (1'005 primary variables)
  - 1'030 Booleans in [0,1]
  - 7 in [-31,31]
  - 28 in [-1,1]
  - 21 in [0,2]
  - 21 in [0,3]
  - 14 in [0,4]
  - 35 in [0,22]
  - 462 in [0,31]
  - 7 in [0,40]
  - 217 in [0,961]
  - 21 in [0,968]
  - 28 in [0,1000]
  - 224 in [0,29791]
  - 7 in [0,100000]
  - 7 in [0,1000000000000000]
  - 2 in [0,1000000000000000000]
  - 2 constants in {0} 
#kAtMostOne: 147 (#literals: 294)
#kIntProd: 455
#kLinMax: 42 (#expressions: 287)
#kLinear1: 1'183 (#enforced: 651 #multi: 210)
#kLinear2: 1'484 (#enforced: 427 #multi: 210)
#kLinear3: 406
#kLinearN: 151 (#terms: 1'744)
2025-09-16 03:52:58,367 | INFO | [phase2] 
2025-09-16 03:52:58,368 | INFO | [phase2] Starting presolve at 0.03s
2025-09-16 03:52:58,414 | INFO | [phase2]   8.26e-04s  0.00e+00d  [DetectDominanceRelations]
2025-09-16 03:52:58,415 | INFO | [phase2]   2.04e-02s  0.00e+00d  [operations_research::sat::CpModelPresolver::PresolveToFixPoint] #num_loops=2 #num_dual_strengthening=1
2025-09-16 03:52:58,418 | INFO | [phase2]   1.37e-04s  0.00e+00d  [operations_research::sat::CpModelPresolver::ExtractEncodingFromLinear]
2025-09-16 03:52:58,420 | INFO | [phase2]   1.42e-04s  0.00e+00d  [operations_research::sat::CpModelPresolver::DetectDuplicateColumns]
2025-09-16 03:52:58,421 | INFO | [phase2]   2.26e-04s  0.00e+00d  [operations_research::sat::CpModelPresolver::DetectDuplicateConstraints]
2025-09-16 03:52:58,437 | INFO | [phase2]   2.01e-04s  0.00e+00d  [operations_research::sat::CpModelPresolver::DetectDuplicateConstraintsWithDifferentEnforcements]
2025-09-16 03:52:58,437 | INFO | [phase2]   3.84e-03s  1.40e-07d  [operations_research::sat::CpModelPresolver::Probe]
2025-09-16 03:52:58,439 | INFO | [phase2]   8.60e-05s  0.00e+00d  [MaxClique]
2025-09-16 03:52:58,450 | INFO | [phase2]   8.38e-04s  0.00e+00d  [DetectDominanceRelations]
2025-09-16 03:52:58,451 | INFO | [phase2]   3.44e-03s  0.00e+00d  [operations_research::sat::CpModelPresolver::PresolveToFixPoint] #num_loops=2 #num_dual_strengthening=1
2025-09-16 03:52:58,453 | INFO | [phase2]   8.17e-05s  0.00e+00d  [operations_research::sat::CpModelPresolver::ProcessAtMostOneAndLinear]
2025-09-16 03:52:58,454 | INFO | [phase2]   2.78e-04s  0.00e+00d  [operations_research::sat::CpModelPresolver::DetectDuplicateConstraints]
2025-09-16 03:52:58,465 | INFO | [phase2]   2.26e-04s  0.00e+00d  [operations_research::sat::CpModelPresolver::DetectDuplicateConstraintsWithDifferentEnforcements]
2025-09-16 03:52:58,466 | INFO | [phase2]   8.85e-05s  0.00e+00d  [operations_research::sat::CpModelPresolver::DetectDominatedLinearConstraints]
2025-09-16 03:52:58,468 | INFO | [phase2]   3.38e-04s  0.00e+00d  [operations_research::sat::CpModelPresolver::DetectDifferentVariables]
2025-09-16 03:52:58,469 | INFO | [phase2]   7.59e-05s  0.00e+00d  [operations_research::sat::CpModelPresolver::ProcessSetPPC]
2025-09-16 03:52:58,471 | INFO | [phase2]   1.56e-04s  0.00e+00d  [operations_research::sat::CpModelPresolver::FindAlmostIdenticalLinearConstraints]
2025-09-16 03:52:58,472 | INFO | [phase2]   2.60e-04s  0.00e+00d  [operations_research::sat::CpModelPresolver::FindBigAtMostOneAndLinearOverlap]
2025-09-16 03:52:58,482 | INFO | [phase2]   3.35e-04s  4.90e-07d  [operations_research::sat::CpModelPresolver::FindBigVerticalLinearOverlap]
2025-09-16 03:52:58,486 | INFO | [phase2]   1.66e-04s  0.00e+00d  [operations_research::sat::CpModelPresolver::FindBigHorizontalLinearOverlap]
2025-09-16 03:52:58,497 | INFO | [phase2]   1.45e-04s  0.00e+00d  [operations_research::sat::CpModelPresolver::MergeClauses]
2025-09-16 03:52:58,498 | INFO | [phase2]   5.72e-04s  0.00e+00d  [DetectDominanceRelations]
2025-09-16 03:52:58,499 | INFO | [phase2]   1.70e-03s  0.00e+00d  [operations_research::sat::CpModelPresolver::PresolveToFixPoint] #num_loops=1 #num_dual_strengthening=1
2025-09-16 03:52:58,502 | INFO | [phase2]   7.72e-04s  0.00e+00d  [DetectDominanceRelations]
2025-09-16 03:52:58,502 | INFO | [phase2]   2.21e-03s  0.00e+00d  [operations_research::sat::CpModelPresolver::PresolveToFixPoint] #num_loops=1 #num_dual_strengthening=1
2025-09-16 03:52:58,509 | INFO | [phase2]   2.81e-04s  0.00e+00d  [operations_research::sat::CpModelPresolver::DetectDuplicateColumns]
2025-09-16 03:52:58,514 | INFO | [phase2]   2.25e-04s  0.00e+00d  [operations_research::sat::CpModelPresolver::DetectDuplicateConstraints]
2025-09-16 03:52:58,521 | INFO | [phase2]   1.77e-04s  0.00e+00d  [operations_research::sat::CpModelPresolver::DetectDuplicateConstraintsWithDifferentEnforcements]
2025-09-16 03:52:58,523 | INFO | [phase2]   3.39e-03s  1.40e-07d  [operations_research::sat::CpModelPresolver::Probe]
2025-09-16 03:52:58,528 | INFO | [phase2]   8.94e-05s  0.00e+00d  [MaxClique]
2025-09-16 03:52:58,531 | INFO | [phase2]   7.41e-04s  0.00e+00d  [DetectDominanceRelations]
2025-09-16 03:52:58,533 | INFO | [phase2]   2.99e-03s  0.00e+00d  [operations_research::sat::CpModelPresolver::PresolveToFixPoint] #num_loops=1 #num_dual_strengthening=1
2025-09-16 03:52:58,534 | INFO | [phase2]   6.96e-05s  0.00e+00d  [operations_research::sat::CpModelPresolver::ProcessAtMostOneAndLinear]
2025-09-16 03:52:58,535 | INFO | [phase2]   2.27e-04s  0.00e+00d  [operations_research::sat::CpModelPresolver::DetectDuplicateConstraints]
2025-09-16 03:52:58,536 | INFO | [phase2]   2.55e-04s  0.00e+00d  [operations_research::sat::CpModelPresolver::DetectDuplicateConstraintsWithDifferentEnforcements]
2025-09-16 03:52:58,537 | INFO | [phase2]   9.90e-05s  0.00e+00d  [operations_research::sat::CpModelPresolver::DetectDominatedLinearConstraints]
2025-09-16 03:52:58,544 | INFO | [phase2]   1.24e-04s  0.00e+00d  [operations_research::sat::CpModelPresolver::DetectDifferentVariables]
2025-09-16 03:52:58,548 | INFO | [phase2]   7.25e-05s  0.00e+00d  [operations_research::sat::CpModelPresolver::ProcessSetPPC]
2025-09-16 03:52:58,549 | INFO | [phase2]   1.18e-04s  0.00e+00d  [operations_research::sat::CpModelPresolver::FindAlmostIdenticalLinearConstraints]
2025-09-16 03:52:58,550 | INFO | [phase2]   2.51e-04s  0.00e+00d  [operations_research::sat::CpModelPresolver::FindBigAtMostOneAndLinearOverlap]
2025-09-16 03:52:58,551 | INFO | [phase2]   1.13e-04s  4.90e-07d  [operations_research::sat::CpModelPresolver::FindBigVerticalLinearOverlap]
2025-09-16 03:52:58,552 | INFO | [phase2]   1.44e-04s  0.00e+00d  [operations_research::sat::CpModelPresolver::FindBigHorizontalLinearOverlap]
2025-09-16 03:52:58,562 | INFO | [phase2]   1.67e-04s  0.00e+00d  [operations_research::sat::CpModelPresolver::MergeClauses]
2025-09-16 03:52:58,564 | INFO | [phase2]   8.28e-04s  0.00e+00d  [DetectDominanceRelations]
2025-09-16 03:52:58,565 | INFO | [phase2]   2.33e-03s  0.00e+00d  [operations_research::sat::CpModelPresolver::PresolveToFixPoint] #num_loops=1 #num_dual_strengthening=1
2025-09-16 03:52:58,566 | INFO | [phase2]   2.63e-04s  0.00e+00d  [operations_research::sat::CpModelPresolver::ExpandObjective]
2025-09-16 03:52:58,569 | INFO | [phase2] 
2025-09-16 03:52:58,575 | INFO | [phase2] Presolve summary:
2025-09-16 03:52:58,578 | INFO | [phase2]   - 35 affine relations were detected.
2025-09-16 03:52:58,580 | INFO | [phase2]   - rule 'TODO dual: only one blocking constraint?' was applied 252 times.
2025-09-16 03:52:58,581 | INFO | [phase2]   - rule 'TODO linear2: contains a Boolean.' was applied 168 times.
2025-09-16 03:52:58,582 | INFO | [phase2]   - rule 'affine: new relation' was applied 35 times.
2025-09-16 03:52:58,583 | INFO | [phase2]   - rule 'at_most_one: empty or all false' was applied 147 times.
2025-09-16 03:52:58,584 | INFO | [phase2]   - rule 'at_most_one: removed literals' was applied 147 times.
2025-09-16 03:52:58,587 | INFO | [phase2]   - rule 'bool_and: non-reified.' was applied 42 times.
2025-09-16 03:52:58,587 | INFO | [phase2]   - rule 'bool_or: always true' was applied 7 times.
2025-09-16 03:52:58,598 | INFO | [phase2]   - rule 'bool_or: implications' was applied 84 times.
2025-09-16 03:52:58,599 | INFO | [phase2]   - rule 'deductions: 140 stored' was applied 1 time.
2025-09-16 03:52:58,600 | INFO | [phase2]   - rule 'enforcement: always false' was applied 441 times.
2025-09-16 03:52:58,601 | INFO | [phase2]   - rule 'enforcement: false literal' was applied 238 times.
2025-09-16 03:52:58,602 | INFO | [phase2]   - rule 'enforcement: true literal' was applied 196 times.
2025-09-16 03:52:58,603 | INFO | [phase2]   - rule 'int_prod: constant product' was applied 434 times.
2025-09-16 03:52:58,605 | INFO | [phase2]   - rule 'int_prod: removed constant expressions.' was applied 861 times.
2025-09-16 03:52:58,606 | INFO | [phase2]   - rule 'int_prod: unused affine target' was applied 7 times.
2025-09-16 03:52:58,612 | INFO | [phase2]   - rule 'int_square: reduced target domain.' was applied 63 times.
2025-09-16 03:52:58,613 | INFO | [phase2]   - rule 'lin_max: all exprs fixed during copy' was applied 28 times.
2025-09-16 03:52:58,614 | INFO | [phase2]   - rule 'lin_max: converted to equality' was applied 7 times.
2025-09-16 03:52:58,616 | INFO | [phase2]   - rule 'lin_max: reduced expression domain.' was applied 28 times.
2025-09-16 03:52:58,617 | INFO | [phase2]   - rule 'lin_max: removed exprs' was applied 14 times.
2025-09-16 03:52:58,619 | INFO | [phase2]   - rule 'lin_max: target domain reduced' was applied 7 times.
2025-09-16 03:52:58,623 | INFO | [phase2]   - rule 'lin_max: x = max(x, ...)' was applied 7 times.
2025-09-16 03:52:58,627 | INFO | [phase2]   - rule 'linear1: always true' was applied 14 times.
2025-09-16 03:52:58,628 | INFO | [phase2]   - rule 'linear1: x in domain' was applied 1'024 times.
2025-09-16 03:52:58,629 | INFO | [phase2]   - rule 'linear: always true' was applied 945 times.
2025-09-16 03:52:58,630 | INFO | [phase2]   - rule 'linear: empty' was applied 505 times.
2025-09-16 03:52:58,631 | INFO | [phase2]   - rule 'linear: enforcement literal in expression' was applied 7 times.
2025-09-16 03:52:58,632 | INFO | [phase2]   - rule 'linear: fixed or dup variables' was applied 1'999 times.
2025-09-16 03:52:58,634 | INFO | [phase2]   - rule 'linear: negative clause' was applied 49 times.
2025-09-16 03:52:58,637 | INFO | [phase2]   - rule 'linear: positive clause' was applied 42 times.
2025-09-16 03:52:58,638 | INFO | [phase2]   - rule 'linear: reduced variable domains' was applied 519 times.
2025-09-16 03:52:58,645 | INFO | [phase2]   - rule 'linear: remapped using affine relations' was applied 63 times.
2025-09-16 03:52:58,646 | INFO | [phase2]   - rule 'linear: variable substitution 0' was applied 1 time.
2025-09-16 03:52:58,647 | INFO | [phase2]   - rule 'linear: variable substitution 1' was applied 7 times.
2025-09-16 03:52:58,648 | INFO | [phase2]   - rule 'presolve: 2090 unused variables removed.' was applied 1 time.
2025-09-16 03:52:58,649 | INFO | [phase2]   - rule 'presolve: iteration' was applied 2 times.
2025-09-16 03:52:58,651 | INFO | [phase2]   - rule 'variables: both boolean and its negation fix the same variable' was applied 21 times.
2025-09-16 03:52:58,654 | INFO | [phase2]   - rule 'variables: both boolean and its negation imply same equality' was applied 7 times.
2025-09-16 03:52:58,660 | INFO | [phase2]   - rule 'variables: detect half reified value encoding' was applied 126 times.
2025-09-16 03:52:58,663 | INFO | [phase2] 
2025-09-16 03:52:58,665 | INFO | [phase2] Presolved optimization model '': (model_fingerprint: 0xd64395d635c6e163)
#Variables: 28 (#ints: 14 in objective) (14 primary variables)
  - 7 in [0,1][4][9][16][25][36][49][64][81][100][ ... 169][196][225][256][289][324][361][400][441][484]
  - 7 in [0,22]
  - 7 in [3,22]
  - 7 in [9][16][25][36][49][64][81][100][121][144][169][196][225][256][289][324][361][400][441][484]
#kIntProd: 14
2025-09-16 03:52:58,667 | INFO | [phase2] 
2025-09-16 03:52:58,671 | INFO | [phase2] Preloading model.
2025-09-16 03:52:58,674 | INFO | [phase2] #Bound   0.34s best:inf   next:[315000,33880000] initial_domain
2025-09-16 03:52:58,676 | INFO | [phase2] #Model   0.34s var:28/28 constraints:14/14 compo:2,2,2,2,2,2,2,2,2,2,...
2025-09-16 03:52:58,679 | INFO | [phase2] 
2025-09-16 03:52:58,683 | INFO | [phase2] Starting search at 0.35s with 16 workers.
2025-09-16 03:52:58,686 | INFO | [phase2] 11 full problem subsolvers: [core, default_lp, lb_tree_search, max_lp, no_lp, objective_lb_search, probing, pseudo_costs, quick_restart, quick_restart_no_lp, reduced_costs]
2025-09-16 03:52:58,696 | INFO | [phase2] 5 first solution subsolvers: [fj(2), fs_random, fs_random_no_lp, fs_random_quick_restart_no_lp]
2025-09-16 03:52:58,697 | INFO | [phase2] 11 interleaved subsolvers: [feasibility_pump, graph_arc_lns, graph_cst_lns, graph_dec_lns, graph_var_lns, lb_relax_lns, ls, ls_lin, rins/rens, rnd_cst_lns, rnd_var_lns]
2025-09-16 03:52:58,701 | INFO | [phase2] 3 helper subsolvers: [neighborhood_helper, synchronization_agent, update_gap_integral]
2025-09-16 03:52:58,702 | INFO | [phase2] 
2025-09-16 03:52:58,711 | INFO | [phase2] #1       0.37s best:315000 next:[]         no_lp (fixed_bools=0/14)
2025-09-16 03:52:58,715 | INFO | [phase2] #Done    0.38s no_lp
2025-09-16 03:52:58,716 | INFO | [phase2] #Done    0.38s core
2025-09-16 03:52:58,734 | INFO | [phase2] 
2025-09-16 03:52:58,735 | INFO | [phase2] Task timing                                n [     min,      max]      avg      dev     time         n [     min,      max]      avg      dev    dtime
                           'core':         1 [  6.88ms,   6.88ms]   6.88ms   0.00ns   6.88ms         1 [  4.63us,   4.63us]   4.63us   0.00ns   4.63us
                     'default_lp':         1 [  6.32ms,   6.32ms]   6.32ms   0.00ns   6.32ms         0 [  0.00ns,   0.00ns]   0.00ns   0.00ns   0.00ns
               'feasibility_pump':         1 [247.00us, 247.00us] 247.00us   0.00ns 247.00us         0 [  0.00ns,   0.00ns]   0.00ns   0.00ns   0.00ns
                             'fj':         0 [  0.00ns,   0.00ns]   0.00ns   0.00ns   0.00ns         0 [  0.00ns,   0.00ns]   0.00ns   0.00ns   0.00ns
                             'fj':         1 [ 75.00us,  75.00us]  75.00us   0.00ns  75.00us         0 [  0.00ns,   0.00ns]   0.00ns   0.00ns   0.00ns
                      'fs_random':         1 [869.00us, 869.00us] 869.00us   0.00ns 869.00us         0 [  0.00ns,   0.00ns]   0.00ns   0.00ns   0.00ns
                'fs_random_no_lp':         1 [886.70us, 886.70us] 886.70us   0.00ns 886.70us         0 [  0.00ns,   0.00ns]   0.00ns   0.00ns   0.00ns
  'fs_random_quick_restart_no_lp':         1 [864.70us, 864.70us] 864.70us   0.00ns 864.70us         0 [  0.00ns,   0.00ns]   0.00ns   0.00ns   0.00ns
                  'graph_arc_lns':         0 [  0.00ns,   0.00ns]   0.00ns   0.00ns   0.00ns         0 [  0.00ns,   0.00ns]   0.00ns   0.00ns   0.00ns
                  'graph_cst_lns':         0 [  0.00ns,   0.00ns]   0.00ns   0.00ns   0.00ns         0 [  0.00ns,   0.00ns]   0.00ns   0.00ns   0.00ns
                  'graph_dec_lns':         0 [  0.00ns,   0.00ns]   0.00ns   0.00ns   0.00ns         0 [  0.00ns,   0.00ns]   0.00ns   0.00ns   0.00ns
                  'graph_var_lns':         0 [  0.00ns,   0.00ns]   0.00ns   0.00ns   0.00ns         0 [  0.00ns,   0.00ns]   0.00ns   0.00ns   0.00ns
                   'lb_relax_lns':         0 [  0.00ns,   0.00ns]   0.00ns   0.00ns   0.00ns         0 [  0.00ns,   0.00ns]   0.00ns   0.00ns   0.00ns
                 'lb_tree_search':         1 [708.00us, 708.00us] 708.00us   0.00ns 708.00us         0 [  0.00ns,   0.00ns]   0.00ns   0.00ns   0.00ns
                             'ls':         0 [  0.00ns,   0.00ns]   0.00ns   0.00ns   0.00ns         0 [  0.00ns,   0.00ns]   0.00ns   0.00ns   0.00ns
                         'ls_lin':         0 [  0.00ns,   0.00ns]   0.00ns   0.00ns   0.00ns         0 [  0.00ns,   0.00ns]   0.00ns   0.00ns   0.00ns
                         'max_lp':         1 [  5.77ms,   5.77ms]   5.77ms   0.00ns   5.77ms         0 [  0.00ns,   0.00ns]   0.00ns   0.00ns   0.00ns
                          'no_lp':         1 [  5.38ms,   5.38ms]   5.38ms   0.00ns   5.38ms         1 [  3.07us,   3.07us]   3.07us   0.00ns   3.07us
            'objective_lb_search':         1 [930.40us, 930.40us] 930.40us   0.00ns 930.40us         0 [  0.00ns,   0.00ns]   0.00ns   0.00ns   0.00ns
                        'probing':         1 [975.20us, 975.20us] 975.20us   0.00ns 975.20us         0 [  0.00ns,   0.00ns]   0.00ns   0.00ns   0.00ns
                   'pseudo_costs':         1 [  5.19ms,   5.19ms]   5.19ms   0.00ns   5.19ms         0 [  0.00ns,   0.00ns]   0.00ns   0.00ns   0.00ns
                  'quick_restart':         1 [  5.79ms,   5.79ms]   5.79ms   0.00ns   5.79ms         0 [  0.00ns,   0.00ns]   0.00ns   0.00ns   0.00ns
            'quick_restart_no_lp':         1 [  4.65ms,   4.65ms]   4.65ms   0.00ns   4.65ms         0 [  0.00ns,   0.00ns]   0.00ns   0.00ns   0.00ns
                  'reduced_costs':         1 [  4.57ms,   4.57ms]   4.57ms   0.00ns   4.57ms         0 [  0.00ns,   0.00ns]   0.00ns   0.00ns   0.00ns
                      'rins/rens':         0 [  0.00ns,   0.00ns]   0.00ns   0.00ns   0.00ns         0 [  0.00ns,   0.00ns]   0.00ns   0.00ns   0.00ns
                    'rnd_cst_lns':         0 [  0.00ns,   0.00ns]   0.00ns   0.00ns   0.00ns         0 [  0.00ns,   0.00ns]   0.00ns   0.00ns   0.00ns
                    'rnd_var_lns':         0 [  0.00ns,   0.00ns]   0.00ns   0.00ns   0.00ns         0 [  0.00ns,   0.00ns]   0.00ns   0.00ns   0.00ns
2025-09-16 03:52:58,738 | INFO | [phase2] Search stats                        Bools  Conflicts  Branches  Restarts  BoolPropag  IntegerPropag
                           'core':     14          0        13         2          15             57
                     'default_lp':      0          0         0         0           0              0
                      'fs_random':      0          0         0         0           0              0
                'fs_random_no_lp':      0          0         0         0           0              0
  'fs_random_quick_restart_no_lp':      0          0         0         0           0              0
                 'lb_tree_search':      0          0         0         0           0              0
                         'max_lp':      0          0         0         0           0              0
                          'no_lp':     14          0        14         1           0             29
            'objective_lb_search':      0          0         0         0           0              0
                        'probing':      0          0         0         0           0              0
                   'pseudo_costs':      0          0         0         0           0              0
                  'quick_restart':      0          0         0         0           0              0
            'quick_restart_no_lp':      0          0         0         0           0              0
                  'reduced_costs':      0          0         0         0           0              0
2025-09-16 03:52:58,745 | INFO | [phase2] SAT stats                           ClassicMinim  LitRemoved  LitLearned  LitForgotten  Subsumed  MClauses  MDecisions  MLitTrue  MSubsumed  MLitRemoved  MReused
                           'core':             0           0           0             0         0         0           0         0          0            0        0
                     'default_lp':             0           0           0             0         0         0           0         0          0            0        0
                      'fs_random':             0           0           0             0         0         0           0         0          0            0        0
                'fs_random_no_lp':             0           0           0             0         0         0           0         0          0            0        0
  'fs_random_quick_restart_no_lp':             0           0           0             0         0         0           0         0          0            0        0
                 'lb_tree_search':             0           0           0             0         0         0           0         0          0            0        0
                         'max_lp':             0           0           0             0         0         0           0         0          0            0        0
                          'no_lp':             0           0           0             0         0         0           0         0          0            0        0
            'objective_lb_search':             0           0           0             0         0         0           0         0          0            0        0
                        'probing':             0           0           0             0         0         0           0         0          0            0        0
                   'pseudo_costs':             0           0           0             0         0         0           0         0          0            0        0
                  'quick_restart':             0           0           0             0         0         0           0         0          0            0        0
            'quick_restart_no_lp':             0           0           0             0         0         0           0         0          0            0        0
                  'reduced_costs':             0           0           0             0         0         0           0         0          0            0        0
2025-09-16 03:52:58,752 | INFO | [phase2] Lp stats            Component  Iterations  AddedCuts  OPTIMAL  DUAL_F.  DUAL_U.
     'default_lp':         14           0          0       14        0        0
         'max_lp':         14           0          0       14        0        0
   'pseudo_costs':         14           0          0       14        0        0
  'quick_restart':         14           0          0       14        0        0
  'reduced_costs':         14           0          0       14        0        0
2025-09-16 03:52:58,753 | INFO | [phase2] Lp dimension        Final dimension of first component
     'default_lp':        0 rows, 2 columns, 0 entries
         'max_lp':        3 rows, 2 columns, 6 entries
   'pseudo_costs':        0 rows, 2 columns, 0 entries
  'quick_restart':        0 rows, 2 columns, 0 entries
  'reduced_costs':        0 rows, 2 columns, 0 entries
2025-09-16 03:52:58,763 | INFO | [phase2] Lp debug            CutPropag  CutEqPropag  Adjust  Overflow  Bad  BadScaling
     'default_lp':          0            0       0         0    0           0
         'max_lp':          0            0       0         0    0           0
   'pseudo_costs':          0            0       0         0    0           0
  'quick_restart':          0            0       0         0    0           0
  'reduced_costs':          0            0       0         0    0           0
2025-09-16 03:52:58,769 | INFO | [phase2] Lp pool             Constraints  Updates  Simplif  Merged  Shortened  Split  Strenghtened  Cuts/Call
     'default_lp':           42        0        0       0          0      0             0        0/0
         'max_lp':           42        0        0       0          0      0             0       0/28
   'pseudo_costs':           42        0        0       0          0      0             0        0/0
  'quick_restart':           42        0        0       0          0      0             0        0/0
  'reduced_costs':           42        0        0       0          0      0             0        0/0
2025-09-16 03:52:58,779 | INFO | [phase2] LNS stats           Improv/Calls  Closed  Difficulty  TimeLimit
  'graph_arc_lns':           0/0      0%    5.00e-01       0.10
  'graph_cst_lns':           0/0      0%    5.00e-01       0.10
  'graph_dec_lns':           0/0      0%    5.00e-01       0.10
  'graph_var_lns':           0/0      0%    5.00e-01       0.10
   'lb_relax_lns':           0/0      0%    5.00e-01       0.50
      'rins/rens':           0/0      0%    5.00e-01       0.10
    'rnd_cst_lns':           0/0      0%    5.00e-01       0.10
    'rnd_var_lns':           0/0      0%    5.00e-01       0.10
2025-09-16 03:52:58,782 | INFO | [phase2] Solutions (1)    Num   Rank
       'no_lp':    1  [1,1]
2025-09-16 03:52:58,790 | INFO | [phase2] Objective bounds     Num
  'initial_domain':    1
2025-09-16 03:52:58,791 | INFO | [phase2] Solution repositories    Added  Queried  Synchro
  'feasible solutions':      2        0        2
   'fj solution hints':      0        0        0
        'lp solutions':      0        0        0
                'pump':      0        0
2025-09-16 03:52:58,798 | INFO | [phase2] CpSolverResponse summary:
status: OPTIMAL
objective: 315000
best_bound: 315000
integers: 29
booleans: 14
conflicts: 0
branches: 14
propagations: 0
integer_propagations: 29
restarts: 1
lp_iterations: 0
walltime: 0.459336
usertime: 0.459337
deterministic_time: 8.96e-06
gap_integral: 5.32e-05
solution_fingerprint: 0x69d711836b0e2781
2025-09-16 03:52:58,804 | INFO | Phase-2 status=OPTIMAL
2025-09-16 03:52:58,804 | INFO | Phase-2 best objective=315000.0 best bound=315000.0
2025-09-16 03:52:58,806 | INFO | Pool collected=1
2025-09-16 03:52:58,808 | INFO | Selected tables=2 (requested K=2)
2025-09-16 03:52:58,813 | INFO | Selected objectives: [315000.0, 315000.0]
2025-09-16 03:52:58,921 | INFO | Wrote: Result_15\schedules.xlsx
2025-09-16 03:52:58,922 | INFO | Wrote: Result_15\hospital_schedule.xlsx
2025-09-16 03:52:58,924 | INFO | Wrote: Result_15\calendar.xlsx
2025-09-16 03:52:58,926 | INFO | Wrote: Result_15\eligibility_capacity.json
2025-09-16 03:52:58,927 | INFO | Wrote grid: Result_15\schedules.xlsx
2025-09-16 03:52:58,934 | INFO | Wrote hospital: Result_15\hospital_schedule.xlsx
2025-09-16 03:52:58,937 | INFO | Wrote calendar: Result_15\calendar.xlsx
2025-09-16 03:52:58,938 | INFO | Wrote run meta: Result_15\scheduler_log_20250916_035257.json
2025-09-16 03:52:58,939 | INFO | ===== SCHEDULER RUN COMPLETE 20250916_035257 =====
