2025-09-16 04:25:09,405 | INFO | Logging to Result_17\scheduler_run.log
2025-09-16 04:25:09,406 | INFO | ===== SCHEDULER RUN 20250916_042509 =====
2025-09-16 04:25:09,407 | INFO | Args.case=C:\Users\sapper\AppData\Local\Temp\tmpbibsp0vr.json
2025-09-16 04:25:09,410 | INFO | Loaded case with 31 days, 22 shifts, 7 providers
2025-09-16 04:25:09,415 | INFO | Run config: out=Result_17 k=2 seed=1 time=1500 L=1
2025-09-16 04:25:09,424 | INFO | Wrote: Result_17\constants_effective.log
2025-09-16 04:25:09,429 | INFO | Wrote capacity snapshot: Result_17\eligibility_capacity.json
2025-09-16 04:25:09,431 | INFO | Instance: |days|=31 |shifts|=22 |providers|=7 |types|=10
2025-09-16 04:25:09,433 | INFO | Weekend names: ['Saturday', 'Sunday']
2025-09-16 04:25:09,434 | INFO | Weekend indices: [3, 4, 10, 11, 17, 18, 24, 25]
2025-09-16 04:25:09,435 | INFO | Shift[0] keys: ['id', 'date', 'type', 'start', 'end', 'allowed_provider_types']
2025-09-16 04:25:09,436 | INFO | Provider[0] keys: ['id', 'name', 'type', 'max_consecutive_days', 'limits', 'forbidden_days_soft', 'forbidden_days_hard', 'preferred_days_hard', 'preferred_days_soft']
2025-09-16 04:25:09,441 | INFO | Provider types: ['MD_N', 'MD_S2']
2025-09-16 04:25:09,452 | INFO | max_consecutive_days per provider (0 means no cap): [12, 3, 2, 2, 4, 3, 3]
2025-09-16 04:25:09,749 | INFO | 0
2025-09-16 04:25:09,757 | INFO | 1
2025-09-16 04:25:09,765 | INFO | 2
2025-09-16 04:25:09,767 | INFO | 3
2025-09-16 04:25:09,771 | INFO | 4
2025-09-16 04:25:09,772 | INFO | 5
2025-09-16 04:25:09,781 | INFO | 6
2025-09-16 04:25:09,787 | INFO | Phase-1 solve: time=120.0s workers=8
2025-09-16 04:25:09,802 | INFO | [phase1] 
2025-09-16 04:25:09,803 | INFO | [phase1] Starting CP-SAT solver v9.14.6206
2025-09-16 04:25:09,804 | INFO | [phase1] Parameters: max_time_in_seconds: 120 log_search_progress: true num_search_workers: 8 log_to_stdout: false
2025-09-16 04:25:09,822 | INFO | [phase1] 
2025-09-16 04:25:09,839 | INFO | [phase1] Initial optimization model '': (model_fingerprint: 0x910604613e2ad2ca)
#Variables: 1'543 (#ints: 1 in objective) (754 primary variables)
  - 610 Booleans in [0,1]
  - 7 in [-31,31]
  - 7 in [0,22]
  - 448 in [0,31]
  - 217 in [0,961]
  - 28 in [0,1000]
  - 224 in [0,29791]
  - 1 in [0,1000000000000000000]
  - 1 constants in {0} 
#kAtMostOne: 147 (#literals: 294)
#kIntProd: 434
#kLinMax: 14 (#expressions: 231)
#kLinear1: 965 (#enforced: 651 #multi: 210)
#kLinear2: 1'043 (#enforced: 427 #multi: 210)
#kLinear3: 238
#kLinearN: 66 (#terms: 889)
2025-09-16 04:25:09,840 | INFO | [phase1] 
2025-09-16 04:25:09,841 | INFO | [phase1] Starting presolve at 0.04s
2025-09-16 04:25:09,884 | INFO | [phase1]   7.08e-04s  0.00e+00d  [DetectDominanceRelations]
2025-09-16 04:25:09,885 | INFO | [phase1]   2.26e-02s  0.00e+00d  [operations_research::sat::CpModelPresolver::PresolveToFixPoint] #num_loops=2 #num_dual_strengthening=1
2025-09-16 04:25:09,886 | INFO | [phase1]   1.11e-04s  0.00e+00d  [operations_research::sat::CpModelPresolver::ExtractEncodingFromLinear]
2025-09-16 04:25:09,888 | INFO | [phase1]   9.07e-05s  0.00e+00d  [operations_research::sat::CpModelPresolver::DetectDuplicateColumns]
2025-09-16 04:25:09,896 | INFO | [phase1]   1.03e-04s  0.00e+00d  [operations_research::sat::CpModelPresolver::DetectDuplicateConstraints]
2025-09-16 04:25:09,900 | INFO | [phase1] [Symmetry] Graph for symmetry has 1'543 nodes and 0 arcs.
2025-09-16 04:25:09,902 | INFO | [phase1] [Symmetry] Symmetry computation done. time: 0.0004236 dtime: 9.258e-05
2025-09-16 04:25:09,906 | INFO | [phase1]   1.63e-04s  0.00e+00d  [operations_research::sat::CpModelPresolver::DetectDuplicateConstraintsWithDifferentEnforcements]
2025-09-16 04:25:09,912 | INFO | [phase1]   8.58e-03s  0.00e+00d  [operations_research::sat::CpModelPresolver::Probe]
2025-09-16 04:25:09,915 | INFO | [phase1]   7.96e-05s  0.00e+00d  [MaxClique]
2025-09-16 04:25:09,916 | INFO | [phase1]   2.39e-04s  0.00e+00d  [operations_research::sat::CpModelPresolver::PresolveToFixPoint]
2025-09-16 04:25:09,918 | INFO | [phase1]   1.34e-04s  0.00e+00d  [operations_research::sat::CpModelPresolver::ProcessAtMostOneAndLinear]
2025-09-16 04:25:09,922 | INFO | [phase1]   9.36e-05s  0.00e+00d  [operations_research::sat::CpModelPresolver::DetectDuplicateConstraints]
2025-09-16 04:25:09,923 | INFO | [phase1]   8.95e-05s  0.00e+00d  [operations_research::sat::CpModelPresolver::DetectDuplicateConstraintsWithDifferentEnforcements]
2025-09-16 04:25:09,931 | INFO | [phase1]   7.04e-05s  0.00e+00d  [operations_research::sat::CpModelPresolver::DetectDominatedLinearConstraints]
2025-09-16 04:25:09,932 | INFO | [phase1]   2.20e-04s  0.00e+00d  [operations_research::sat::CpModelPresolver::DetectDifferentVariables]
2025-09-16 04:25:09,936 | INFO | [phase1]   8.96e-05s  0.00e+00d  [operations_research::sat::CpModelPresolver::ProcessSetPPC]
2025-09-16 04:25:09,938 | INFO | [phase1]   1.71e-04s  0.00e+00d  [operations_research::sat::CpModelPresolver::FindAlmostIdenticalLinearConstraints]
2025-09-16 04:25:09,947 | INFO | [phase1]   2.12e-04s  0.00e+00d  [operations_research::sat::CpModelPresolver::FindBigAtMostOneAndLinearOverlap]
2025-09-16 04:25:09,949 | INFO | [phase1]   9.29e-05s  2.80e-07d  [operations_research::sat::CpModelPresolver::FindBigVerticalLinearOverlap]
2025-09-16 04:25:09,953 | INFO | [phase1]   1.72e-04s  0.00e+00d  [operations_research::sat::CpModelPresolver::FindBigHorizontalLinearOverlap]
2025-09-16 04:25:09,954 | INFO | [phase1]   1.71e-04s  0.00e+00d  [operations_research::sat::CpModelPresolver::MergeClauses]
2025-09-16 04:25:09,964 | INFO | [phase1]   6.02e-05s  0.00e+00d  [operations_research::sat::CpModelPresolver::PresolveToFixPoint]
2025-09-16 04:25:09,968 | INFO | [phase1]   2.82e-04s  0.00e+00d  [operations_research::sat::CpModelPresolver::PresolveToFixPoint]
2025-09-16 04:25:09,972 | INFO | [phase1]   2.22e-04s  0.00e+00d  [operations_research::sat::CpModelPresolver::DetectDuplicateColumns]
2025-09-16 04:25:09,974 | INFO | [phase1]   3.65e-04s  0.00e+00d  [operations_research::sat::CpModelPresolver::DetectDuplicateConstraints]
2025-09-16 04:25:09,983 | INFO | [phase1] [Symmetry] Graph for symmetry has 1'543 nodes and 0 arcs.
2025-09-16 04:25:09,984 | INFO | [phase1] [Symmetry] Symmetry computation done. time: 0.0003384 dtime: 9.258e-05
2025-09-16 04:25:09,988 | INFO | [phase1]   6.42e-05s  0.00e+00d  [operations_research::sat::CpModelPresolver::DetectDuplicateConstraintsWithDifferentEnforcements]
2025-09-16 04:25:09,993 | INFO | [phase1]   7.58e-03s  0.00e+00d  [operations_research::sat::CpModelPresolver::Probe]
2025-09-16 04:25:09,995 | INFO | [phase1]   8.29e-05s  0.00e+00d  [MaxClique]
2025-09-16 04:25:09,996 | INFO | [phase1]   1.24e-04s  0.00e+00d  [operations_research::sat::CpModelPresolver::PresolveToFixPoint]
2025-09-16 04:25:09,997 | INFO | [phase1]   6.56e-05s  0.00e+00d  [operations_research::sat::CpModelPresolver::ProcessAtMostOneAndLinear]
2025-09-16 04:25:10,000 | INFO | [phase1]   1.51e-04s  0.00e+00d  [operations_research::sat::CpModelPresolver::DetectDuplicateConstraints]
2025-09-16 04:25:10,001 | INFO | [phase1]   1.48e-04s  0.00e+00d  [operations_research::sat::CpModelPresolver::DetectDuplicateConstraintsWithDifferentEnforcements]
2025-09-16 04:25:10,006 | INFO | [phase1]   7.64e-05s  0.00e+00d  [operations_research::sat::CpModelPresolver::DetectDominatedLinearConstraints]
2025-09-16 04:25:10,010 | INFO | [phase1]   2.65e-04s  0.00e+00d  [operations_research::sat::CpModelPresolver::DetectDifferentVariables]
2025-09-16 04:25:10,011 | INFO | [phase1]   8.68e-05s  0.00e+00d  [operations_research::sat::CpModelPresolver::ProcessSetPPC]
2025-09-16 04:25:10,013 | INFO | [phase1]   1.20e-04s  0.00e+00d  [operations_research::sat::CpModelPresolver::FindAlmostIdenticalLinearConstraints]
2025-09-16 04:25:10,015 | INFO | [phase1]   2.01e-04s  0.00e+00d  [operations_research::sat::CpModelPresolver::FindBigAtMostOneAndLinearOverlap]
2025-09-16 04:25:10,020 | INFO | [phase1]   1.24e-04s  2.80e-07d  [operations_research::sat::CpModelPresolver::FindBigVerticalLinearOverlap]
2025-09-16 04:25:10,039 | INFO | [phase1]   1.74e-04s  0.00e+00d  [operations_research::sat::CpModelPresolver::FindBigHorizontalLinearOverlap]
2025-09-16 04:25:10,043 | INFO | [phase1]   1.56e-03s  0.00e+00d  [operations_research::sat::CpModelPresolver::MergeClauses]
2025-09-16 04:25:10,054 | INFO | [phase1]   8.07e-05s  0.00e+00d  [operations_research::sat::CpModelPresolver::PresolveToFixPoint]
2025-09-16 04:25:10,056 | INFO | [phase1]   2.38e-04s  0.00e+00d  [operations_research::sat::CpModelPresolver::ExpandObjective]
2025-09-16 04:25:10,061 | INFO | [phase1] 
2025-09-16 04:25:10,065 | INFO | [phase1] Presolve summary:
2025-09-16 04:25:10,067 | INFO | [phase1]   - 35 affine relations were detected.
2025-09-16 04:25:10,069 | INFO | [phase1]   - rule 'TODO linear2: contains a Boolean.' was applied 168 times.
2025-09-16 04:25:10,072 | INFO | [phase1]   - rule 'affine: new relation' was applied 35 times.
2025-09-16 04:25:10,074 | INFO | [phase1]   - rule 'at_most_one: empty or all false' was applied 147 times.
2025-09-16 04:25:10,081 | INFO | [phase1]   - rule 'at_most_one: removed literals' was applied 147 times.
2025-09-16 04:25:10,082 | INFO | [phase1]   - rule 'bool_and: non-reified.' was applied 42 times.
2025-09-16 04:25:10,083 | INFO | [phase1]   - rule 'bool_or: always true' was applied 7 times.
2025-09-16 04:25:10,085 | INFO | [phase1]   - rule 'bool_or: implications' was applied 84 times.
2025-09-16 04:25:10,085 | INFO | [phase1]   - rule 'deductions: 140 stored' was applied 1 time.
2025-09-16 04:25:10,086 | INFO | [phase1]   - rule 'dual: fix variable' was applied 14 times.
2025-09-16 04:25:10,087 | INFO | [phase1]   - rule 'enforcement: always false' was applied 441 times.
2025-09-16 04:25:10,088 | INFO | [phase1]   - rule 'enforcement: false literal' was applied 238 times.
2025-09-16 04:25:10,089 | INFO | [phase1]   - rule 'enforcement: true literal' was applied 196 times.
2025-09-16 04:25:10,090 | INFO | [phase1]   - rule 'int_prod: constant product' was applied 427 times.
2025-09-16 04:25:10,092 | INFO | [phase1]   - rule 'int_prod: removed constant expressions.' was applied 847 times.
2025-09-16 04:25:10,097 | INFO | [phase1]   - rule 'int_prod: unused affine target' was applied 7 times.
2025-09-16 04:25:10,098 | INFO | [phase1]   - rule 'int_square: reduced target domain.' was applied 49 times.
2025-09-16 04:25:10,105 | INFO | [phase1]   - rule 'lin_max: affine_max target domain reduced' was applied 7 times.
2025-09-16 04:25:10,106 | INFO | [phase1]   - rule 'lin_max: converted to equality' was applied 14 times.
2025-09-16 04:25:10,107 | INFO | [phase1]   - rule 'lin_max: removed exprs' was applied 21 times.
2025-09-16 04:25:10,113 | INFO | [phase1]   - rule 'lin_max: target domain reduced' was applied 14 times.
2025-09-16 04:25:10,117 | INFO | [phase1]   - rule 'linear1: always true' was applied 7 times.
2025-09-16 04:25:10,117 | INFO | [phase1]   - rule 'linear1: x in domain' was applied 463 times.
2025-09-16 04:25:10,118 | INFO | [phase1]   - rule 'linear: always true' was applied 594 times.
2025-09-16 04:25:10,119 | INFO | [phase1]   - rule 'linear: empty' was applied 519 times.
2025-09-16 04:25:10,120 | INFO | [phase1]   - rule 'linear: enforcement literal in expression' was applied 7 times.
2025-09-16 04:25:10,121 | INFO | [phase1]   - rule 'linear: fixed or dup variables' was applied 2'019 times.
2025-09-16 04:25:10,122 | INFO | [phase1]   - rule 'linear: negative clause' was applied 49 times.
2025-09-16 04:25:10,123 | INFO | [phase1]   - rule 'linear: positive clause' was applied 42 times.
2025-09-16 04:25:10,126 | INFO | [phase1]   - rule 'linear: reduced variable domains' was applied 526 times.
2025-09-16 04:25:10,131 | INFO | [phase1]   - rule 'linear: remapped using affine relations' was applied 63 times.
2025-09-16 04:25:10,133 | INFO | [phase1]   - rule 'linear: singleton column' was applied 7 times.
2025-09-16 04:25:10,134 | INFO | [phase1]   - rule 'linear: variable substitution 0' was applied 1 time.
2025-09-16 04:25:10,135 | INFO | [phase1]   - rule 'presolve: 1528 unused variables removed.' was applied 1 time.
2025-09-16 04:25:10,137 | INFO | [phase1]   - rule 'presolve: iteration' was applied 2 times.
2025-09-16 04:25:10,138 | INFO | [phase1]   - rule 'variables: both boolean and its negation fix the same variable' was applied 21 times.
2025-09-16 04:25:10,139 | INFO | [phase1]   - rule 'variables: both boolean and its negation imply same equality' was applied 7 times.
2025-09-16 04:25:10,145 | INFO | [phase1]   - rule 'variables: detect half reified value encoding' was applied 126 times.
2025-09-16 04:25:10,149 | INFO | [phase1] 
2025-09-16 04:25:10,150 | INFO | [phase1] Presolved optimization model '': (model_fingerprint: 0xc705e16f141fc4e1)
#Variables: 0 ( in objective) (0 primary variables)
2025-09-16 04:25:10,151 | INFO | [phase1] [Symmetry] Graph for symmetry has 0 nodes and 0 arcs.
2025-09-16 04:25:10,152 | INFO | [phase1] 
2025-09-16 04:25:10,153 | INFO | [phase1] Preloading model.
2025-09-16 04:25:10,155 | INFO | [phase1] #Bound   0.35s best:inf   next:[448,448]  initial_domain
2025-09-16 04:25:10,156 | INFO | [phase1] The solution hint is complete and is feasible. Its objective value is 448.
2025-09-16 04:25:10,157 | INFO | [phase1] #Model   0.36s var:0/0 constraints:0/0
2025-09-16 04:25:10,164 | INFO | [phase1] 
2025-09-16 04:25:10,166 | INFO | [phase1] Starting search at 0.36s with 8 workers.
2025-09-16 04:25:10,167 | INFO | [phase1] 5 full problem subsolvers: [default_lp, max_lp, no_lp, quick_restart, quick_restart_no_lp]
2025-09-16 04:25:10,172 | INFO | [phase1] 3 first solution subsolvers: [fj, fs_random, fs_random_no_lp]
2025-09-16 04:25:10,173 | INFO | [phase1] 3 interleaved subsolvers: [feasibility_pump, ls, rins/rens]
2025-09-16 04:25:10,178 | INFO | [phase1] 2 helper subsolvers: [neighborhood_helper, synchronization_agent]
2025-09-16 04:25:10,179 | INFO | [phase1] 
2025-09-16 04:25:10,181 | INFO | [phase1] #1       0.38s best:448   next:[]         default_lp
2025-09-16 04:25:10,182 | INFO | [phase1] #Done    0.38s default_lp
2025-09-16 04:25:10,189 | INFO | [phase1] 
2025-09-16 04:25:10,190 | INFO | [phase1] Task timing                      n [     min,      max]      avg      dev     time         n [     min,      max]      avg      dev    dtime
           'default_lp':         1 [  2.16ms,   2.16ms]   2.16ms   0.00ns   2.16ms         0 [  0.00ns,   0.00ns]   0.00ns   0.00ns   0.00ns
     'feasibility_pump':         1 [ 95.80us,  95.80us]  95.80us   0.00ns  95.80us         0 [  0.00ns,   0.00ns]   0.00ns   0.00ns   0.00ns
                   'fj':         0 [  0.00ns,   0.00ns]   0.00ns   0.00ns   0.00ns         0 [  0.00ns,   0.00ns]   0.00ns   0.00ns   0.00ns
            'fs_random':         1 [  1.73ms,   1.73ms]   1.73ms   0.00ns   1.73ms         0 [  0.00ns,   0.00ns]   0.00ns   0.00ns   0.00ns
      'fs_random_no_lp':         1 [  1.81ms,   1.81ms]   1.81ms   0.00ns   1.81ms         0 [  0.00ns,   0.00ns]   0.00ns   0.00ns   0.00ns
                   'ls':         0 [  0.00ns,   0.00ns]   0.00ns   0.00ns   0.00ns         0 [  0.00ns,   0.00ns]   0.00ns   0.00ns   0.00ns
               'max_lp':         1 [  2.11ms,   2.11ms]   2.11ms   0.00ns   2.11ms         0 [  0.00ns,   0.00ns]   0.00ns   0.00ns   0.00ns
                'no_lp':         1 [  2.07ms,   2.07ms]   2.07ms   0.00ns   2.07ms         0 [  0.00ns,   0.00ns]   0.00ns   0.00ns   0.00ns
        'quick_restart':         1 [  1.98ms,   1.98ms]   1.98ms   0.00ns   1.98ms         0 [  0.00ns,   0.00ns]   0.00ns   0.00ns   0.00ns
  'quick_restart_no_lp':         1 [  1.92ms,   1.92ms]   1.92ms   0.00ns   1.92ms         0 [  0.00ns,   0.00ns]   0.00ns   0.00ns   0.00ns
            'rins/rens':         0 [  0.00ns,   0.00ns]   0.00ns   0.00ns   0.00ns         0 [  0.00ns,   0.00ns]   0.00ns   0.00ns   0.00ns
2025-09-16 04:25:10,194 | INFO | [phase1] Search stats              Bools  Conflicts  Branches  Restarts  BoolPropag  IntegerPropag
           'default_lp':      0          0         0         0           0              1
            'fs_random':      0          0         0         0           0              0
      'fs_random_no_lp':      0          0         0         0           0              0
               'max_lp':      0          0         0         0           0              0
                'no_lp':      0          0         0         0           0              0
        'quick_restart':      0          0         0         0           0              0
  'quick_restart_no_lp':      0          0         0         0           0              0
2025-09-16 04:25:10,195 | INFO | [phase1] SAT stats                 ClassicMinim  LitRemoved  LitLearned  LitForgotten  Subsumed  MClauses  MDecisions  MLitTrue  MSubsumed  MLitRemoved  MReused
           'default_lp':             0           0           0             0         0         0           0         0          0            0        0
            'fs_random':             0           0           0             0         0         0           0         0          0            0        0
      'fs_random_no_lp':             0           0           0             0         0         0           0         0          0            0        0
               'max_lp':             0           0           0             0         0         0           0         0          0            0        0
                'no_lp':             0           0           0             0         0         0           0         0          0            0        0
        'quick_restart':             0           0           0             0         0         0           0         0          0            0        0
  'quick_restart_no_lp':             0           0           0             0         0         0           0         0          0            0        0
2025-09-16 04:25:10,197 | INFO | [phase1] LNS stats       Improv/Calls  Closed  Difficulty  TimeLimit
  'rins/rens':           0/0      0%    5.00e-01       0.10
2025-09-16 04:25:10,198 | INFO | [phase1] Solutions (1)    Num   Rank
  'default_lp':    1  [1,1]
2025-09-16 04:25:10,199 | INFO | [phase1] Objective bounds     Num
  'initial_domain':    1
2025-09-16 04:25:10,200 | INFO | [phase1] Solution repositories    Added  Queried  Synchro
  'feasible solutions':      1        0        1
   'fj solution hints':      0        0        0
        'lp solutions':      0        0        0
                'pump':      0        0
2025-09-16 04:25:10,207 | INFO | [phase1] CpSolverResponse summary:
status: OPTIMAL
objective: 448
best_bound: 448
integers: 1
booleans: 0
conflicts: 0
branches: 0
propagations: 0
integer_propagations: 1
restarts: 0
lp_iterations: 0
walltime: 0.403861
usertime: 0.403861
deterministic_time: 5.6e-07
gap_integral: 0
solution_fingerprint: 0x1f89d8db7e6fce8e
2025-09-16 04:25:10,217 | INFO | Phase-1 status=OPTIMAL objective(U)=448.0
2025-09-16 04:25:10,218 | INFO | 448.0
2025-09-16 04:25:10,318 | INFO | [wk_pen_count_0(0..4), wk_pen_count_1(0..4), wk_pen_count_2(0..4), wk_pen_count_3(0..4), wk_pen_count_4(0..4), wk_pen_count_5(0..4), wk_pen_count_6(0..4)]
2025-09-16 04:25:10,319 | INFO | Model built: |S|=22 |P|=7 |D|=31
2025-09-16 04:25:10,322 | INFO | Time budget total=1500.00s split: phase1=600.00s phase2=900.00s
2025-09-16 04:25:10,328 | INFO | Phase-2 solve: time=900.0s workers=16 rgap=1e-05 seed=1
2025-09-16 04:25:10,329 | INFO | Diversity threshold L=1, K=2
2025-09-16 04:25:10,338 | INFO | [phase2] 
2025-09-16 04:25:10,339 | INFO | [phase2] Starting CP-SAT solver v9.14.6206
2025-09-16 04:25:10,340 | INFO | [phase2] Parameters: random_seed: 1 max_time_in_seconds: 900 log_search_progress: true num_search_workers: 16 relative_gap_limit: 1e-05 log_to_stdout: false
2025-09-16 04:25:10,350 | INFO | [phase2] 
2025-09-16 04:25:10,369 | INFO | [phase2] Initial optimization model '': (model_fingerprint: 0xd88779c531954b8f)
#Variables: 2'133 (#ints: 1 in objective) (1'005 primary variables)
  - 1'030 Booleans in [0,1]
  - 7 in [-31,31]
  - 28 in [-1,1]
  - 21 in [0,2]
  - 21 in [0,3]
  - 14 in [0,4]
  - 35 in [0,22]
  - 462 in [0,31]
  - 7 in [0,40]
  - 217 in [0,961]
  - 21 in [0,968]
  - 28 in [0,1000]
  - 224 in [0,29791]
  - 7 in [0,100000]
  - 7 in [0,1000000000000000]
  - 2 in [0,1000000000000000000]
  - 2 constants in {0} 
#kAtMostOne: 147 (#literals: 294)
#kIntProd: 455
#kLinMax: 42 (#expressions: 287)
#kLinear1: 1'183 (#enforced: 651 #multi: 210)
#kLinear2: 1'484 (#enforced: 427 #multi: 210)
#kLinear3: 406
#kLinearN: 151 (#terms: 1'744)
2025-09-16 04:25:10,370 | INFO | [phase2] 
2025-09-16 04:25:10,371 | INFO | [phase2] Starting presolve at 0.03s
2025-09-16 04:25:10,403 | INFO | [phase2]   6.60e-04s  0.00e+00d  [DetectDominanceRelations]
2025-09-16 04:25:10,404 | INFO | [phase2]   1.82e-02s  0.00e+00d  [operations_research::sat::CpModelPresolver::PresolveToFixPoint] #num_loops=2 #num_dual_strengthening=1
2025-09-16 04:25:10,406 | INFO | [phase2]   9.02e-05s  0.00e+00d  [operations_research::sat::CpModelPresolver::ExtractEncodingFromLinear]
2025-09-16 04:25:10,412 | INFO | [phase2]   2.30e-04s  0.00e+00d  [operations_research::sat::CpModelPresolver::DetectDuplicateColumns]
2025-09-16 04:25:10,413 | INFO | [phase2]   1.95e-04s  0.00e+00d  [operations_research::sat::CpModelPresolver::DetectDuplicateConstraints]
2025-09-16 04:25:10,419 | INFO | [phase2]   2.69e-04s  0.00e+00d  [operations_research::sat::CpModelPresolver::DetectDuplicateConstraintsWithDifferentEnforcements]
2025-09-16 04:25:10,420 | INFO | [phase2]   3.50e-03s  1.40e-07d  [operations_research::sat::CpModelPresolver::Probe]
2025-09-16 04:25:10,421 | INFO | [phase2]   1.70e-04s  0.00e+00d  [MaxClique]
2025-09-16 04:25:10,428 | INFO | [phase2]   6.35e-04s  0.00e+00d  [DetectDominanceRelations]
2025-09-16 04:25:10,430 | INFO | [phase2]   3.17e-03s  0.00e+00d  [operations_research::sat::CpModelPresolver::PresolveToFixPoint] #num_loops=2 #num_dual_strengthening=1
2025-09-16 04:25:10,431 | INFO | [phase2]   1.12e-04s  0.00e+00d  [operations_research::sat::CpModelPresolver::ProcessAtMostOneAndLinear]
2025-09-16 04:25:10,432 | INFO | [phase2]   3.09e-04s  0.00e+00d  [operations_research::sat::CpModelPresolver::DetectDuplicateConstraints]
2025-09-16 04:25:10,434 | INFO | [phase2]   2.44e-04s  0.00e+00d  [operations_research::sat::CpModelPresolver::DetectDuplicateConstraintsWithDifferentEnforcements]
2025-09-16 04:25:10,442 | INFO | [phase2]   9.18e-05s  0.00e+00d  [operations_research::sat::CpModelPresolver::DetectDominatedLinearConstraints]
2025-09-16 04:25:10,445 | INFO | [phase2]   1.11e-04s  0.00e+00d  [operations_research::sat::CpModelPresolver::DetectDifferentVariables]
2025-09-16 04:25:10,447 | INFO | [phase2]   2.02e-04s  0.00e+00d  [operations_research::sat::CpModelPresolver::ProcessSetPPC]
2025-09-16 04:25:10,449 | INFO | [phase2]   3.38e-04s  0.00e+00d  [operations_research::sat::CpModelPresolver::FindAlmostIdenticalLinearConstraints]
2025-09-16 04:25:10,451 | INFO | [phase2]   3.48e-04s  0.00e+00d  [operations_research::sat::CpModelPresolver::FindBigAtMostOneAndLinearOverlap]
2025-09-16 04:25:10,458 | INFO | [phase2]   2.95e-04s  4.90e-07d  [operations_research::sat::CpModelPresolver::FindBigVerticalLinearOverlap]
2025-09-16 04:25:10,461 | INFO | [phase2]   1.32e-04s  0.00e+00d  [operations_research::sat::CpModelPresolver::FindBigHorizontalLinearOverlap]
2025-09-16 04:25:10,463 | INFO | [phase2]   1.49e-04s  0.00e+00d  [operations_research::sat::CpModelPresolver::MergeClauses]
2025-09-16 04:25:10,465 | INFO | [phase2]   5.61e-04s  0.00e+00d  [DetectDominanceRelations]
2025-09-16 04:25:10,465 | INFO | [phase2]   1.61e-03s  0.00e+00d  [operations_research::sat::CpModelPresolver::PresolveToFixPoint] #num_loops=1 #num_dual_strengthening=1
2025-09-16 04:25:10,467 | INFO | [phase2]   5.67e-04s  0.00e+00d  [DetectDominanceRelations]
2025-09-16 04:25:10,468 | INFO | [phase2]   1.84e-03s  0.00e+00d  [operations_research::sat::CpModelPresolver::PresolveToFixPoint] #num_loops=1 #num_dual_strengthening=1
2025-09-16 04:25:10,473 | INFO | [phase2]   2.96e-04s  0.00e+00d  [operations_research::sat::CpModelPresolver::DetectDuplicateColumns]
2025-09-16 04:25:10,478 | INFO | [phase2]   2.44e-04s  0.00e+00d  [operations_research::sat::CpModelPresolver::DetectDuplicateConstraints]
2025-09-16 04:25:10,483 | INFO | [phase2]   2.90e-04s  0.00e+00d  [operations_research::sat::CpModelPresolver::DetectDuplicateConstraintsWithDifferentEnforcements]
2025-09-16 04:25:10,484 | INFO | [phase2]   2.98e-03s  1.40e-07d  [operations_research::sat::CpModelPresolver::Probe]
2025-09-16 04:25:10,485 | INFO | [phase2]   1.15e-04s  0.00e+00d  [MaxClique]
2025-09-16 04:25:10,493 | INFO | [phase2]   1.18e-03s  0.00e+00d  [DetectDominanceRelations]
2025-09-16 04:25:10,496 | INFO | [phase2]   5.49e-03s  0.00e+00d  [operations_research::sat::CpModelPresolver::PresolveToFixPoint] #num_loops=1 #num_dual_strengthening=1
2025-09-16 04:25:10,497 | INFO | [phase2]   6.99e-05s  0.00e+00d  [operations_research::sat::CpModelPresolver::ProcessAtMostOneAndLinear]
2025-09-16 04:25:10,498 | INFO | [phase2]   2.14e-04s  0.00e+00d  [operations_research::sat::CpModelPresolver::DetectDuplicateConstraints]
2025-09-16 04:25:10,499 | INFO | [phase2]   2.52e-04s  0.00e+00d  [operations_research::sat::CpModelPresolver::DetectDuplicateConstraintsWithDifferentEnforcements]
2025-09-16 04:25:10,500 | INFO | [phase2]   1.06e-04s  0.00e+00d  [operations_research::sat::CpModelPresolver::DetectDominatedLinearConstraints]
2025-09-16 04:25:10,501 | INFO | [phase2]   1.49e-04s  0.00e+00d  [operations_research::sat::CpModelPresolver::DetectDifferentVariables]
2025-09-16 04:25:10,506 | INFO | [phase2]   1.48e-04s  0.00e+00d  [operations_research::sat::CpModelPresolver::ProcessSetPPC]
2025-09-16 04:25:10,511 | INFO | [phase2]   1.29e-04s  0.00e+00d  [operations_research::sat::CpModelPresolver::FindAlmostIdenticalLinearConstraints]
2025-09-16 04:25:10,513 | INFO | [phase2]   3.16e-04s  0.00e+00d  [operations_research::sat::CpModelPresolver::FindBigAtMostOneAndLinearOverlap]
2025-09-16 04:25:10,514 | INFO | [phase2]   1.20e-04s  4.90e-07d  [operations_research::sat::CpModelPresolver::FindBigVerticalLinearOverlap]
2025-09-16 04:25:10,515 | INFO | [phase2]   1.02e-04s  0.00e+00d  [operations_research::sat::CpModelPresolver::FindBigHorizontalLinearOverlap]
2025-09-16 04:25:10,515 | INFO | [phase2]   1.54e-04s  0.00e+00d  [operations_research::sat::CpModelPresolver::MergeClauses]
2025-09-16 04:25:10,518 | INFO | [phase2]   7.69e-04s  0.00e+00d  [DetectDominanceRelations]
2025-09-16 04:25:10,522 | INFO | [phase2]   5.35e-03s  0.00e+00d  [operations_research::sat::CpModelPresolver::PresolveToFixPoint] #num_loops=1 #num_dual_strengthening=1
2025-09-16 04:25:10,528 | INFO | [phase2]   3.07e-04s  0.00e+00d  [operations_research::sat::CpModelPresolver::ExpandObjective]
2025-09-16 04:25:10,530 | INFO | [phase2] 
2025-09-16 04:25:10,530 | INFO | [phase2] Presolve summary:
2025-09-16 04:25:10,531 | INFO | [phase2]   - 35 affine relations were detected.
2025-09-16 04:25:10,532 | INFO | [phase2]   - rule 'TODO dual: only one blocking constraint?' was applied 252 times.
2025-09-16 04:25:10,538 | INFO | [phase2]   - rule 'TODO linear2: contains a Boolean.' was applied 168 times.
2025-09-16 04:25:10,542 | INFO | [phase2]   - rule 'affine: new relation' was applied 35 times.
2025-09-16 04:25:10,543 | INFO | [phase2]   - rule 'at_most_one: empty or all false' was applied 147 times.
2025-09-16 04:25:10,544 | INFO | [phase2]   - rule 'at_most_one: removed literals' was applied 147 times.
2025-09-16 04:25:10,545 | INFO | [phase2]   - rule 'bool_and: non-reified.' was applied 42 times.
2025-09-16 04:25:10,546 | INFO | [phase2]   - rule 'bool_or: always true' was applied 7 times.
2025-09-16 04:25:10,547 | INFO | [phase2]   - rule 'bool_or: implications' was applied 84 times.
2025-09-16 04:25:10,548 | INFO | [phase2]   - rule 'deductions: 140 stored' was applied 1 time.
2025-09-16 04:25:10,549 | INFO | [phase2]   - rule 'enforcement: always false' was applied 441 times.
2025-09-16 04:25:10,550 | INFO | [phase2]   - rule 'enforcement: false literal' was applied 238 times.
2025-09-16 04:25:10,554 | INFO | [phase2]   - rule 'enforcement: true literal' was applied 196 times.
2025-09-16 04:25:10,559 | INFO | [phase2]   - rule 'int_prod: constant product' was applied 434 times.
2025-09-16 04:25:10,560 | INFO | [phase2]   - rule 'int_prod: removed constant expressions.' was applied 861 times.
2025-09-16 04:25:10,561 | INFO | [phase2]   - rule 'int_prod: unused affine target' was applied 7 times.
2025-09-16 04:25:10,562 | INFO | [phase2]   - rule 'int_square: reduced target domain.' was applied 63 times.
2025-09-16 04:25:10,563 | INFO | [phase2]   - rule 'lin_max: all exprs fixed during copy' was applied 28 times.
2025-09-16 04:25:10,564 | INFO | [phase2]   - rule 'lin_max: converted to equality' was applied 7 times.
2025-09-16 04:25:10,564 | INFO | [phase2]   - rule 'lin_max: reduced expression domain.' was applied 28 times.
2025-09-16 04:25:10,566 | INFO | [phase2]   - rule 'lin_max: removed exprs' was applied 14 times.
2025-09-16 04:25:10,571 | INFO | [phase2]   - rule 'lin_max: target domain reduced' was applied 7 times.
2025-09-16 04:25:10,576 | INFO | [phase2]   - rule 'lin_max: x = max(x, ...)' was applied 7 times.
2025-09-16 04:25:10,578 | INFO | [phase2]   - rule 'linear1: always true' was applied 14 times.
2025-09-16 04:25:10,578 | INFO | [phase2]   - rule 'linear1: x in domain' was applied 1'024 times.
2025-09-16 04:25:10,579 | INFO | [phase2]   - rule 'linear: always true' was applied 945 times.
2025-09-16 04:25:10,580 | INFO | [phase2]   - rule 'linear: empty' was applied 505 times.
2025-09-16 04:25:10,581 | INFO | [phase2]   - rule 'linear: enforcement literal in expression' was applied 7 times.
2025-09-16 04:25:10,583 | INFO | [phase2]   - rule 'linear: fixed or dup variables' was applied 1'999 times.
2025-09-16 04:25:10,586 | INFO | [phase2]   - rule 'linear: negative clause' was applied 49 times.
2025-09-16 04:25:10,589 | INFO | [phase2]   - rule 'linear: positive clause' was applied 42 times.
2025-09-16 04:25:10,590 | INFO | [phase2]   - rule 'linear: reduced variable domains' was applied 519 times.
2025-09-16 04:25:10,593 | INFO | [phase2]   - rule 'linear: remapped using affine relations' was applied 63 times.
2025-09-16 04:25:10,594 | INFO | [phase2]   - rule 'linear: variable substitution 0' was applied 1 time.
2025-09-16 04:25:10,595 | INFO | [phase2]   - rule 'linear: variable substitution 1' was applied 7 times.
2025-09-16 04:25:10,596 | INFO | [phase2]   - rule 'presolve: 2090 unused variables removed.' was applied 1 time.
2025-09-16 04:25:10,597 | INFO | [phase2]   - rule 'presolve: iteration' was applied 2 times.
2025-09-16 04:25:10,598 | INFO | [phase2]   - rule 'variables: both boolean and its negation fix the same variable' was applied 21 times.
2025-09-16 04:25:10,599 | INFO | [phase2]   - rule 'variables: both boolean and its negation imply same equality' was applied 7 times.
2025-09-16 04:25:10,603 | INFO | [phase2]   - rule 'variables: detect half reified value encoding' was applied 126 times.
2025-09-16 04:25:10,610 | INFO | [phase2] 
2025-09-16 04:25:10,611 | INFO | [phase2] Presolved optimization model '': (model_fingerprint: 0xd64395d635c6e163)
#Variables: 28 (#ints: 14 in objective) (14 primary variables)
  - 7 in [0,1][4][9][16][25][36][49][64][81][100][ ... 169][196][225][256][289][324][361][400][441][484]
  - 7 in [0,22]
  - 7 in [3,22]
  - 7 in [9][16][25][36][49][64][81][100][121][144][169][196][225][256][289][324][361][400][441][484]
#kIntProd: 14
2025-09-16 04:25:10,612 | INFO | [phase2] 
2025-09-16 04:25:10,613 | INFO | [phase2] Preloading model.
2025-09-16 04:25:10,614 | INFO | [phase2] #Bound   0.28s best:inf   next:[315000,33880000] initial_domain
2025-09-16 04:25:10,615 | INFO | [phase2] #Model   0.28s var:28/28 constraints:14/14 compo:2,2,2,2,2,2,2,2,2,2,...
2025-09-16 04:25:10,620 | INFO | [phase2] 
2025-09-16 04:25:10,626 | INFO | [phase2] Starting search at 0.29s with 16 workers.
2025-09-16 04:25:10,627 | INFO | [phase2] 11 full problem subsolvers: [core, default_lp, lb_tree_search, max_lp, no_lp, objective_lb_search, probing, pseudo_costs, quick_restart, quick_restart_no_lp, reduced_costs]
2025-09-16 04:25:10,628 | INFO | [phase2] 5 first solution subsolvers: [fj(2), fs_random, fs_random_no_lp, fs_random_quick_restart_no_lp]
2025-09-16 04:25:10,629 | INFO | [phase2] 11 interleaved subsolvers: [feasibility_pump, graph_arc_lns, graph_cst_lns, graph_dec_lns, graph_var_lns, lb_relax_lns, ls, ls_lin, rins/rens, rnd_cst_lns, rnd_var_lns]
2025-09-16 04:25:10,630 | INFO | [phase2] 3 helper subsolvers: [neighborhood_helper, synchronization_agent, update_gap_integral]
2025-09-16 04:25:10,633 | INFO | [phase2] 
2025-09-16 04:25:10,643 | INFO | [phase2] #1       0.30s best:315000 next:[]         core (fixed_bools=0/14)
2025-09-16 04:25:10,646 | INFO | [phase2] #Done    0.31s core
2025-09-16 04:25:10,648 | INFO | [phase2] #Done    0.31s no_lp
2025-09-16 04:25:10,667 | INFO | [phase2] 
2025-09-16 04:25:10,667 | INFO | [phase2] Task timing                                n [     min,      max]      avg      dev     time         n [     min,      max]      avg      dev    dtime
                           'core':         1 [  6.37ms,   6.37ms]   6.37ms   0.00ns   6.37ms         1 [  4.63us,   4.63us]   4.63us   0.00ns   4.63us
                     'default_lp':         1 [  8.28ms,   8.28ms]   8.28ms   0.00ns   8.28ms         0 [  0.00ns,   0.00ns]   0.00ns   0.00ns   0.00ns
               'feasibility_pump':         1 [154.70us, 154.70us] 154.70us   0.00ns 154.70us         0 [  0.00ns,   0.00ns]   0.00ns   0.00ns   0.00ns
                             'fj':         0 [  0.00ns,   0.00ns]   0.00ns   0.00ns   0.00ns         0 [  0.00ns,   0.00ns]   0.00ns   0.00ns   0.00ns
                             'fj':         1 [105.30us, 105.30us] 105.30us   0.00ns 105.30us         0 [  0.00ns,   0.00ns]   0.00ns   0.00ns   0.00ns
                      'fs_random':         1 [421.90us, 421.90us] 421.90us   0.00ns 421.90us         0 [  0.00ns,   0.00ns]   0.00ns   0.00ns   0.00ns
                'fs_random_no_lp':         1 [  2.82ms,   2.82ms]   2.82ms   0.00ns   2.82ms         0 [  0.00ns,   0.00ns]   0.00ns   0.00ns   0.00ns
  'fs_random_quick_restart_no_lp':         1 [  1.11ms,   1.11ms]   1.11ms   0.00ns   1.11ms         0 [  0.00ns,   0.00ns]   0.00ns   0.00ns   0.00ns
                  'graph_arc_lns':         0 [  0.00ns,   0.00ns]   0.00ns   0.00ns   0.00ns         0 [  0.00ns,   0.00ns]   0.00ns   0.00ns   0.00ns
                  'graph_cst_lns':         0 [  0.00ns,   0.00ns]   0.00ns   0.00ns   0.00ns         0 [  0.00ns,   0.00ns]   0.00ns   0.00ns   0.00ns
                  'graph_dec_lns':         0 [  0.00ns,   0.00ns]   0.00ns   0.00ns   0.00ns         0 [  0.00ns,   0.00ns]   0.00ns   0.00ns   0.00ns
                  'graph_var_lns':         0 [  0.00ns,   0.00ns]   0.00ns   0.00ns   0.00ns         0 [  0.00ns,   0.00ns]   0.00ns   0.00ns   0.00ns
                   'lb_relax_lns':         0 [  0.00ns,   0.00ns]   0.00ns   0.00ns   0.00ns         0 [  0.00ns,   0.00ns]   0.00ns   0.00ns   0.00ns
                 'lb_tree_search':         1 [  4.23ms,   4.23ms]   4.23ms   0.00ns   4.23ms         0 [  0.00ns,   0.00ns]   0.00ns   0.00ns   0.00ns
                             'ls':         0 [  0.00ns,   0.00ns]   0.00ns   0.00ns   0.00ns         0 [  0.00ns,   0.00ns]   0.00ns   0.00ns   0.00ns
                         'ls_lin':         0 [  0.00ns,   0.00ns]   0.00ns   0.00ns   0.00ns         0 [  0.00ns,   0.00ns]   0.00ns   0.00ns   0.00ns
                         'max_lp':         1 [  6.32ms,   6.32ms]   6.32ms   0.00ns   6.32ms         0 [  0.00ns,   0.00ns]   0.00ns   0.00ns   0.00ns
                          'no_lp':         1 [  7.13ms,   7.13ms]   7.13ms   0.00ns   7.13ms         1 [  3.07us,   3.07us]   3.07us   0.00ns   3.07us
            'objective_lb_search':         1 [  3.78ms,   3.78ms]   3.78ms   0.00ns   3.78ms         0 [  0.00ns,   0.00ns]   0.00ns   0.00ns   0.00ns
                        'probing':         1 [  4.05ms,   4.05ms]   4.05ms   0.00ns   4.05ms         0 [  0.00ns,   0.00ns]   0.00ns   0.00ns   0.00ns
                   'pseudo_costs':         1 [  4.32ms,   4.32ms]   4.32ms   0.00ns   4.32ms         0 [  0.00ns,   0.00ns]   0.00ns   0.00ns   0.00ns
                  'quick_restart':         1 [  6.24ms,   6.24ms]   6.24ms   0.00ns   6.24ms         0 [  0.00ns,   0.00ns]   0.00ns   0.00ns   0.00ns
            'quick_restart_no_lp':         1 [  4.71ms,   4.71ms]   4.71ms   0.00ns   4.71ms         0 [  0.00ns,   0.00ns]   0.00ns   0.00ns   0.00ns
                  'reduced_costs':         1 [  6.75ms,   6.75ms]   6.75ms   0.00ns   6.75ms         0 [  0.00ns,   0.00ns]   0.00ns   0.00ns   0.00ns
                      'rins/rens':         0 [  0.00ns,   0.00ns]   0.00ns   0.00ns   0.00ns         0 [  0.00ns,   0.00ns]   0.00ns   0.00ns   0.00ns
                    'rnd_cst_lns':         0 [  0.00ns,   0.00ns]   0.00ns   0.00ns   0.00ns         0 [  0.00ns,   0.00ns]   0.00ns   0.00ns   0.00ns
                    'rnd_var_lns':         0 [  0.00ns,   0.00ns]   0.00ns   0.00ns   0.00ns         0 [  0.00ns,   0.00ns]   0.00ns   0.00ns   0.00ns
2025-09-16 04:25:10,670 | INFO | [phase2] Search stats                        Bools  Conflicts  Branches  Restarts  BoolPropag  IntegerPropag
                           'core':     14          0        13         2          15             57
                     'default_lp':      0          0         0         0           0              0
                      'fs_random':      0          0         0         0           0              0
                'fs_random_no_lp':      0          0         0         0           0              0
  'fs_random_quick_restart_no_lp':      0          0         0         0           0              0
                 'lb_tree_search':      0          0         0         0           0              0
                         'max_lp':      0          0         0         0           0              0
                          'no_lp':     14          0        14         1           0             29
            'objective_lb_search':      0          0         0         0           0              0
                        'probing':      0          0         0         0           0              0
                   'pseudo_costs':      0          0         0         0           0              0
                  'quick_restart':      0          0         0         0           0              0
            'quick_restart_no_lp':      0          0         0         0           0              0
                  'reduced_costs':      0          0         0         0           0              0
2025-09-16 04:25:10,674 | INFO | [phase2] SAT stats                           ClassicMinim  LitRemoved  LitLearned  LitForgotten  Subsumed  MClauses  MDecisions  MLitTrue  MSubsumed  MLitRemoved  MReused
                           'core':             0           0           0             0         0         0           0         0          0            0        0
                     'default_lp':             0           0           0             0         0         0           0         0          0            0        0
                      'fs_random':             0           0           0             0         0         0           0         0          0            0        0
                'fs_random_no_lp':             0           0           0             0         0         0           0         0          0            0        0
  'fs_random_quick_restart_no_lp':             0           0           0             0         0         0           0         0          0            0        0
                 'lb_tree_search':             0           0           0             0         0         0           0         0          0            0        0
                         'max_lp':             0           0           0             0         0         0           0         0          0            0        0
                          'no_lp':             0           0           0             0         0         0           0         0          0            0        0
            'objective_lb_search':             0           0           0             0         0         0           0         0          0            0        0
                        'probing':             0           0           0             0         0         0           0         0          0            0        0
                   'pseudo_costs':             0           0           0             0         0         0           0         0          0            0        0
                  'quick_restart':             0           0           0             0         0         0           0         0          0            0        0
            'quick_restart_no_lp':             0           0           0             0         0         0           0         0          0            0        0
                  'reduced_costs':             0           0           0             0         0         0           0         0          0            0        0
2025-09-16 04:25:10,677 | INFO | [phase2] Lp stats                  Component  Iterations  AddedCuts  OPTIMAL  DUAL_F.  DUAL_U.
           'default_lp':         14           0          0       14        0        0
       'lb_tree_search':         14           0          0       14        0        0
               'max_lp':         14           0          0       14        0        0
  'objective_lb_search':         14           0          0       14        0        0
              'probing':         14           0          0       14        0        0
         'pseudo_costs':         14           0          0       14        0        0
        'quick_restart':         14           0          0       14        0        0
        'reduced_costs':         14           0          0       14        0        0
2025-09-16 04:25:10,679 | INFO | [phase2] Lp dimension              Final dimension of first component
           'default_lp':        0 rows, 2 columns, 0 entries
       'lb_tree_search':        3 rows, 2 columns, 6 entries
               'max_lp':        3 rows, 2 columns, 6 entries
  'objective_lb_search':        0 rows, 2 columns, 0 entries
              'probing':        0 rows, 2 columns, 0 entries
         'pseudo_costs':        0 rows, 2 columns, 0 entries
        'quick_restart':        0 rows, 2 columns, 0 entries
        'reduced_costs':        0 rows, 2 columns, 0 entries
2025-09-16 04:25:10,689 | INFO | [phase2] Lp debug                  CutPropag  CutEqPropag  Adjust  Overflow  Bad  BadScaling
           'default_lp':          0            0       0         0    0           0
       'lb_tree_search':          0            0       0         0    0           0
               'max_lp':          0            0       0         0    0           0
  'objective_lb_search':          0            0       0         0    0           0
              'probing':          0            0       0         0    0           0
         'pseudo_costs':          0            0       0         0    0           0
        'quick_restart':          0            0       0         0    0           0
        'reduced_costs':          0            0       0         0    0           0
2025-09-16 04:25:10,693 | INFO | [phase2] Lp pool                   Constraints  Updates  Simplif  Merged  Shortened  Split  Strenghtened  Cuts/Call
           'default_lp':           42        0        0       0          0      0             0        0/0
       'lb_tree_search':           42        0        0       0          0      0             0       0/28
               'max_lp':           42        0        0       0          0      0             0       0/28
  'objective_lb_search':           42        0        0       0          0      0             0        0/0
              'probing':           42        0        0       0          0      0             0        0/0
         'pseudo_costs':           42        0        0       0          0      0             0        0/0
        'quick_restart':           42        0        0       0          0      0             0        0/0
        'reduced_costs':           42        0        0       0          0      0             0        0/0
2025-09-16 04:25:10,694 | INFO | [phase2] LNS stats           Improv/Calls  Closed  Difficulty  TimeLimit
  'graph_arc_lns':           0/0      0%    5.00e-01       0.10
  'graph_cst_lns':           0/0      0%    5.00e-01       0.10
  'graph_dec_lns':           0/0      0%    5.00e-01       0.10
  'graph_var_lns':           0/0      0%    5.00e-01       0.10
   'lb_relax_lns':           0/0      0%    5.00e-01       0.50
      'rins/rens':           0/0      0%    5.00e-01       0.10
    'rnd_cst_lns':           0/0      0%    5.00e-01       0.10
    'rnd_var_lns':           0/0      0%    5.00e-01       0.10
2025-09-16 04:25:10,700 | INFO | [phase2] Solutions (1)    Num   Rank
        'core':    1  [1,1]
2025-09-16 04:25:10,706 | INFO | [phase2] Objective bounds     Num
  'initial_domain':    1
2025-09-16 04:25:10,706 | INFO | [phase2] Solution repositories    Added  Queried  Synchro
  'feasible solutions':      2        0        2
   'fj solution hints':      0        0        0
        'lp solutions':      0        0        0
                'pump':      0        0
2025-09-16 04:25:10,711 | INFO | [phase2] CpSolverResponse summary:
status: OPTIMAL
objective: 315000
best_bound: 315000
integers: 29
booleans: 14
conflicts: 0
branches: 13
propagations: 15
integer_propagations: 57
restarts: 2
lp_iterations: 0
walltime: 0.371242
usertime: 0.371243
deterministic_time: 8.96e-06
gap_integral: 8.02332e-05
solution_fingerprint: 0x69d711836b0e2781
2025-09-16 04:25:10,720 | INFO | Phase-2 status=OPTIMAL
2025-09-16 04:25:10,720 | INFO | Phase-2 best objective=315000.0 best bound=315000.0
2025-09-16 04:25:10,722 | INFO | Pool collected=1
2025-09-16 04:25:10,730 | INFO | Selected tables=2 (requested K=2)
2025-09-16 04:25:10,731 | INFO | Selected objectives: [315000.0, 315000.0]
2025-09-16 04:25:10,852 | INFO | Wrote: Result_17\schedules.xlsx
2025-09-16 04:25:10,853 | INFO | Wrote: Result_17\hospital_schedule.xlsx
2025-09-16 04:25:10,855 | INFO | Wrote: Result_17\calendar.xlsx
2025-09-16 04:25:10,855 | INFO | Wrote: Result_17\eligibility_capacity.json
2025-09-16 04:25:10,856 | INFO | Wrote grid: Result_17\schedules.xlsx
2025-09-16 04:25:10,858 | INFO | Wrote hospital: Result_17\hospital_schedule.xlsx
2025-09-16 04:25:10,859 | INFO | Wrote calendar: Result_17\calendar.xlsx
2025-09-16 04:25:10,860 | INFO | Wrote run meta: Result_17\scheduler_log_20250916_042509.json
2025-09-16 04:25:10,861 | INFO | ===== SCHEDULER RUN COMPLETE 20250916_042509 =====
2025-09-16 04:25:10,930 | INFO | Logging to Result_17\scheduler_run.log
2025-09-16 04:25:10,933 | INFO | ===== SCHEDULER RUN 20250916_042510 =====
2025-09-16 04:25:10,934 | INFO | Args.case=C:\Users\sapper\AppData\Local\Temp\tmpjjf3w69k.json
2025-09-16 04:25:10,942 | INFO | Loaded case with 31 days, 22 shifts, 7 providers
2025-09-16 04:25:10,943 | INFO | Run config: out=Result_17 k=2 seed=1 time=1500 L=1
2025-09-16 04:25:10,948 | INFO | Wrote: Result_17\constants_effective.log
2025-09-16 04:25:10,951 | INFO | Wrote capacity snapshot: Result_17\eligibility_capacity.json
2025-09-16 04:25:10,952 | INFO | Instance: |days|=31 |shifts|=22 |providers|=7 |types|=10
2025-09-16 04:25:10,956 | INFO | Weekend names: ['Saturday', 'Sunday']
2025-09-16 04:25:10,957 | INFO | Weekend indices: [3, 4, 10, 11, 17, 18, 24, 25]
2025-09-16 04:25:10,958 | INFO | Shift[0] keys: ['id', 'date', 'type', 'start', 'end', 'allowed_provider_types']
2025-09-16 04:25:10,959 | INFO | Provider[0] keys: ['id', 'name', 'type', 'max_consecutive_days', 'limits', 'forbidden_days_soft', 'forbidden_days_hard', 'preferred_days_hard', 'preferred_days_soft']
2025-09-16 04:25:10,960 | INFO | Provider types: ['MD_N', 'MD_S2']
2025-09-16 04:25:10,969 | INFO | max_consecutive_days per provider (0 means no cap): [12, 3, 2, 2, 4, 3, 3]
2025-09-16 04:25:11,218 | INFO | 0
2025-09-16 04:25:11,220 | INFO | 1
2025-09-16 04:25:11,223 | INFO | 2
2025-09-16 04:25:11,224 | INFO | 3
2025-09-16 04:25:11,225 | INFO | 4
2025-09-16 04:25:11,226 | INFO | 5
2025-09-16 04:25:11,228 | INFO | 6
2025-09-16 04:25:11,238 | INFO | Phase-1 solve: time=120.0s workers=8
2025-09-16 04:25:11,245 | INFO | [phase1] 
2025-09-16 04:25:11,246 | INFO | [phase1] Starting CP-SAT solver v9.14.6206
2025-09-16 04:25:11,247 | INFO | [phase1] Parameters: max_time_in_seconds: 120 log_search_progress: true num_search_workers: 8 log_to_stdout: false
2025-09-16 04:25:11,262 | INFO | [phase1] 
2025-09-16 04:25:11,273 | INFO | [phase1] Initial optimization model '': (model_fingerprint: 0x910604613e2ad2ca)
#Variables: 1'543 (#ints: 1 in objective) (754 primary variables)
  - 610 Booleans in [0,1]
  - 7 in [-31,31]
  - 7 in [0,22]
  - 448 in [0,31]
  - 217 in [0,961]
  - 28 in [0,1000]
  - 224 in [0,29791]
  - 1 in [0,1000000000000000000]
  - 1 constants in {0} 
#kAtMostOne: 147 (#literals: 294)
#kIntProd: 434
#kLinMax: 14 (#expressions: 231)
#kLinear1: 965 (#enforced: 651 #multi: 210)
#kLinear2: 1'043 (#enforced: 427 #multi: 210)
#kLinear3: 238
#kLinearN: 66 (#terms: 889)
2025-09-16 04:25:11,275 | INFO | [phase1] 
2025-09-16 04:25:11,276 | INFO | [phase1] Starting presolve at 0.03s
2025-09-16 04:25:11,303 | INFO | [phase1]   8.35e-04s  0.00e+00d  [DetectDominanceRelations]
2025-09-16 04:25:11,307 | INFO | [phase1]   2.07e-02s  0.00e+00d  [operations_research::sat::CpModelPresolver::PresolveToFixPoint] #num_loops=2 #num_dual_strengthening=1
2025-09-16 04:25:11,310 | INFO | [phase1]   8.72e-04s  0.00e+00d  [operations_research::sat::CpModelPresolver::ExtractEncodingFromLinear]
2025-09-16 04:25:11,315 | INFO | [phase1]   1.62e-04s  0.00e+00d  [operations_research::sat::CpModelPresolver::DetectDuplicateColumns]
2025-09-16 04:25:11,316 | INFO | [phase1]   1.28e-04s  0.00e+00d  [operations_research::sat::CpModelPresolver::DetectDuplicateConstraints]
2025-09-16 04:25:11,318 | INFO | [phase1] [Symmetry] Graph for symmetry has 1'543 nodes and 0 arcs.
2025-09-16 04:25:11,319 | INFO | [phase1] [Symmetry] Symmetry computation done. time: 0.0003092 dtime: 9.258e-05
2025-09-16 04:25:11,322 | INFO | [phase1]   9.14e-05s  0.00e+00d  [operations_research::sat::CpModelPresolver::DetectDuplicateConstraintsWithDifferentEnforcements]
2025-09-16 04:25:11,323 | INFO | [phase1]   2.87e-03s  0.00e+00d  [operations_research::sat::CpModelPresolver::Probe]
2025-09-16 04:25:11,324 | INFO | [phase1]   8.50e-05s  0.00e+00d  [MaxClique]
2025-09-16 04:25:11,326 | INFO | [phase1]   1.24e-04s  0.00e+00d  [operations_research::sat::CpModelPresolver::PresolveToFixPoint]
2025-09-16 04:25:11,330 | INFO | [phase1]   8.58e-05s  0.00e+00d  [operations_research::sat::CpModelPresolver::ProcessAtMostOneAndLinear]
2025-09-16 04:25:11,331 | INFO | [phase1]   1.37e-04s  0.00e+00d  [operations_research::sat::CpModelPresolver::DetectDuplicateConstraints]
2025-09-16 04:25:11,335 | INFO | [phase1]   1.25e-04s  0.00e+00d  [operations_research::sat::CpModelPresolver::DetectDuplicateConstraintsWithDifferentEnforcements]
2025-09-16 04:25:11,335 | INFO | [phase1]   7.63e-05s  0.00e+00d  [operations_research::sat::CpModelPresolver::DetectDominatedLinearConstraints]
2025-09-16 04:25:11,337 | INFO | [phase1]   1.03e-04s  0.00e+00d  [operations_research::sat::CpModelPresolver::DetectDifferentVariables]
2025-09-16 04:25:11,338 | INFO | [phase1]   8.45e-05s  0.00e+00d  [operations_research::sat::CpModelPresolver::ProcessSetPPC]
2025-09-16 04:25:11,340 | INFO | [phase1]   1.22e-04s  0.00e+00d  [operations_research::sat::CpModelPresolver::FindAlmostIdenticalLinearConstraints]
2025-09-16 04:25:11,344 | INFO | [phase1]   2.51e-04s  0.00e+00d  [operations_research::sat::CpModelPresolver::FindBigAtMostOneAndLinearOverlap]
2025-09-16 04:25:11,345 | INFO | [phase1]   1.08e-04s  2.80e-07d  [operations_research::sat::CpModelPresolver::FindBigVerticalLinearOverlap]
2025-09-16 04:25:11,346 | INFO | [phase1]   9.27e-05s  0.00e+00d  [operations_research::sat::CpModelPresolver::FindBigHorizontalLinearOverlap]
2025-09-16 04:25:11,347 | INFO | [phase1]   1.41e-04s  0.00e+00d  [operations_research::sat::CpModelPresolver::MergeClauses]
2025-09-16 04:25:11,348 | INFO | [phase1]   5.39e-05s  0.00e+00d  [operations_research::sat::CpModelPresolver::PresolveToFixPoint]
2025-09-16 04:25:11,349 | INFO | [phase1]   1.07e-04s  0.00e+00d  [operations_research::sat::CpModelPresolver::PresolveToFixPoint]
2025-09-16 04:25:11,350 | INFO | [phase1]   1.70e-04s  0.00e+00d  [operations_research::sat::CpModelPresolver::DetectDuplicateColumns]
2025-09-16 04:25:11,351 | INFO | [phase1]   1.45e-04s  0.00e+00d  [operations_research::sat::CpModelPresolver::DetectDuplicateConstraints]
2025-09-16 04:25:11,363 | INFO | [phase1] [Symmetry] Graph for symmetry has 1'543 nodes and 0 arcs.
2025-09-16 04:25:11,364 | INFO | [phase1] [Symmetry] Symmetry computation done. time: 0.0001992 dtime: 9.258e-05
2025-09-16 04:25:11,366 | INFO | [phase1]   3.97e-05s  0.00e+00d  [operations_research::sat::CpModelPresolver::DetectDuplicateConstraintsWithDifferentEnforcements]
2025-09-16 04:25:11,367 | INFO | [phase1]   1.69e-03s  0.00e+00d  [operations_research::sat::CpModelPresolver::Probe]
2025-09-16 04:25:11,368 | INFO | [phase1]   7.38e-05s  0.00e+00d  [MaxClique]
2025-09-16 04:25:11,369 | INFO | [phase1]   1.18e-04s  0.00e+00d  [operations_research::sat::CpModelPresolver::PresolveToFixPoint]
2025-09-16 04:25:11,370 | INFO | [phase1]   1.29e-04s  0.00e+00d  [operations_research::sat::CpModelPresolver::ProcessAtMostOneAndLinear]
2025-09-16 04:25:11,373 | INFO | [phase1]   3.03e-04s  0.00e+00d  [operations_research::sat::CpModelPresolver::DetectDuplicateConstraints]
2025-09-16 04:25:11,376 | INFO | [phase1]   9.84e-05s  0.00e+00d  [operations_research::sat::CpModelPresolver::DetectDuplicateConstraintsWithDifferentEnforcements]
2025-09-16 04:25:11,377 | INFO | [phase1]   8.15e-05s  0.00e+00d  [operations_research::sat::CpModelPresolver::DetectDominatedLinearConstraints]
2025-09-16 04:25:11,387 | INFO | [phase1]   3.41e-04s  0.00e+00d  [operations_research::sat::CpModelPresolver::DetectDifferentVariables]
2025-09-16 04:25:11,389 | INFO | [phase1]   9.85e-05s  0.00e+00d  [operations_research::sat::CpModelPresolver::ProcessSetPPC]
2025-09-16 04:25:11,395 | INFO | [phase1]   2.22e-04s  0.00e+00d  [operations_research::sat::CpModelPresolver::FindAlmostIdenticalLinearConstraints]
2025-09-16 04:25:11,397 | INFO | [phase1]   2.17e-04s  0.00e+00d  [operations_research::sat::CpModelPresolver::FindBigAtMostOneAndLinearOverlap]
2025-09-16 04:25:11,401 | INFO | [phase1]   8.70e-05s  2.80e-07d  [operations_research::sat::CpModelPresolver::FindBigVerticalLinearOverlap]
2025-09-16 04:25:11,402 | INFO | [phase1]   1.12e-04s  0.00e+00d  [operations_research::sat::CpModelPresolver::FindBigHorizontalLinearOverlap]
2025-09-16 04:25:11,403 | INFO | [phase1]   2.24e-04s  0.00e+00d  [operations_research::sat::CpModelPresolver::MergeClauses]
2025-09-16 04:25:11,409 | INFO | [phase1]   6.76e-05s  0.00e+00d  [operations_research::sat::CpModelPresolver::PresolveToFixPoint]
2025-09-16 04:25:11,414 | INFO | [phase1]   2.19e-04s  0.00e+00d  [operations_research::sat::CpModelPresolver::ExpandObjective]
2025-09-16 04:25:11,422 | INFO | [phase1] 
2025-09-16 04:25:11,425 | INFO | [phase1] Presolve summary:
2025-09-16 04:25:11,427 | INFO | [phase1]   - 35 affine relations were detected.
2025-09-16 04:25:11,427 | INFO | [phase1]   - rule 'TODO linear2: contains a Boolean.' was applied 168 times.
2025-09-16 04:25:11,428 | INFO | [phase1]   - rule 'affine: new relation' was applied 35 times.
2025-09-16 04:25:11,429 | INFO | [phase1]   - rule 'at_most_one: empty or all false' was applied 147 times.
2025-09-16 04:25:11,430 | INFO | [phase1]   - rule 'at_most_one: removed literals' was applied 147 times.
2025-09-16 04:25:11,431 | INFO | [phase1]   - rule 'bool_and: non-reified.' was applied 42 times.
2025-09-16 04:25:11,436 | INFO | [phase1]   - rule 'bool_or: always true' was applied 7 times.
2025-09-16 04:25:11,442 | INFO | [phase1]   - rule 'bool_or: implications' was applied 84 times.
2025-09-16 04:25:11,443 | INFO | [phase1]   - rule 'deductions: 140 stored' was applied 1 time.
2025-09-16 04:25:11,444 | INFO | [phase1]   - rule 'dual: fix variable' was applied 14 times.
2025-09-16 04:25:11,446 | INFO | [phase1]   - rule 'enforcement: always false' was applied 441 times.
2025-09-16 04:25:11,447 | INFO | [phase1]   - rule 'enforcement: false literal' was applied 238 times.
2025-09-16 04:25:11,448 | INFO | [phase1]   - rule 'enforcement: true literal' was applied 196 times.
2025-09-16 04:25:11,449 | INFO | [phase1]   - rule 'int_prod: constant product' was applied 427 times.
2025-09-16 04:25:11,458 | INFO | [phase1]   - rule 'int_prod: removed constant expressions.' was applied 847 times.
2025-09-16 04:25:11,461 | INFO | [phase1]   - rule 'int_prod: unused affine target' was applied 7 times.
2025-09-16 04:25:11,462 | INFO | [phase1]   - rule 'int_square: reduced target domain.' was applied 49 times.
2025-09-16 04:25:11,463 | INFO | [phase1]   - rule 'lin_max: affine_max target domain reduced' was applied 7 times.
2025-09-16 04:25:11,465 | INFO | [phase1]   - rule 'lin_max: converted to equality' was applied 14 times.
2025-09-16 04:25:11,466 | INFO | [phase1]   - rule 'lin_max: removed exprs' was applied 21 times.
2025-09-16 04:25:11,474 | INFO | [phase1]   - rule 'lin_max: target domain reduced' was applied 14 times.
2025-09-16 04:25:11,475 | INFO | [phase1]   - rule 'linear1: always true' was applied 7 times.
2025-09-16 04:25:11,476 | INFO | [phase1]   - rule 'linear1: x in domain' was applied 463 times.
2025-09-16 04:25:11,477 | INFO | [phase1]   - rule 'linear: always true' was applied 594 times.
2025-09-16 04:25:11,478 | INFO | [phase1]   - rule 'linear: empty' was applied 519 times.
2025-09-16 04:25:11,479 | INFO | [phase1]   - rule 'linear: enforcement literal in expression' was applied 7 times.
2025-09-16 04:25:11,480 | INFO | [phase1]   - rule 'linear: fixed or dup variables' was applied 2'019 times.
2025-09-16 04:25:11,481 | INFO | [phase1]   - rule 'linear: negative clause' was applied 49 times.
2025-09-16 04:25:11,482 | INFO | [phase1]   - rule 'linear: positive clause' was applied 42 times.
2025-09-16 04:25:11,483 | INFO | [phase1]   - rule 'linear: reduced variable domains' was applied 526 times.
2025-09-16 04:25:11,491 | INFO | [phase1]   - rule 'linear: remapped using affine relations' was applied 63 times.
2025-09-16 04:25:11,495 | INFO | [phase1]   - rule 'linear: singleton column' was applied 7 times.
2025-09-16 04:25:11,496 | INFO | [phase1]   - rule 'linear: variable substitution 0' was applied 1 time.
2025-09-16 04:25:11,497 | INFO | [phase1]   - rule 'presolve: 1528 unused variables removed.' was applied 1 time.
2025-09-16 04:25:11,504 | INFO | [phase1]   - rule 'presolve: iteration' was applied 2 times.
2025-09-16 04:25:11,507 | INFO | [phase1]   - rule 'variables: both boolean and its negation fix the same variable' was applied 21 times.
2025-09-16 04:25:11,508 | INFO | [phase1]   - rule 'variables: both boolean and its negation imply same equality' was applied 7 times.
2025-09-16 04:25:11,509 | INFO | [phase1]   - rule 'variables: detect half reified value encoding' was applied 126 times.
2025-09-16 04:25:11,512 | INFO | [phase1] 
2025-09-16 04:25:11,512 | INFO | [phase1] Presolved optimization model '': (model_fingerprint: 0xc705e16f141fc4e1)
#Variables: 0 ( in objective) (0 primary variables)
2025-09-16 04:25:11,513 | INFO | [phase1] [Symmetry] Graph for symmetry has 0 nodes and 0 arcs.
2025-09-16 04:25:11,514 | INFO | [phase1] 
2025-09-16 04:25:11,523 | INFO | [phase1] Preloading model.
2025-09-16 04:25:11,527 | INFO | [phase1] #Bound   0.28s best:inf   next:[448,448]  initial_domain
2025-09-16 04:25:11,528 | INFO | [phase1] The solution hint is complete and is feasible. Its objective value is 448.
2025-09-16 04:25:11,530 | INFO | [phase1] #Model   0.28s var:0/0 constraints:0/0
2025-09-16 04:25:11,531 | INFO | [phase1] 
2025-09-16 04:25:11,538 | INFO | [phase1] Starting search at 0.29s with 8 workers.
2025-09-16 04:25:11,538 | INFO | [phase1] 5 full problem subsolvers: [default_lp, max_lp, no_lp, quick_restart, quick_restart_no_lp]
2025-09-16 04:25:11,541 | INFO | [phase1] 3 first solution subsolvers: [fj, fs_random, fs_random_no_lp]
2025-09-16 04:25:11,542 | INFO | [phase1] 3 interleaved subsolvers: [feasibility_pump, ls, rins/rens]
2025-09-16 04:25:11,543 | INFO | [phase1] 2 helper subsolvers: [neighborhood_helper, synchronization_agent]
2025-09-16 04:25:11,544 | INFO | [phase1] 
2025-09-16 04:25:11,546 | INFO | [phase1] #1       0.30s best:448   next:[]         default_lp
2025-09-16 04:25:11,547 | INFO | [phase1] #Done    0.30s default_lp
2025-09-16 04:25:11,564 | INFO | [phase1] 
2025-09-16 04:25:11,565 | INFO | [phase1] Task timing                      n [     min,      max]      avg      dev     time         n [     min,      max]      avg      dev    dtime
           'default_lp':         1 [  2.19ms,   2.19ms]   2.19ms   0.00ns   2.19ms         0 [  0.00ns,   0.00ns]   0.00ns   0.00ns   0.00ns
     'feasibility_pump':         1 [113.40us, 113.40us] 113.40us   0.00ns 113.40us         0 [  0.00ns,   0.00ns]   0.00ns   0.00ns   0.00ns
                   'fj':         0 [  0.00ns,   0.00ns]   0.00ns   0.00ns   0.00ns         0 [  0.00ns,   0.00ns]   0.00ns   0.00ns   0.00ns
            'fs_random':         1 [  1.75ms,   1.75ms]   1.75ms   0.00ns   1.75ms         0 [  0.00ns,   0.00ns]   0.00ns   0.00ns   0.00ns
      'fs_random_no_lp':         1 [  1.82ms,   1.82ms]   1.82ms   0.00ns   1.82ms         0 [  0.00ns,   0.00ns]   0.00ns   0.00ns   0.00ns
                   'ls':         0 [  0.00ns,   0.00ns]   0.00ns   0.00ns   0.00ns         0 [  0.00ns,   0.00ns]   0.00ns   0.00ns   0.00ns
               'max_lp':         1 [  2.09ms,   2.09ms]   2.09ms   0.00ns   2.09ms         0 [  0.00ns,   0.00ns]   0.00ns   0.00ns   0.00ns
                'no_lp':         1 [  2.17ms,   2.17ms]   2.17ms   0.00ns   2.17ms         0 [  0.00ns,   0.00ns]   0.00ns   0.00ns   0.00ns
        'quick_restart':         1 [  1.99ms,   1.99ms]   1.99ms   0.00ns   1.99ms         0 [  0.00ns,   0.00ns]   0.00ns   0.00ns   0.00ns
  'quick_restart_no_lp':         1 [  1.91ms,   1.91ms]   1.91ms   0.00ns   1.91ms         0 [  0.00ns,   0.00ns]   0.00ns   0.00ns   0.00ns
            'rins/rens':         0 [  0.00ns,   0.00ns]   0.00ns   0.00ns   0.00ns         0 [  0.00ns,   0.00ns]   0.00ns   0.00ns   0.00ns
2025-09-16 04:25:11,569 | INFO | [phase1] Search stats              Bools  Conflicts  Branches  Restarts  BoolPropag  IntegerPropag
           'default_lp':      0          0         0         0           0              1
            'fs_random':      0          0         0         0           0              0
      'fs_random_no_lp':      0          0         0         0           0              0
               'max_lp':      0          0         0         0           0              0
                'no_lp':      0          0         0         0           0              0
        'quick_restart':      0          0         0         0           0              0
  'quick_restart_no_lp':      0          0         0         0           0              0
2025-09-16 04:25:11,573 | INFO | [phase1] SAT stats                 ClassicMinim  LitRemoved  LitLearned  LitForgotten  Subsumed  MClauses  MDecisions  MLitTrue  MSubsumed  MLitRemoved  MReused
           'default_lp':             0           0           0             0         0         0           0         0          0            0        0
            'fs_random':             0           0           0             0         0         0           0         0          0            0        0
      'fs_random_no_lp':             0           0           0             0         0         0           0         0          0            0        0
               'max_lp':             0           0           0             0         0         0           0         0          0            0        0
                'no_lp':             0           0           0             0         0         0           0         0          0            0        0
        'quick_restart':             0           0           0             0         0         0           0         0          0            0        0
  'quick_restart_no_lp':             0           0           0             0         0         0           0         0          0            0        0
2025-09-16 04:25:11,575 | INFO | [phase1] LNS stats       Improv/Calls  Closed  Difficulty  TimeLimit
  'rins/rens':           0/0      0%    5.00e-01       0.10
2025-09-16 04:25:11,576 | INFO | [phase1] Solutions (1)    Num   Rank
  'default_lp':    1  [1,1]
2025-09-16 04:25:11,577 | INFO | [phase1] Objective bounds     Num
  'initial_domain':    1
2025-09-16 04:25:11,578 | INFO | [phase1] Solution repositories    Added  Queried  Synchro
  'feasible solutions':      1        0        1
   'fj solution hints':      0        0        0
        'lp solutions':      0        0        0
                'pump':      0        0
2025-09-16 04:25:11,580 | INFO | [phase1] CpSolverResponse summary:
status: OPTIMAL
objective: 448
best_bound: 448
integers: 1
booleans: 0
conflicts: 0
branches: 0
propagations: 0
integer_propagations: 1
restarts: 0
lp_iterations: 0
walltime: 0.333274
usertime: 0.333274
deterministic_time: 5.6e-07
gap_integral: 0
solution_fingerprint: 0x1f89d8db7e6fce8e
2025-09-16 04:25:11,588 | INFO | Phase-1 status=OPTIMAL objective(U)=448.0
2025-09-16 04:25:11,589 | INFO | 448.0
2025-09-16 04:25:11,668 | INFO | [wk_pen_count_0(0..4), wk_pen_count_1(0..4), wk_pen_count_2(0..4), wk_pen_count_3(0..4), wk_pen_count_4(0..4), wk_pen_count_5(0..4), wk_pen_count_6(0..4)]
2025-09-16 04:25:11,669 | INFO | Model built: |S|=22 |P|=7 |D|=31
2025-09-16 04:25:11,671 | INFO | Time budget total=1500.00s split: phase1=600.00s phase2=900.00s
2025-09-16 04:25:11,671 | INFO | Phase-2 solve: time=900.0s workers=16 rgap=1e-05 seed=1
2025-09-16 04:25:11,675 | INFO | Diversity threshold L=1, K=2
2025-09-16 04:25:11,686 | INFO | [phase2] 
2025-09-16 04:25:11,687 | INFO | [phase2] Starting CP-SAT solver v9.14.6206
2025-09-16 04:25:11,688 | INFO | [phase2] Parameters: random_seed: 1 max_time_in_seconds: 900 log_search_progress: true num_search_workers: 16 relative_gap_limit: 1e-05 log_to_stdout: false
2025-09-16 04:25:11,699 | INFO | [phase2] 
2025-09-16 04:25:11,715 | INFO | [phase2] Initial optimization model '': (model_fingerprint: 0xd88779c531954b8f)
#Variables: 2'133 (#ints: 1 in objective) (1'005 primary variables)
  - 1'030 Booleans in [0,1]
  - 7 in [-31,31]
  - 28 in [-1,1]
  - 21 in [0,2]
  - 21 in [0,3]
  - 14 in [0,4]
  - 35 in [0,22]
  - 462 in [0,31]
  - 7 in [0,40]
  - 217 in [0,961]
  - 21 in [0,968]
  - 28 in [0,1000]
  - 224 in [0,29791]
  - 7 in [0,100000]
  - 7 in [0,1000000000000000]
  - 2 in [0,1000000000000000000]
  - 2 constants in {0} 
#kAtMostOne: 147 (#literals: 294)
#kIntProd: 455
#kLinMax: 42 (#expressions: 287)
#kLinear1: 1'183 (#enforced: 651 #multi: 210)
#kLinear2: 1'484 (#enforced: 427 #multi: 210)
#kLinear3: 406
#kLinearN: 151 (#terms: 1'744)
2025-09-16 04:25:11,717 | INFO | [phase2] 
2025-09-16 04:25:11,718 | INFO | [phase2] Starting presolve at 0.03s
2025-09-16 04:25:11,750 | INFO | [phase2]   6.32e-04s  0.00e+00d  [DetectDominanceRelations]
2025-09-16 04:25:11,751 | INFO | [phase2]   1.82e-02s  0.00e+00d  [operations_research::sat::CpModelPresolver::PresolveToFixPoint] #num_loops=2 #num_dual_strengthening=1
2025-09-16 04:25:11,751 | INFO | [phase2]   4.56e-05s  0.00e+00d  [operations_research::sat::CpModelPresolver::ExtractEncodingFromLinear]
2025-09-16 04:25:11,753 | INFO | [phase2]   8.69e-05s  0.00e+00d  [operations_research::sat::CpModelPresolver::DetectDuplicateColumns]
2025-09-16 04:25:11,757 | INFO | [phase2]   2.15e-04s  0.00e+00d  [operations_research::sat::CpModelPresolver::DetectDuplicateConstraints]
2025-09-16 04:25:11,763 | INFO | [phase2]   1.57e-04s  0.00e+00d  [operations_research::sat::CpModelPresolver::DetectDuplicateConstraintsWithDifferentEnforcements]
2025-09-16 04:25:11,763 | INFO | [phase2]   2.80e-03s  1.40e-07d  [operations_research::sat::CpModelPresolver::Probe]
2025-09-16 04:25:11,764 | INFO | [phase2]   7.33e-05s  0.00e+00d  [MaxClique]
2025-09-16 04:25:11,775 | INFO | [phase2]   9.60e-04s  0.00e+00d  [DetectDominanceRelations]
2025-09-16 04:25:11,776 | INFO | [phase2]   4.58e-03s  0.00e+00d  [operations_research::sat::CpModelPresolver::PresolveToFixPoint] #num_loops=2 #num_dual_strengthening=1
2025-09-16 04:25:11,777 | INFO | [phase2]   7.22e-05s  0.00e+00d  [operations_research::sat::CpModelPresolver::ProcessAtMostOneAndLinear]
2025-09-16 04:25:11,778 | INFO | [phase2]   2.14e-04s  0.00e+00d  [operations_research::sat::CpModelPresolver::DetectDuplicateConstraints]
2025-09-16 04:25:11,779 | INFO | [phase2]   2.07e-04s  0.00e+00d  [operations_research::sat::CpModelPresolver::DetectDuplicateConstraintsWithDifferentEnforcements]
2025-09-16 04:25:11,780 | INFO | [phase2]   9.30e-05s  0.00e+00d  [operations_research::sat::CpModelPresolver::DetectDominatedLinearConstraints]
2025-09-16 04:25:11,781 | INFO | [phase2]   1.22e-04s  0.00e+00d  [operations_research::sat::CpModelPresolver::DetectDifferentVariables]
2025-09-16 04:25:11,786 | INFO | [phase2]   1.64e-04s  0.00e+00d  [operations_research::sat::CpModelPresolver::ProcessSetPPC]
2025-09-16 04:25:11,791 | INFO | [phase2]   1.26e-04s  0.00e+00d  [operations_research::sat::CpModelPresolver::FindAlmostIdenticalLinearConstraints]
2025-09-16 04:25:11,792 | INFO | [phase2]   2.90e-04s  0.00e+00d  [operations_research::sat::CpModelPresolver::FindBigAtMostOneAndLinearOverlap]
2025-09-16 04:25:11,793 | INFO | [phase2]   9.54e-05s  4.90e-07d  [operations_research::sat::CpModelPresolver::FindBigVerticalLinearOverlap]
2025-09-16 04:25:11,794 | INFO | [phase2]   1.16e-04s  0.00e+00d  [operations_research::sat::CpModelPresolver::FindBigHorizontalLinearOverlap]
2025-09-16 04:25:11,795 | INFO | [phase2]   1.42e-04s  0.00e+00d  [operations_research::sat::CpModelPresolver::MergeClauses]
2025-09-16 04:25:11,797 | INFO | [phase2]   6.51e-04s  0.00e+00d  [DetectDominanceRelations]
2025-09-16 04:25:11,798 | INFO | [phase2]   1.78e-03s  0.00e+00d  [operations_research::sat::CpModelPresolver::PresolveToFixPoint] #num_loops=1 #num_dual_strengthening=1
2025-09-16 04:25:11,803 | INFO | [phase2]   5.63e-04s  0.00e+00d  [DetectDominanceRelations]
2025-09-16 04:25:11,807 | INFO | [phase2]   5.70e-03s  0.00e+00d  [operations_research::sat::CpModelPresolver::PresolveToFixPoint] #num_loops=1 #num_dual_strengthening=1
2025-09-16 04:25:11,809 | INFO | [phase2]   2.12e-04s  0.00e+00d  [operations_research::sat::CpModelPresolver::DetectDuplicateColumns]
2025-09-16 04:25:11,810 | INFO | [phase2]   2.58e-04s  0.00e+00d  [operations_research::sat::CpModelPresolver::DetectDuplicateConstraints]
2025-09-16 04:25:11,816 | INFO | [phase2]   1.82e-04s  0.00e+00d  [operations_research::sat::CpModelPresolver::DetectDuplicateConstraintsWithDifferentEnforcements]
2025-09-16 04:25:11,819 | INFO | [phase2]   5.46e-03s  1.40e-07d  [operations_research::sat::CpModelPresolver::Probe]
2025-09-16 04:25:11,820 | INFO | [phase2]   1.81e-04s  0.00e+00d  [MaxClique]
2025-09-16 04:25:11,824 | INFO | [phase2]   1.20e-03s  0.00e+00d  [DetectDominanceRelations]
2025-09-16 04:25:11,826 | INFO | [phase2]   4.25e-03s  0.00e+00d  [operations_research::sat::CpModelPresolver::PresolveToFixPoint] #num_loops=1 #num_dual_strengthening=1
2025-09-16 04:25:11,826 | INFO | [phase2]   7.15e-05s  0.00e+00d  [operations_research::sat::CpModelPresolver::ProcessAtMostOneAndLinear]
2025-09-16 04:25:11,828 | INFO | [phase2]   2.09e-04s  0.00e+00d  [operations_research::sat::CpModelPresolver::DetectDuplicateConstraints]
2025-09-16 04:25:11,828 | INFO | [phase2]   1.85e-04s  0.00e+00d  [operations_research::sat::CpModelPresolver::DetectDuplicateConstraintsWithDifferentEnforcements]
2025-09-16 04:25:11,830 | INFO | [phase2]   1.19e-04s  0.00e+00d  [operations_research::sat::CpModelPresolver::DetectDominatedLinearConstraints]
2025-09-16 04:25:11,831 | INFO | [phase2]   1.12e-04s  0.00e+00d  [operations_research::sat::CpModelPresolver::DetectDifferentVariables]
2025-09-16 04:25:11,838 | INFO | [phase2]   8.10e-05s  0.00e+00d  [operations_research::sat::CpModelPresolver::ProcessSetPPC]
2025-09-16 04:25:11,845 | INFO | [phase2]   1.17e-04s  0.00e+00d  [operations_research::sat::CpModelPresolver::FindAlmostIdenticalLinearConstraints]
2025-09-16 04:25:11,847 | INFO | [phase2]   3.23e-04s  0.00e+00d  [operations_research::sat::CpModelPresolver::FindBigAtMostOneAndLinearOverlap]
2025-09-16 04:25:11,848 | INFO | [phase2]   2.55e-04s  4.90e-07d  [operations_research::sat::CpModelPresolver::FindBigVerticalLinearOverlap]
2025-09-16 04:25:11,859 | INFO | [phase2]   2.17e-04s  0.00e+00d  [operations_research::sat::CpModelPresolver::FindBigHorizontalLinearOverlap]
2025-09-16 04:25:11,862 | INFO | [phase2]   1.40e-04s  0.00e+00d  [operations_research::sat::CpModelPresolver::MergeClauses]
2025-09-16 04:25:11,867 | INFO | [phase2]   2.10e-03s  0.00e+00d  [DetectDominanceRelations]
2025-09-16 04:25:11,878 | INFO | [phase2]   1.40e-02s  0.00e+00d  [operations_research::sat::CpModelPresolver::PresolveToFixPoint] #num_loops=1 #num_dual_strengthening=1
2025-09-16 04:25:11,880 | INFO | [phase2]   3.49e-04s  0.00e+00d  [operations_research::sat::CpModelPresolver::ExpandObjective]
2025-09-16 04:25:11,883 | INFO | [phase2] 
2025-09-16 04:25:11,892 | INFO | [phase2] Presolve summary:
2025-09-16 04:25:11,894 | INFO | [phase2]   - 35 affine relations were detected.
2025-09-16 04:25:11,897 | INFO | [phase2]   - rule 'TODO dual: only one blocking constraint?' was applied 252 times.
2025-09-16 04:25:11,898 | INFO | [phase2]   - rule 'TODO linear2: contains a Boolean.' was applied 168 times.
2025-09-16 04:25:11,907 | INFO | [phase2]   - rule 'affine: new relation' was applied 35 times.
2025-09-16 04:25:11,909 | INFO | [phase2]   - rule 'at_most_one: empty or all false' was applied 147 times.
2025-09-16 04:25:11,912 | INFO | [phase2]   - rule 'at_most_one: removed literals' was applied 147 times.
2025-09-16 04:25:11,914 | INFO | [phase2]   - rule 'bool_and: non-reified.' was applied 42 times.
2025-09-16 04:25:11,924 | INFO | [phase2]   - rule 'bool_or: always true' was applied 7 times.
2025-09-16 04:25:11,928 | INFO | [phase2]   - rule 'bool_or: implications' was applied 84 times.
2025-09-16 04:25:11,929 | INFO | [phase2]   - rule 'deductions: 140 stored' was applied 1 time.
2025-09-16 04:25:11,934 | INFO | [phase2]   - rule 'enforcement: always false' was applied 441 times.
2025-09-16 04:25:11,935 | INFO | [phase2]   - rule 'enforcement: false literal' was applied 238 times.
2025-09-16 04:25:11,944 | INFO | [phase2]   - rule 'enforcement: true literal' was applied 196 times.
2025-09-16 04:25:11,945 | INFO | [phase2]   - rule 'int_prod: constant product' was applied 434 times.
2025-09-16 04:25:11,946 | INFO | [phase2]   - rule 'int_prod: removed constant expressions.' was applied 861 times.
2025-09-16 04:25:11,951 | INFO | [phase2]   - rule 'int_prod: unused affine target' was applied 7 times.
2025-09-16 04:25:11,953 | INFO | [phase2]   - rule 'int_square: reduced target domain.' was applied 63 times.
2025-09-16 04:25:11,961 | INFO | [phase2]   - rule 'lin_max: all exprs fixed during copy' was applied 28 times.
2025-09-16 04:25:11,962 | INFO | [phase2]   - rule 'lin_max: converted to equality' was applied 7 times.
2025-09-16 04:25:11,964 | INFO | [phase2]   - rule 'lin_max: reduced expression domain.' was applied 28 times.
2025-09-16 04:25:11,965 | INFO | [phase2]   - rule 'lin_max: removed exprs' was applied 14 times.
2025-09-16 04:25:11,978 | INFO | [phase2]   - rule 'lin_max: target domain reduced' was applied 7 times.
2025-09-16 04:25:11,979 | INFO | [phase2]   - rule 'lin_max: x = max(x, ...)' was applied 7 times.
2025-09-16 04:25:11,985 | INFO | [phase2]   - rule 'linear1: always true' was applied 14 times.
2025-09-16 04:25:11,987 | INFO | [phase2]   - rule 'linear1: x in domain' was applied 1'024 times.
2025-09-16 04:25:11,994 | INFO | [phase2]   - rule 'linear: always true' was applied 945 times.
2025-09-16 04:25:11,995 | INFO | [phase2]   - rule 'linear: empty' was applied 505 times.
2025-09-16 04:25:11,996 | INFO | [phase2]   - rule 'linear: enforcement literal in expression' was applied 7 times.
2025-09-16 04:25:11,998 | INFO | [phase2]   - rule 'linear: fixed or dup variables' was applied 1'999 times.
2025-09-16 04:25:11,998 | INFO | [phase2]   - rule 'linear: negative clause' was applied 49 times.
2025-09-16 04:25:12,008 | INFO | [phase2]   - rule 'linear: positive clause' was applied 42 times.
2025-09-16 04:25:12,011 | INFO | [phase2]   - rule 'linear: reduced variable domains' was applied 519 times.
2025-09-16 04:25:12,012 | INFO | [phase2]   - rule 'linear: remapped using affine relations' was applied 63 times.
2025-09-16 04:25:12,013 | INFO | [phase2]   - rule 'linear: variable substitution 0' was applied 1 time.
2025-09-16 04:25:12,015 | INFO | [phase2]   - rule 'linear: variable substitution 1' was applied 7 times.
2025-09-16 04:25:12,018 | INFO | [phase2]   - rule 'presolve: 2090 unused variables removed.' was applied 1 time.
2025-09-16 04:25:12,019 | INFO | [phase2]   - rule 'presolve: iteration' was applied 2 times.
2025-09-16 04:25:12,024 | INFO | [phase2]   - rule 'variables: both boolean and its negation fix the same variable' was applied 21 times.
2025-09-16 04:25:12,027 | INFO | [phase2]   - rule 'variables: both boolean and its negation imply same equality' was applied 7 times.
2025-09-16 04:25:12,033 | INFO | [phase2]   - rule 'variables: detect half reified value encoding' was applied 126 times.
2025-09-16 04:25:12,036 | INFO | [phase2] 
2025-09-16 04:25:12,040 | INFO | [phase2] Presolved optimization model '': (model_fingerprint: 0xd64395d635c6e163)
#Variables: 28 (#ints: 14 in objective) (14 primary variables)
  - 7 in [0,1][4][9][16][25][36][49][64][81][100][ ... 169][196][225][256][289][324][361][400][441][484]
  - 7 in [0,22]
  - 7 in [3,22]
  - 7 in [9][16][25][36][49][64][81][100][121][144][169][196][225][256][289][324][361][400][441][484]
#kIntProd: 14
2025-09-16 04:25:12,043 | INFO | [phase2] 
2025-09-16 04:25:12,048 | INFO | [phase2] Preloading model.
2025-09-16 04:25:12,049 | INFO | [phase2] #Bound   0.36s best:inf   next:[315000,33880000] initial_domain
2025-09-16 04:25:12,055 | INFO | [phase2] #Model   0.37s var:28/28 constraints:14/14 compo:2,2,2,2,2,2,2,2,2,2,...
2025-09-16 04:25:12,059 | INFO | [phase2] 
2025-09-16 04:25:12,059 | INFO | [phase2] Starting search at 0.37s with 16 workers.
2025-09-16 04:25:12,060 | INFO | [phase2] 11 full problem subsolvers: [core, default_lp, lb_tree_search, max_lp, no_lp, objective_lb_search, probing, pseudo_costs, quick_restart, quick_restart_no_lp, reduced_costs]
2025-09-16 04:25:12,062 | INFO | [phase2] 5 first solution subsolvers: [fj(2), fs_random, fs_random_no_lp, fs_random_quick_restart_no_lp]
2025-09-16 04:25:12,065 | INFO | [phase2] 11 interleaved subsolvers: [feasibility_pump, graph_arc_lns, graph_cst_lns, graph_dec_lns, graph_var_lns, lb_relax_lns, ls, ls_lin, rins/rens, rnd_cst_lns, rnd_var_lns]
2025-09-16 04:25:12,067 | INFO | [phase2] 3 helper subsolvers: [neighborhood_helper, synchronization_agent, update_gap_integral]
2025-09-16 04:25:12,072 | INFO | [phase2] 
2025-09-16 04:25:12,084 | INFO | [phase2] #1       0.40s best:315000 next:[]         core (fixed_bools=0/14)
2025-09-16 04:25:12,090 | INFO | [phase2] #Done    0.40s core
2025-09-16 04:25:12,092 | INFO | [phase2] #Done    0.41s no_lp
2025-09-16 04:25:12,105 | INFO | [phase2] 
2025-09-16 04:25:12,107 | INFO | [phase2] Task timing                                n [     min,      max]      avg      dev     time         n [     min,      max]      avg      dev    dtime
                           'core':         1 [  9.32ms,   9.32ms]   9.32ms   0.00ns   9.32ms         1 [  4.63us,   4.63us]   4.63us   0.00ns   4.63us
                     'default_lp':         1 [ 15.24ms,  15.24ms]  15.24ms   0.00ns  15.24ms         0 [  0.00ns,   0.00ns]   0.00ns   0.00ns   0.00ns
               'feasibility_pump':         1 [  1.12ms,   1.12ms]   1.12ms   0.00ns   1.12ms         0 [  0.00ns,   0.00ns]   0.00ns   0.00ns   0.00ns
                             'fj':         0 [  0.00ns,   0.00ns]   0.00ns   0.00ns   0.00ns         0 [  0.00ns,   0.00ns]   0.00ns   0.00ns   0.00ns
                             'fj':         1 [  4.60ms,   4.60ms]   4.60ms   0.00ns   4.60ms         0 [  0.00ns,   0.00ns]   0.00ns   0.00ns   0.00ns
                      'fs_random':         1 [  2.95ms,   2.95ms]   2.95ms   0.00ns   2.95ms         0 [  0.00ns,   0.00ns]   0.00ns   0.00ns   0.00ns
                'fs_random_no_lp':         1 [  3.34ms,   3.34ms]   3.34ms   0.00ns   3.34ms         0 [  0.00ns,   0.00ns]   0.00ns   0.00ns   0.00ns
  'fs_random_quick_restart_no_lp':         1 [  2.39ms,   2.39ms]   2.39ms   0.00ns   2.39ms         0 [  0.00ns,   0.00ns]   0.00ns   0.00ns   0.00ns
                  'graph_arc_lns':         0 [  0.00ns,   0.00ns]   0.00ns   0.00ns   0.00ns         0 [  0.00ns,   0.00ns]   0.00ns   0.00ns   0.00ns
                  'graph_cst_lns':         0 [  0.00ns,   0.00ns]   0.00ns   0.00ns   0.00ns         0 [  0.00ns,   0.00ns]   0.00ns   0.00ns   0.00ns
                  'graph_dec_lns':         0 [  0.00ns,   0.00ns]   0.00ns   0.00ns   0.00ns         0 [  0.00ns,   0.00ns]   0.00ns   0.00ns   0.00ns
                  'graph_var_lns':         0 [  0.00ns,   0.00ns]   0.00ns   0.00ns   0.00ns         0 [  0.00ns,   0.00ns]   0.00ns   0.00ns   0.00ns
                   'lb_relax_lns':         0 [  0.00ns,   0.00ns]   0.00ns   0.00ns   0.00ns         0 [  0.00ns,   0.00ns]   0.00ns   0.00ns   0.00ns
                 'lb_tree_search':         1 [  9.05ms,   9.05ms]   9.05ms   0.00ns   9.05ms         0 [  0.00ns,   0.00ns]   0.00ns   0.00ns   0.00ns
                             'ls':         0 [  0.00ns,   0.00ns]   0.00ns   0.00ns   0.00ns         0 [  0.00ns,   0.00ns]   0.00ns   0.00ns   0.00ns
                         'ls_lin':         0 [  0.00ns,   0.00ns]   0.00ns   0.00ns   0.00ns         0 [  0.00ns,   0.00ns]   0.00ns   0.00ns   0.00ns
                         'max_lp':         1 [ 10.64ms,  10.64ms]  10.64ms   0.00ns  10.64ms         0 [  0.00ns,   0.00ns]   0.00ns   0.00ns   0.00ns
                          'no_lp':         1 [ 10.63ms,  10.63ms]  10.63ms   0.00ns  10.63ms         0 [  0.00ns,   0.00ns]   0.00ns   0.00ns   0.00ns
            'objective_lb_search':         1 [ 10.09ms,  10.09ms]  10.09ms   0.00ns  10.09ms         0 [  0.00ns,   0.00ns]   0.00ns   0.00ns   0.00ns
                        'probing':         1 [  8.70ms,   8.70ms]   8.70ms   0.00ns   8.70ms         0 [  0.00ns,   0.00ns]   0.00ns   0.00ns   0.00ns
                   'pseudo_costs':         1 [ 10.19ms,  10.19ms]  10.19ms   0.00ns  10.19ms         0 [  0.00ns,   0.00ns]   0.00ns   0.00ns   0.00ns
                  'quick_restart':         1 [ 10.48ms,  10.48ms]  10.48ms   0.00ns  10.48ms         0 [  0.00ns,   0.00ns]   0.00ns   0.00ns   0.00ns
            'quick_restart_no_lp':         1 [ 10.32ms,  10.32ms]  10.32ms   0.00ns  10.32ms         0 [  0.00ns,   0.00ns]   0.00ns   0.00ns   0.00ns
                  'reduced_costs':         1 [ 10.36ms,  10.36ms]  10.36ms   0.00ns  10.36ms         0 [  0.00ns,   0.00ns]   0.00ns   0.00ns   0.00ns
                      'rins/rens':         0 [  0.00ns,   0.00ns]   0.00ns   0.00ns   0.00ns         0 [  0.00ns,   0.00ns]   0.00ns   0.00ns   0.00ns
                    'rnd_cst_lns':         0 [  0.00ns,   0.00ns]   0.00ns   0.00ns   0.00ns         0 [  0.00ns,   0.00ns]   0.00ns   0.00ns   0.00ns
                    'rnd_var_lns':         0 [  0.00ns,   0.00ns]   0.00ns   0.00ns   0.00ns         0 [  0.00ns,   0.00ns]   0.00ns   0.00ns   0.00ns
2025-09-16 04:25:12,110 | INFO | [phase2] Search stats                        Bools  Conflicts  Branches  Restarts  BoolPropag  IntegerPropag
                           'core':     14          0        13         2          15             57
                     'default_lp':      0          0         0         0           0              0
                      'fs_random':      0          0         0         0           0              0
                'fs_random_no_lp':      0          0         0         0           0              0
  'fs_random_quick_restart_no_lp':      0          0         0         0           0              0
                 'lb_tree_search':      0          0         0         0           0              0
                         'max_lp':      0          0         0         0           0              0
                          'no_lp':     14          0        14         1           0             29
            'objective_lb_search':      0          0         0         0           0              0
                        'probing':      0          0         0         0           0              0
                   'pseudo_costs':      0          0         0         0           0              0
                  'quick_restart':      0          0         0         0           0              0
            'quick_restart_no_lp':      0          0         0         0           0              0
                  'reduced_costs':      0          0         0         0           0              0
2025-09-16 04:25:12,111 | INFO | [phase2] SAT stats                           ClassicMinim  LitRemoved  LitLearned  LitForgotten  Subsumed  MClauses  MDecisions  MLitTrue  MSubsumed  MLitRemoved  MReused
                           'core':             0           0           0             0         0         0           0         0          0            0        0
                     'default_lp':             0           0           0             0         0         0           0         0          0            0        0
                      'fs_random':             0           0           0             0         0         0           0         0          0            0        0
                'fs_random_no_lp':             0           0           0             0         0         0           0         0          0            0        0
  'fs_random_quick_restart_no_lp':             0           0           0             0         0         0           0         0          0            0        0
                 'lb_tree_search':             0           0           0             0         0         0           0         0          0            0        0
                         'max_lp':             0           0           0             0         0         0           0         0          0            0        0
                          'no_lp':             0           0           0             0         0         0           0         0          0            0        0
            'objective_lb_search':             0           0           0             0         0         0           0         0          0            0        0
                        'probing':             0           0           0             0         0         0           0         0          0            0        0
                   'pseudo_costs':             0           0           0             0         0         0           0         0          0            0        0
                  'quick_restart':             0           0           0             0         0         0           0         0          0            0        0
            'quick_restart_no_lp':             0           0           0             0         0         0           0         0          0            0        0
                  'reduced_costs':             0           0           0             0         0         0           0         0          0            0        0
2025-09-16 04:25:12,114 | INFO | [phase2] Lp stats                  Component  Iterations  AddedCuts  OPTIMAL  DUAL_F.  DUAL_U.
           'default_lp':         14           0          0       14        0        0
       'lb_tree_search':         14           0          0       14        0        0
               'max_lp':         14           0          0       14        0        0
  'objective_lb_search':         14           0          0       14        0        0
              'probing':         14           0          0       14        0        0
         'pseudo_costs':         14           0          0       14        0        0
        'quick_restart':         14           0          0       14        0        0
        'reduced_costs':         14           0          0       14        0        0
2025-09-16 04:25:12,123 | INFO | [phase2] Lp dimension              Final dimension of first component
           'default_lp':        0 rows, 2 columns, 0 entries
       'lb_tree_search':        3 rows, 2 columns, 6 entries
               'max_lp':        3 rows, 2 columns, 6 entries
  'objective_lb_search':        0 rows, 2 columns, 0 entries
              'probing':        0 rows, 2 columns, 0 entries
         'pseudo_costs':        0 rows, 2 columns, 0 entries
        'quick_restart':        0 rows, 2 columns, 0 entries
        'reduced_costs':        0 rows, 2 columns, 0 entries
2025-09-16 04:25:12,129 | INFO | [phase2] Lp debug                  CutPropag  CutEqPropag  Adjust  Overflow  Bad  BadScaling
           'default_lp':          0            0       0         0    0           0
       'lb_tree_search':          0            0       0         0    0           0
               'max_lp':          0            0       0         0    0           0
  'objective_lb_search':          0            0       0         0    0           0
              'probing':          0            0       0         0    0           0
         'pseudo_costs':          0            0       0         0    0           0
        'quick_restart':          0            0       0         0    0           0
        'reduced_costs':          0            0       0         0    0           0
2025-09-16 04:25:12,131 | INFO | [phase2] Lp pool                   Constraints  Updates  Simplif  Merged  Shortened  Split  Strenghtened  Cuts/Call
           'default_lp':           42        0        0       0          0      0             0        0/0
       'lb_tree_search':           42        0        0       0          0      0             0       0/28
               'max_lp':           42        0        0       0          0      0             0       0/28
  'objective_lb_search':           42        0        0       0          0      0             0        0/0
              'probing':           42        0        0       0          0      0             0        0/0
         'pseudo_costs':           42        0        0       0          0      0             0        0/0
        'quick_restart':           42        0        0       0          0      0             0        0/0
        'reduced_costs':           42        0        0       0          0      0             0        0/0
2025-09-16 04:25:12,138 | INFO | [phase2] LNS stats           Improv/Calls  Closed  Difficulty  TimeLimit
  'graph_arc_lns':           0/0      0%    5.00e-01       0.10
  'graph_cst_lns':           0/0      0%    5.00e-01       0.10
  'graph_dec_lns':           0/0      0%    5.00e-01       0.10
  'graph_var_lns':           0/0      0%    5.00e-01       0.10
   'lb_relax_lns':           0/0      0%    5.00e-01       0.50
      'rins/rens':           0/0      0%    5.00e-01       0.10
    'rnd_cst_lns':           0/0      0%    5.00e-01       0.10
    'rnd_var_lns':           0/0      0%    5.00e-01       0.10
2025-09-16 04:25:12,142 | INFO | [phase2] Solutions (1)    Num   Rank
        'core':    1  [1,1]
2025-09-16 04:25:12,144 | INFO | [phase2] Objective bounds     Num
  'initial_domain':    1
2025-09-16 04:25:12,145 | INFO | [phase2] Solution repositories    Added  Queried  Synchro
  'feasible solutions':      2        0        2
   'fj solution hints':      0        0        0
        'lp solutions':      0        0        0
                'pump':      0        0
2025-09-16 04:25:12,150 | INFO | [phase2] CpSolverResponse summary:
status: OPTIMAL
objective: 315000
best_bound: 315000
integers: 29
booleans: 14
conflicts: 0
branches: 13
propagations: 15
integer_propagations: 57
restarts: 2
lp_iterations: 0
walltime: 0.462186
usertime: 0.462186
deterministic_time: 5.89e-06
gap_integral: 8.02332e-05
solution_fingerprint: 0x69d711836b0e2781
2025-09-16 04:25:12,161 | INFO | Phase-2 status=OPTIMAL
2025-09-16 04:25:12,161 | INFO | Phase-2 best objective=315000.0 best bound=315000.0
2025-09-16 04:25:12,162 | INFO | Pool collected=1
2025-09-16 04:25:12,170 | INFO | Selected tables=2 (requested K=2)
2025-09-16 04:25:12,176 | INFO | Selected objectives: [315000.0, 315000.0]
2025-09-16 04:25:12,302 | INFO | Wrote: Result_17\schedules.xlsx
2025-09-16 04:25:12,303 | INFO | Wrote: Result_17\hospital_schedule.xlsx
2025-09-16 04:25:12,306 | INFO | Wrote: Result_17\calendar.xlsx
2025-09-16 04:25:12,307 | INFO | Wrote: Result_17\eligibility_capacity.json
2025-09-16 04:25:12,308 | INFO | Wrote grid: Result_17\schedules.xlsx
2025-09-16 04:25:12,309 | INFO | Wrote hospital: Result_17\hospital_schedule.xlsx
2025-09-16 04:25:12,311 | INFO | Wrote calendar: Result_17\calendar.xlsx
2025-09-16 04:25:12,312 | INFO | Wrote run meta: Result_17\scheduler_log_20250916_042510.json
2025-09-16 04:25:12,314 | INFO | ===== SCHEDULER RUN COMPLETE 20250916_042510 =====
