Effective constants (after null/default handling)
(time overridden by case.run.time to 1500 sec)
- weights.hard.uncovered_shift: used=0.0 raw=None default=0.0 *DEFAULTED* 
- weights.hard.slack_unfilled: used=20.0 raw=20 default=0.0
- weights.hard.slack_shift_less: used=1.0 raw=1 default=0.0
- weights.hard.slack_shift_more: used=1.0 raw=1 default=0.0
- weights.hard.slack_cant_work: used=20.0 raw=20 default=0.0
- weights.hard.slack_consec: used=1.0 raw=1 default=0.0
- weights.hard.rest_12h: used=0.0 raw=None default=0.0 *DEFAULTED* 
- weights.hard.type_range: used=0.0 raw=None default=0.0 *DEFAULTED* 
- weights.hard.weekend_range: used=0.0 raw=None default=0.0 *DEFAULTED* 
- weights.hard.total_limit: used=0.0 raw=None default=0.0 *DEFAULTED* 
- weights.hard.consecutive: used=0.0 raw=None default=0.0 *DEFAULTED* 
- weights.soft.weekday_pref: used=1.0 raw=None default=1.0 *DEFAULTED* 
- weights.soft.type_pref: used=1.0 raw=None default=1.0 *DEFAULTED* 
- weights.soft.cluster_size: used=10.0 raw=10 default=15.0
- weights.soft.requested_off: used=10000000.0 raw=10000000 default=3.0
- weights.soft.days_wanted_not_met: used=10000000.0 raw=10000000 default=0.0
- weights.soft.cluster_any_start: used=0.0 raw=None default=0.0 *DEFAULTED* 
- weights.soft.cluster_weekend_start: used=10000000.0 raw=10000000 default=0.0
- weights.soft.transitions_any: used=0.0 raw=None default=0.0 *DEFAULTED* 
- weights.soft.transitions_night: used=0.0 raw=None default=0.0 *DEFAULTED* 
- objective.hard: used=1.0 raw=1 default=1.0
- objective.soft: used=1.0 raw=1 default=1.0
- objective.fair: used=0.0 raw=0 default=0.0
- solver.max_time_in_seconds: used=1500.0 raw=125999.99999999999 default=120.0 [overridden_by_run_config]
- solver.phase1_fraction: used=0.4 raw=0.4 default=0.4
- solver.relative_gap: used=1e-05 raw=1e-05 default=0.01
- solver.num_threads: used=16.0 raw=16 default=8

Flags:
- solver.min_total_is_hard: False

WARNING: The following paths were null/invalid and defaulted:
  - weights.hard.uncovered_shift
  - weights.hard.rest_12h
  - weights.hard.type_range
  - weights.hard.weekend_range
  - weights.hard.total_limit
  - weights.hard.consecutive
  - weights.soft.weekday_pref
  - weights.soft.type_pref
  - weights.soft.cluster_any_start
  - weights.soft.transitions_any
  - weights.soft.transitions_night
