2025-09-16 03:52:11,872 | INFO | Logging to Result_14\scheduler_run.log
2025-09-16 03:52:11,875 | INFO | ===== SCHEDULER RUN 20250916_035211 =====
2025-09-16 03:52:11,877 | INFO | Args.case=C:\Users\sapper\AppData\Local\Temp\tmpu868a87f.json
2025-09-16 03:52:11,880 | INFO | Loaded case with 31 days, 22 shifts, 7 providers
2025-09-16 03:52:11,881 | INFO | Run config: out=Result_14 k=2 seed=1 time=1500 L=1
2025-09-16 03:52:11,890 | INFO | Wrote: Result_14\constants_effective.log
2025-09-16 03:52:11,893 | INFO | Wrote capacity snapshot: Result_14\eligibility_capacity.json
2025-09-16 03:52:11,894 | INFO | Instance: |days|=31 |shifts|=22 |providers|=7 |types|=10
2025-09-16 03:52:11,898 | INFO | Weekend names: ['Saturday', 'Sunday']
2025-09-16 03:52:11,901 | INFO | Weekend indices: [3, 4, 10, 11, 17, 18, 24, 25]
2025-09-16 03:52:11,902 | INFO | Shift[0] keys: ['id', 'date', 'type', 'start', 'end', 'allowed_provider_types']
2025-09-16 03:52:11,905 | INFO | Provider[0] keys: ['id', 'name', 'type', 'max_consecutive_days', 'limits', 'forbidden_days_soft', 'forbidden_days_hard', 'preferred_days_hard', 'preferred_days_soft']
2025-09-16 03:52:11,906 | INFO | Provider types: ['MD_N', 'MD_S2']
2025-09-16 03:52:11,926 | INFO | max_consecutive_days per provider (0 means no cap): [12, 3, 2, 2, 4, 3, 3]
2025-09-16 03:52:12,186 | INFO | 0
2025-09-16 03:52:12,187 | INFO | 1
2025-09-16 03:52:12,190 | INFO | 2
2025-09-16 03:52:12,192 | INFO | 3
2025-09-16 03:52:12,202 | INFO | 4
2025-09-16 03:52:12,203 | INFO | 5
2025-09-16 03:52:12,204 | INFO | 6
2025-09-16 03:52:12,209 | INFO | Phase-1 solve: time=120.0s workers=8
2025-09-16 03:52:12,232 | INFO | [phase1] 
2025-09-16 03:52:12,233 | INFO | [phase1] Starting CP-SAT solver v9.14.6206
2025-09-16 03:52:12,234 | INFO | [phase1] Parameters: max_time_in_seconds: 120 log_search_progress: true num_search_workers: 8 log_to_stdout: false
2025-09-16 03:52:12,241 | INFO | [phase1] 
2025-09-16 03:52:12,251 | INFO | [phase1] Initial optimization model '': (model_fingerprint: 0x910604613e2ad2ca)
#Variables: 1'543 (#ints: 1 in objective) (754 primary variables)
  - 610 Booleans in [0,1]
  - 7 in [-31,31]
  - 7 in [0,22]
  - 448 in [0,31]
  - 217 in [0,961]
  - 28 in [0,1000]
  - 224 in [0,29791]
  - 1 in [0,1000000000000000000]
  - 1 constants in {0} 
#kAtMostOne: 147 (#literals: 294)
#kIntProd: 434
#kLinMax: 14 (#expressions: 231)
#kLinear1: 965 (#enforced: 651 #multi: 210)
#kLinear2: 1'043 (#enforced: 427 #multi: 210)
#kLinear3: 238
#kLinearN: 66 (#terms: 889)
2025-09-16 03:52:12,252 | INFO | [phase1] 
2025-09-16 03:52:12,253 | INFO | [phase1] Starting presolve at 0.02s
2025-09-16 03:52:12,277 | INFO | [phase1]   5.03e-04s  0.00e+00d  [DetectDominanceRelations]
2025-09-16 03:52:12,278 | INFO | [phase1]   1.73e-02s  0.00e+00d  [operations_research::sat::CpModelPresolver::PresolveToFixPoint] #num_loops=2 #num_dual_strengthening=1
2025-09-16 03:52:12,282 | INFO | [phase1]   8.92e-04s  0.00e+00d  [operations_research::sat::CpModelPresolver::ExtractEncodingFromLinear]
2025-09-16 03:52:12,284 | INFO | [phase1]   1.28e-04s  0.00e+00d  [operations_research::sat::CpModelPresolver::DetectDuplicateColumns]
2025-09-16 03:52:12,285 | INFO | [phase1]   1.22e-04s  0.00e+00d  [operations_research::sat::CpModelPresolver::DetectDuplicateConstraints]
2025-09-16 03:52:12,287 | INFO | [phase1] [Symmetry] Graph for symmetry has 1'543 nodes and 0 arcs.
2025-09-16 03:52:12,289 | INFO | [phase1] [Symmetry] Symmetry computation done. time: 0.0006078 dtime: 9.258e-05
2025-09-16 03:52:12,292 | INFO | [phase1]   7.83e-05s  0.00e+00d  [operations_research::sat::CpModelPresolver::DetectDuplicateConstraintsWithDifferentEnforcements]
2025-09-16 03:52:12,298 | INFO | [phase1]   7.69e-03s  0.00e+00d  [operations_research::sat::CpModelPresolver::Probe]
2025-09-16 03:52:12,300 | INFO | [phase1]   1.12e-04s  0.00e+00d  [MaxClique]
2025-09-16 03:52:12,301 | INFO | [phase1]   1.26e-04s  0.00e+00d  [operations_research::sat::CpModelPresolver::PresolveToFixPoint]
2025-09-16 03:52:12,305 | INFO | [phase1]   8.34e-05s  0.00e+00d  [operations_research::sat::CpModelPresolver::ProcessAtMostOneAndLinear]
2025-09-16 03:52:12,306 | INFO | [phase1]   8.33e-05s  0.00e+00d  [operations_research::sat::CpModelPresolver::DetectDuplicateConstraints]
2025-09-16 03:52:12,316 | INFO | [phase1]   1.06e-04s  0.00e+00d  [operations_research::sat::CpModelPresolver::DetectDuplicateConstraintsWithDifferentEnforcements]
2025-09-16 03:52:12,316 | INFO | [phase1]   7.92e-05s  0.00e+00d  [operations_research::sat::CpModelPresolver::DetectDominatedLinearConstraints]
2025-09-16 03:52:12,318 | INFO | [phase1]   1.39e-04s  0.00e+00d  [operations_research::sat::CpModelPresolver::DetectDifferentVariables]
2025-09-16 03:52:12,321 | INFO | [phase1]   1.03e-04s  0.00e+00d  [operations_research::sat::CpModelPresolver::ProcessSetPPC]
2025-09-16 03:52:12,322 | INFO | [phase1]   1.27e-04s  0.00e+00d  [operations_research::sat::CpModelPresolver::FindAlmostIdenticalLinearConstraints]
2025-09-16 03:52:12,332 | INFO | [phase1]   2.64e-04s  0.00e+00d  [operations_research::sat::CpModelPresolver::FindBigAtMostOneAndLinearOverlap]
2025-09-16 03:52:12,333 | INFO | [phase1]   8.91e-05s  2.80e-07d  [operations_research::sat::CpModelPresolver::FindBigVerticalLinearOverlap]
2025-09-16 03:52:12,335 | INFO | [phase1]   1.68e-04s  0.00e+00d  [operations_research::sat::CpModelPresolver::FindBigHorizontalLinearOverlap]
2025-09-16 03:52:12,338 | INFO | [phase1]   1.63e-04s  0.00e+00d  [operations_research::sat::CpModelPresolver::MergeClauses]
2025-09-16 03:52:12,345 | INFO | [phase1]   6.72e-05s  0.00e+00d  [operations_research::sat::CpModelPresolver::PresolveToFixPoint]
2025-09-16 03:52:12,346 | INFO | [phase1]   3.07e-04s  0.00e+00d  [operations_research::sat::CpModelPresolver::PresolveToFixPoint]
2025-09-16 03:52:12,351 | INFO | [phase1]   1.52e-04s  0.00e+00d  [operations_research::sat::CpModelPresolver::DetectDuplicateColumns]
2025-09-16 03:52:12,354 | INFO | [phase1]   1.15e-04s  0.00e+00d  [operations_research::sat::CpModelPresolver::DetectDuplicateConstraints]
2025-09-16 03:52:12,356 | INFO | [phase1] [Symmetry] Graph for symmetry has 1'543 nodes and 0 arcs.
2025-09-16 03:52:12,360 | INFO | [phase1] [Symmetry] Symmetry computation done. time: 0.0002681 dtime: 9.258e-05
2025-09-16 03:52:12,362 | INFO | [phase1]   4.01e-05s  0.00e+00d  [operations_research::sat::CpModelPresolver::DetectDuplicateConstraintsWithDifferentEnforcements]
2025-09-16 03:52:12,363 | INFO | [phase1]   2.04e-03s  0.00e+00d  [operations_research::sat::CpModelPresolver::Probe]
2025-09-16 03:52:12,365 | INFO | [phase1]   9.88e-05s  0.00e+00d  [MaxClique]
2025-09-16 03:52:12,369 | INFO | [phase1]   1.16e-04s  0.00e+00d  [operations_research::sat::CpModelPresolver::PresolveToFixPoint]
2025-09-16 03:52:12,369 | INFO | [phase1]   9.59e-05s  0.00e+00d  [operations_research::sat::CpModelPresolver::ProcessAtMostOneAndLinear]
2025-09-16 03:52:12,371 | INFO | [phase1]   9.48e-05s  0.00e+00d  [operations_research::sat::CpModelPresolver::DetectDuplicateConstraints]
2025-09-16 03:52:12,372 | INFO | [phase1]   9.75e-05s  0.00e+00d  [operations_research::sat::CpModelPresolver::DetectDuplicateConstraintsWithDifferentEnforcements]
2025-09-16 03:52:12,381 | INFO | [phase1]   8.66e-05s  0.00e+00d  [operations_research::sat::CpModelPresolver::DetectDominatedLinearConstraints]
2025-09-16 03:52:12,384 | INFO | [phase1]   1.24e-04s  0.00e+00d  [operations_research::sat::CpModelPresolver::DetectDifferentVariables]
2025-09-16 03:52:12,385 | INFO | [phase1]   1.35e-04s  0.00e+00d  [operations_research::sat::CpModelPresolver::ProcessSetPPC]
2025-09-16 03:52:12,386 | INFO | [phase1]   1.09e-04s  0.00e+00d  [operations_research::sat::CpModelPresolver::FindAlmostIdenticalLinearConstraints]
2025-09-16 03:52:12,388 | INFO | [phase1]   2.17e-04s  0.00e+00d  [operations_research::sat::CpModelPresolver::FindBigAtMostOneAndLinearOverlap]
2025-09-16 03:52:12,389 | INFO | [phase1]   9.49e-05s  2.80e-07d  [operations_research::sat::CpModelPresolver::FindBigVerticalLinearOverlap]
2025-09-16 03:52:12,393 | INFO | [phase1]   1.57e-04s  0.00e+00d  [operations_research::sat::CpModelPresolver::FindBigHorizontalLinearOverlap]
2025-09-16 03:52:12,394 | INFO | [phase1]   1.33e-04s  0.00e+00d  [operations_research::sat::CpModelPresolver::MergeClauses]
2025-09-16 03:52:12,397 | INFO | [phase1]   6.80e-05s  0.00e+00d  [operations_research::sat::CpModelPresolver::PresolveToFixPoint]
2025-09-16 03:52:12,401 | INFO | [phase1]   1.62e-04s  0.00e+00d  [operations_research::sat::CpModelPresolver::ExpandObjective]
2025-09-16 03:52:12,403 | INFO | [phase1] 
2025-09-16 03:52:12,403 | INFO | [phase1] Presolve summary:
2025-09-16 03:52:12,404 | INFO | [phase1]   - 35 affine relations were detected.
2025-09-16 03:52:12,405 | INFO | [phase1]   - rule 'TODO linear2: contains a Boolean.' was applied 168 times.
2025-09-16 03:52:12,411 | INFO | [phase1]   - rule 'affine: new relation' was applied 35 times.
2025-09-16 03:52:12,411 | INFO | [phase1]   - rule 'at_most_one: empty or all false' was applied 147 times.
2025-09-16 03:52:12,414 | INFO | [phase1]   - rule 'at_most_one: removed literals' was applied 147 times.
2025-09-16 03:52:12,418 | INFO | [phase1]   - rule 'bool_and: non-reified.' was applied 42 times.
2025-09-16 03:52:12,419 | INFO | [phase1]   - rule 'bool_or: always true' was applied 7 times.
2025-09-16 03:52:12,421 | INFO | [phase1]   - rule 'bool_or: implications' was applied 84 times.
2025-09-16 03:52:12,422 | INFO | [phase1]   - rule 'deductions: 140 stored' was applied 1 time.
2025-09-16 03:52:12,429 | INFO | [phase1]   - rule 'dual: fix variable' was applied 14 times.
2025-09-16 03:52:12,433 | INFO | [phase1]   - rule 'enforcement: always false' was applied 441 times.
2025-09-16 03:52:12,434 | INFO | [phase1]   - rule 'enforcement: false literal' was applied 238 times.
2025-09-16 03:52:12,435 | INFO | [phase1]   - rule 'enforcement: true literal' was applied 196 times.
2025-09-16 03:52:12,436 | INFO | [phase1]   - rule 'int_prod: constant product' was applied 427 times.
2025-09-16 03:52:12,437 | INFO | [phase1]   - rule 'int_prod: removed constant expressions.' was applied 847 times.
2025-09-16 03:52:12,438 | INFO | [phase1]   - rule 'int_prod: unused affine target' was applied 7 times.
2025-09-16 03:52:12,448 | INFO | [phase1]   - rule 'int_square: reduced target domain.' was applied 49 times.
2025-09-16 03:52:12,451 | INFO | [phase1]   - rule 'lin_max: affine_max target domain reduced' was applied 7 times.
2025-09-16 03:52:12,452 | INFO | [phase1]   - rule 'lin_max: converted to equality' was applied 14 times.
2025-09-16 03:52:12,453 | INFO | [phase1]   - rule 'lin_max: removed exprs' was applied 21 times.
2025-09-16 03:52:12,455 | INFO | [phase1]   - rule 'lin_max: target domain reduced' was applied 14 times.
2025-09-16 03:52:12,463 | INFO | [phase1]   - rule 'linear1: always true' was applied 7 times.
2025-09-16 03:52:12,467 | INFO | [phase1]   - rule 'linear1: x in domain' was applied 463 times.
2025-09-16 03:52:12,468 | INFO | [phase1]   - rule 'linear: always true' was applied 594 times.
2025-09-16 03:52:12,469 | INFO | [phase1]   - rule 'linear: empty' was applied 519 times.
2025-09-16 03:52:12,471 | INFO | [phase1]   - rule 'linear: enforcement literal in expression' was applied 7 times.
2025-09-16 03:52:12,478 | INFO | [phase1]   - rule 'linear: fixed or dup variables' was applied 2'019 times.
2025-09-16 03:52:12,483 | INFO | [phase1]   - rule 'linear: negative clause' was applied 49 times.
2025-09-16 03:52:12,484 | INFO | [phase1]   - rule 'linear: positive clause' was applied 42 times.
2025-09-16 03:52:12,485 | INFO | [phase1]   - rule 'linear: reduced variable domains' was applied 526 times.
2025-09-16 03:52:12,486 | INFO | [phase1]   - rule 'linear: remapped using affine relations' was applied 63 times.
2025-09-16 03:52:12,487 | INFO | [phase1]   - rule 'linear: singleton column' was applied 7 times.
2025-09-16 03:52:12,488 | INFO | [phase1]   - rule 'linear: variable substitution 0' was applied 1 time.
2025-09-16 03:52:12,502 | INFO | [phase1]   - rule 'presolve: 1528 unused variables removed.' was applied 1 time.
2025-09-16 03:52:12,503 | INFO | [phase1]   - rule 'presolve: iteration' was applied 2 times.
2025-09-16 03:52:12,504 | INFO | [phase1]   - rule 'variables: both boolean and its negation fix the same variable' was applied 21 times.
2025-09-16 03:52:12,515 | INFO | [phase1]   - rule 'variables: both boolean and its negation imply same equality' was applied 7 times.
2025-09-16 03:52:12,516 | INFO | [phase1]   - rule 'variables: detect half reified value encoding' was applied 126 times.
2025-09-16 03:52:12,518 | INFO | [phase1] 
2025-09-16 03:52:12,519 | INFO | [phase1] Presolved optimization model '': (model_fingerprint: 0xc705e16f141fc4e1)
#Variables: 0 ( in objective) (0 primary variables)
2025-09-16 03:52:12,520 | INFO | [phase1] [Symmetry] Graph for symmetry has 0 nodes and 0 arcs.
2025-09-16 03:52:12,523 | INFO | [phase1] 
2025-09-16 03:52:12,529 | INFO | [phase1] Preloading model.
2025-09-16 03:52:12,535 | INFO | [phase1] #Bound   0.30s best:inf   next:[448,448]  initial_domain
2025-09-16 03:52:12,537 | INFO | [phase1] The solution hint is complete and is feasible. Its objective value is 448.
2025-09-16 03:52:12,538 | INFO | [phase1] #Model   0.31s var:0/0 constraints:0/0
2025-09-16 03:52:12,541 | INFO | [phase1] 
2025-09-16 03:52:12,548 | INFO | [phase1] Starting search at 0.32s with 8 workers.
2025-09-16 03:52:12,549 | INFO | [phase1] 5 full problem subsolvers: [default_lp, max_lp, no_lp, quick_restart, quick_restart_no_lp]
2025-09-16 03:52:12,551 | INFO | [phase1] 3 first solution subsolvers: [fj, fs_random, fs_random_no_lp]
2025-09-16 03:52:12,552 | INFO | [phase1] 3 interleaved subsolvers: [feasibility_pump, ls, rins/rens]
2025-09-16 03:52:12,553 | INFO | [phase1] 2 helper subsolvers: [neighborhood_helper, synchronization_agent]
2025-09-16 03:52:12,554 | INFO | [phase1] 
2025-09-16 03:52:12,568 | INFO | [phase1] #1       0.34s best:448   next:[]         max_lp
2025-09-16 03:52:12,569 | INFO | [phase1] #Done    0.34s max_lp
2025-09-16 03:52:12,570 | INFO | [phase1] #Done    0.34s no_lp
2025-09-16 03:52:12,575 | INFO | [phase1] #Done    0.34s default_lp
2025-09-16 03:52:12,587 | INFO | [phase1] 
2025-09-16 03:52:12,589 | INFO | [phase1] Task timing                      n [     min,      max]      avg      dev     time         n [     min,      max]      avg      dev    dtime
           'default_lp':         1 [  9.65ms,   9.65ms]   9.65ms   0.00ns   9.65ms         0 [  0.00ns,   0.00ns]   0.00ns   0.00ns   0.00ns
     'feasibility_pump':         1 [114.60us, 114.60us] 114.60us   0.00ns 114.60us         0 [  0.00ns,   0.00ns]   0.00ns   0.00ns   0.00ns
                   'fj':         0 [  0.00ns,   0.00ns]   0.00ns   0.00ns   0.00ns         0 [  0.00ns,   0.00ns]   0.00ns   0.00ns   0.00ns
            'fs_random':         1 [170.80us, 170.80us] 170.80us   0.00ns 170.80us         0 [  0.00ns,   0.00ns]   0.00ns   0.00ns   0.00ns
      'fs_random_no_lp':         1 [  8.48ms,   8.48ms]   8.48ms   0.00ns   8.48ms         0 [  0.00ns,   0.00ns]   0.00ns   0.00ns   0.00ns
                   'ls':         0 [  0.00ns,   0.00ns]   0.00ns   0.00ns   0.00ns         0 [  0.00ns,   0.00ns]   0.00ns   0.00ns   0.00ns
               'max_lp':         1 [  2.33ms,   2.33ms]   2.33ms   0.00ns   2.33ms         0 [  0.00ns,   0.00ns]   0.00ns   0.00ns   0.00ns
                'no_lp':         1 [  7.57ms,   7.57ms]   7.57ms   0.00ns   7.57ms         0 [  0.00ns,   0.00ns]   0.00ns   0.00ns   0.00ns
        'quick_restart':         1 [  9.00ms,   9.00ms]   9.00ms   0.00ns   9.00ms         0 [  0.00ns,   0.00ns]   0.00ns   0.00ns   0.00ns
  'quick_restart_no_lp':         1 [  8.89ms,   8.89ms]   8.89ms   0.00ns   8.89ms         0 [  0.00ns,   0.00ns]   0.00ns   0.00ns   0.00ns
            'rins/rens':         0 [  0.00ns,   0.00ns]   0.00ns   0.00ns   0.00ns         0 [  0.00ns,   0.00ns]   0.00ns   0.00ns   0.00ns
2025-09-16 03:52:12,591 | INFO | [phase1] Search stats              Bools  Conflicts  Branches  Restarts  BoolPropag  IntegerPropag
           'default_lp':      0          0         0         0           0              1
            'fs_random':      0          0         0         0           0              0
      'fs_random_no_lp':      0          0         0         0           0              0
               'max_lp':      0          0         0         0           0              1
                'no_lp':      0          0         0         0           0              1
        'quick_restart':      0          0         0         0           0              0
  'quick_restart_no_lp':      0          0         0         0           0              0
2025-09-16 03:52:12,597 | INFO | [phase1] SAT stats                 ClassicMinim  LitRemoved  LitLearned  LitForgotten  Subsumed  MClauses  MDecisions  MLitTrue  MSubsumed  MLitRemoved  MReused
           'default_lp':             0           0           0             0         0         0           0         0          0            0        0
            'fs_random':             0           0           0             0         0         0           0         0          0            0        0
      'fs_random_no_lp':             0           0           0             0         0         0           0         0          0            0        0
               'max_lp':             0           0           0             0         0         0           0         0          0            0        0
                'no_lp':             0           0           0             0         0         0           0         0          0            0        0
        'quick_restart':             0           0           0             0         0         0           0         0          0            0        0
  'quick_restart_no_lp':             0           0           0             0         0         0           0         0          0            0        0
2025-09-16 03:52:12,599 | INFO | [phase1] LNS stats       Improv/Calls  Closed  Difficulty  TimeLimit
  'rins/rens':           0/0      0%    5.00e-01       0.10
2025-09-16 03:52:12,600 | INFO | [phase1] Solutions (1)    Num   Rank
      'max_lp':    1  [1,1]
2025-09-16 03:52:12,602 | INFO | [phase1] Objective bounds     Num
  'initial_domain':    1
2025-09-16 03:52:12,603 | INFO | [phase1] Solution repositories    Added  Queried  Synchro
  'feasible solutions':      3        0        2
   'fj solution hints':      0        0        0
        'lp solutions':      0        0        0
                'pump':      0        0
2025-09-16 03:52:12,611 | INFO | [phase1] CpSolverResponse summary:
status: OPTIMAL
objective: 448
best_bound: 448
integers: 1
booleans: 0
conflicts: 0
branches: 0
propagations: 0
integer_propagations: 1
restarts: 0
lp_iterations: 0
walltime: 0.377096
usertime: 0.377096
deterministic_time: 5.6e-07
gap_integral: 0
solution_fingerprint: 0x1f89d8db7e6fce8e
2025-09-16 03:52:12,617 | INFO | Phase-1 status=OPTIMAL objective(U)=448.0
2025-09-16 03:52:12,622 | INFO | 448.0
2025-09-16 03:52:12,708 | INFO | [wk_pen_count_0(0..4), wk_pen_count_1(0..4), wk_pen_count_2(0..4), wk_pen_count_3(0..4), wk_pen_count_4(0..4), wk_pen_count_5(0..4), wk_pen_count_6(0..4)]
2025-09-16 03:52:12,709 | INFO | Model built: |S|=22 |P|=7 |D|=31
2025-09-16 03:52:12,710 | INFO | Time budget total=1500.00s split: phase1=600.00s phase2=900.00s
2025-09-16 03:52:12,711 | INFO | Phase-2 solve: time=900.0s workers=16 rgap=1e-05 seed=1
2025-09-16 03:52:12,712 | INFO | Diversity threshold L=1, K=2
2025-09-16 03:52:12,722 | INFO | [phase2] 
2025-09-16 03:52:12,722 | INFO | [phase2] Starting CP-SAT solver v9.14.6206
2025-09-16 03:52:12,724 | INFO | [phase2] Parameters: random_seed: 1 max_time_in_seconds: 900 log_search_progress: true num_search_workers: 16 relative_gap_limit: 1e-05 log_to_stdout: false
2025-09-16 03:52:12,730 | INFO | [phase2] 
2025-09-16 03:52:12,748 | INFO | [phase2] Initial optimization model '': (model_fingerprint: 0xd88779c531954b8f)
#Variables: 2'133 (#ints: 1 in objective) (1'005 primary variables)
  - 1'030 Booleans in [0,1]
  - 7 in [-31,31]
  - 28 in [-1,1]
  - 21 in [0,2]
  - 21 in [0,3]
  - 14 in [0,4]
  - 35 in [0,22]
  - 462 in [0,31]
  - 7 in [0,40]
  - 217 in [0,961]
  - 21 in [0,968]
  - 28 in [0,1000]
  - 224 in [0,29791]
  - 7 in [0,100000]
  - 7 in [0,1000000000000000]
  - 2 in [0,1000000000000000000]
  - 2 constants in {0} 
#kAtMostOne: 147 (#literals: 294)
#kIntProd: 455
#kLinMax: 42 (#expressions: 287)
#kLinear1: 1'183 (#enforced: 651 #multi: 210)
#kLinear2: 1'484 (#enforced: 427 #multi: 210)
#kLinear3: 406
#kLinearN: 151 (#terms: 1'744)
2025-09-16 03:52:12,750 | INFO | [phase2] 
2025-09-16 03:52:12,751 | INFO | [phase2] Starting presolve at 0.03s
2025-09-16 03:52:12,783 | INFO | [phase2]   7.19e-04s  0.00e+00d  [DetectDominanceRelations]
2025-09-16 03:52:12,784 | INFO | [phase2]   1.69e-02s  0.00e+00d  [operations_research::sat::CpModelPresolver::PresolveToFixPoint] #num_loops=2 #num_dual_strengthening=1
2025-09-16 03:52:12,786 | INFO | [phase2]   1.03e-04s  0.00e+00d  [operations_research::sat::CpModelPresolver::ExtractEncodingFromLinear]
2025-09-16 03:52:12,792 | INFO | [phase2]   9.84e-05s  0.00e+00d  [operations_research::sat::CpModelPresolver::DetectDuplicateColumns]
2025-09-16 03:52:12,793 | INFO | [phase2]   2.03e-04s  0.00e+00d  [operations_research::sat::CpModelPresolver::DetectDuplicateConstraints]
2025-09-16 03:52:12,799 | INFO | [phase2]   1.75e-04s  0.00e+00d  [operations_research::sat::CpModelPresolver::DetectDuplicateConstraintsWithDifferentEnforcements]
2025-09-16 03:52:12,800 | INFO | [phase2]   2.65e-03s  1.40e-07d  [operations_research::sat::CpModelPresolver::Probe]
2025-09-16 03:52:12,801 | INFO | [phase2]   9.55e-05s  0.00e+00d  [MaxClique]
2025-09-16 03:52:12,810 | INFO | [phase2]   7.37e-04s  0.00e+00d  [DetectDominanceRelations]
2025-09-16 03:52:12,811 | INFO | [phase2]   2.43e-03s  0.00e+00d  [operations_research::sat::CpModelPresolver::PresolveToFixPoint] #num_loops=2 #num_dual_strengthening=1
2025-09-16 03:52:12,812 | INFO | [phase2]   1.46e-04s  0.00e+00d  [operations_research::sat::CpModelPresolver::ProcessAtMostOneAndLinear]
2025-09-16 03:52:12,813 | INFO | [phase2]   2.36e-04s  0.00e+00d  [operations_research::sat::CpModelPresolver::DetectDuplicateConstraints]
2025-09-16 03:52:12,814 | INFO | [phase2]   2.42e-04s  0.00e+00d  [operations_research::sat::CpModelPresolver::DetectDuplicateConstraintsWithDifferentEnforcements]
2025-09-16 03:52:12,815 | INFO | [phase2]   7.77e-05s  0.00e+00d  [operations_research::sat::CpModelPresolver::DetectDominatedLinearConstraints]
2025-09-16 03:52:12,816 | INFO | [phase2]   1.22e-04s  0.00e+00d  [operations_research::sat::CpModelPresolver::DetectDifferentVariables]
2025-09-16 03:52:12,817 | INFO | [phase2]   1.07e-04s  0.00e+00d  [operations_research::sat::CpModelPresolver::ProcessSetPPC]
2025-09-16 03:52:12,825 | INFO | [phase2]   1.25e-04s  0.00e+00d  [operations_research::sat::CpModelPresolver::FindAlmostIdenticalLinearConstraints]
2025-09-16 03:52:12,829 | INFO | [phase2]   3.35e-04s  0.00e+00d  [operations_research::sat::CpModelPresolver::FindBigAtMostOneAndLinearOverlap]
2025-09-16 03:52:12,831 | INFO | [phase2]   1.15e-04s  4.90e-07d  [operations_research::sat::CpModelPresolver::FindBigVerticalLinearOverlap]
2025-09-16 03:52:12,832 | INFO | [phase2]   1.12e-04s  0.00e+00d  [operations_research::sat::CpModelPresolver::FindBigHorizontalLinearOverlap]
2025-09-16 03:52:12,833 | INFO | [phase2]   1.64e-04s  0.00e+00d  [operations_research::sat::CpModelPresolver::MergeClauses]
2025-09-16 03:52:12,836 | INFO | [phase2]   5.83e-04s  0.00e+00d  [DetectDominanceRelations]
2025-09-16 03:52:12,839 | INFO | [phase2]   4.35e-03s  0.00e+00d  [operations_research::sat::CpModelPresolver::PresolveToFixPoint] #num_loops=1 #num_dual_strengthening=1
2025-09-16 03:52:12,841 | INFO | [phase2]   6.86e-04s  0.00e+00d  [DetectDominanceRelations]
2025-09-16 03:52:12,845 | INFO | [phase2]   5.06e-03s  0.00e+00d  [operations_research::sat::CpModelPresolver::PresolveToFixPoint] #num_loops=1 #num_dual_strengthening=1
2025-09-16 03:52:12,849 | INFO | [phase2]   3.96e-04s  0.00e+00d  [operations_research::sat::CpModelPresolver::DetectDuplicateColumns]
2025-09-16 03:52:12,850 | INFO | [phase2]   2.26e-04s  0.00e+00d  [operations_research::sat::CpModelPresolver::DetectDuplicateConstraints]
2025-09-16 03:52:12,857 | INFO | [phase2]   3.03e-04s  0.00e+00d  [operations_research::sat::CpModelPresolver::DetectDuplicateConstraintsWithDifferentEnforcements]
2025-09-16 03:52:12,860 | INFO | [phase2]   6.03e-03s  1.40e-07d  [operations_research::sat::CpModelPresolver::Probe]
2025-09-16 03:52:12,861 | INFO | [phase2]   8.80e-05s  0.00e+00d  [MaxClique]
2025-09-16 03:52:12,864 | INFO | [phase2]   8.74e-04s  0.00e+00d  [DetectDominanceRelations]
2025-09-16 03:52:12,865 | INFO | [phase2]   2.38e-03s  0.00e+00d  [operations_research::sat::CpModelPresolver::PresolveToFixPoint] #num_loops=1 #num_dual_strengthening=1
2025-09-16 03:52:12,866 | INFO | [phase2]   7.04e-05s  0.00e+00d  [operations_research::sat::CpModelPresolver::ProcessAtMostOneAndLinear]
2025-09-16 03:52:12,868 | INFO | [phase2]   3.29e-04s  0.00e+00d  [operations_research::sat::CpModelPresolver::DetectDuplicateConstraints]
2025-09-16 03:52:12,873 | INFO | [phase2]   2.78e-04s  0.00e+00d  [operations_research::sat::CpModelPresolver::DetectDuplicateConstraintsWithDifferentEnforcements]
2025-09-16 03:52:12,877 | INFO | [phase2]   7.67e-05s  0.00e+00d  [operations_research::sat::CpModelPresolver::DetectDominatedLinearConstraints]
2025-09-16 03:52:12,878 | INFO | [phase2]   1.20e-04s  0.00e+00d  [operations_research::sat::CpModelPresolver::DetectDifferentVariables]
2025-09-16 03:52:12,879 | INFO | [phase2]   9.48e-05s  0.00e+00d  [operations_research::sat::CpModelPresolver::ProcessSetPPC]
2025-09-16 03:52:12,881 | INFO | [phase2]   1.40e-04s  0.00e+00d  [operations_research::sat::CpModelPresolver::FindAlmostIdenticalLinearConstraints]
2025-09-16 03:52:12,882 | INFO | [phase2]   2.84e-04s  0.00e+00d  [operations_research::sat::CpModelPresolver::FindBigAtMostOneAndLinearOverlap]
2025-09-16 03:52:12,883 | INFO | [phase2]   1.08e-04s  4.90e-07d  [operations_research::sat::CpModelPresolver::FindBigVerticalLinearOverlap]
2025-09-16 03:52:12,885 | INFO | [phase2]   2.26e-04s  0.00e+00d  [operations_research::sat::CpModelPresolver::FindBigHorizontalLinearOverlap]
2025-09-16 03:52:12,893 | INFO | [phase2]   1.74e-04s  0.00e+00d  [operations_research::sat::CpModelPresolver::MergeClauses]
2025-09-16 03:52:12,897 | INFO | [phase2]   6.90e-04s  0.00e+00d  [DetectDominanceRelations]
2025-09-16 03:52:12,898 | INFO | [phase2]   1.85e-03s  0.00e+00d  [operations_research::sat::CpModelPresolver::PresolveToFixPoint] #num_loops=1 #num_dual_strengthening=1
2025-09-16 03:52:12,900 | INFO | [phase2]   4.73e-04s  0.00e+00d  [operations_research::sat::CpModelPresolver::ExpandObjective]
2025-09-16 03:52:12,902 | INFO | [phase2] 
2025-09-16 03:52:12,906 | INFO | [phase2] Presolve summary:
2025-09-16 03:52:12,909 | INFO | [phase2]   - 35 affine relations were detected.
2025-09-16 03:52:12,909 | INFO | [phase2]   - rule 'TODO dual: only one blocking constraint?' was applied 252 times.
2025-09-16 03:52:12,911 | INFO | [phase2]   - rule 'TODO linear2: contains a Boolean.' was applied 168 times.
2025-09-16 03:52:12,911 | INFO | [phase2]   - rule 'affine: new relation' was applied 35 times.
2025-09-16 03:52:12,912 | INFO | [phase2]   - rule 'at_most_one: empty or all false' was applied 147 times.
2025-09-16 03:52:12,913 | INFO | [phase2]   - rule 'at_most_one: removed literals' was applied 147 times.
2025-09-16 03:52:12,914 | INFO | [phase2]   - rule 'bool_and: non-reified.' was applied 42 times.
2025-09-16 03:52:12,915 | INFO | [phase2]   - rule 'bool_or: always true' was applied 7 times.
2025-09-16 03:52:12,916 | INFO | [phase2]   - rule 'bool_or: implications' was applied 84 times.
2025-09-16 03:52:12,917 | INFO | [phase2]   - rule 'deductions: 140 stored' was applied 1 time.
2025-09-16 03:52:12,924 | INFO | [phase2]   - rule 'enforcement: always false' was applied 441 times.
2025-09-16 03:52:12,927 | INFO | [phase2]   - rule 'enforcement: false literal' was applied 238 times.
2025-09-16 03:52:12,928 | INFO | [phase2]   - rule 'enforcement: true literal' was applied 196 times.
2025-09-16 03:52:12,929 | INFO | [phase2]   - rule 'int_prod: constant product' was applied 434 times.
2025-09-16 03:52:12,930 | INFO | [phase2]   - rule 'int_prod: removed constant expressions.' was applied 861 times.
2025-09-16 03:52:12,931 | INFO | [phase2]   - rule 'int_prod: unused affine target' was applied 7 times.
2025-09-16 03:52:12,932 | INFO | [phase2]   - rule 'int_square: reduced target domain.' was applied 63 times.
2025-09-16 03:52:12,933 | INFO | [phase2]   - rule 'lin_max: all exprs fixed during copy' was applied 28 times.
2025-09-16 03:52:12,934 | INFO | [phase2]   - rule 'lin_max: converted to equality' was applied 7 times.
2025-09-16 03:52:12,939 | INFO | [phase2]   - rule 'lin_max: reduced expression domain.' was applied 28 times.
2025-09-16 03:52:12,939 | INFO | [phase2]   - rule 'lin_max: removed exprs' was applied 14 times.
2025-09-16 03:52:12,942 | INFO | [phase2]   - rule 'lin_max: target domain reduced' was applied 7 times.
2025-09-16 03:52:12,943 | INFO | [phase2]   - rule 'lin_max: x = max(x, ...)' was applied 7 times.
2025-09-16 03:52:12,943 | INFO | [phase2]   - rule 'linear1: always true' was applied 14 times.
2025-09-16 03:52:12,944 | INFO | [phase2]   - rule 'linear1: x in domain' was applied 1'024 times.
2025-09-16 03:52:12,945 | INFO | [phase2]   - rule 'linear: always true' was applied 945 times.
2025-09-16 03:52:12,946 | INFO | [phase2]   - rule 'linear: empty' was applied 505 times.
2025-09-16 03:52:12,947 | INFO | [phase2]   - rule 'linear: enforcement literal in expression' was applied 7 times.
2025-09-16 03:52:12,948 | INFO | [phase2]   - rule 'linear: fixed or dup variables' was applied 1'999 times.
2025-09-16 03:52:12,949 | INFO | [phase2]   - rule 'linear: negative clause' was applied 49 times.
2025-09-16 03:52:12,949 | INFO | [phase2]   - rule 'linear: positive clause' was applied 42 times.
2025-09-16 03:52:12,961 | INFO | [phase2]   - rule 'linear: reduced variable domains' was applied 519 times.
2025-09-16 03:52:12,962 | INFO | [phase2]   - rule 'linear: remapped using affine relations' was applied 63 times.
2025-09-16 03:52:12,963 | INFO | [phase2]   - rule 'linear: variable substitution 0' was applied 1 time.
2025-09-16 03:52:12,964 | INFO | [phase2]   - rule 'linear: variable substitution 1' was applied 7 times.
2025-09-16 03:52:12,965 | INFO | [phase2]   - rule 'presolve: 2090 unused variables removed.' was applied 1 time.
2025-09-16 03:52:12,966 | INFO | [phase2]   - rule 'presolve: iteration' was applied 2 times.
2025-09-16 03:52:12,967 | INFO | [phase2]   - rule 'variables: both boolean and its negation fix the same variable' was applied 21 times.
2025-09-16 03:52:12,975 | INFO | [phase2]   - rule 'variables: both boolean and its negation imply same equality' was applied 7 times.
2025-09-16 03:52:12,976 | INFO | [phase2]   - rule 'variables: detect half reified value encoding' was applied 126 times.
2025-09-16 03:52:12,978 | INFO | [phase2] 
2025-09-16 03:52:12,978 | INFO | [phase2] Presolved optimization model '': (model_fingerprint: 0xd64395d635c6e163)
#Variables: 28 (#ints: 14 in objective) (14 primary variables)
  - 7 in [0,1][4][9][16][25][36][49][64][81][100][ ... 169][196][225][256][289][324][361][400][441][484]
  - 7 in [0,22]
  - 7 in [3,22]
  - 7 in [9][16][25][36][49][64][81][100][121][144][169][196][225][256][289][324][361][400][441][484]
#kIntProd: 14
2025-09-16 03:52:12,979 | INFO | [phase2] 
2025-09-16 03:52:12,980 | INFO | [phase2] Preloading model.
2025-09-16 03:52:12,981 | INFO | [phase2] #Bound   0.26s best:inf   next:[315000,33880000] initial_domain
2025-09-16 03:52:12,986 | INFO | [phase2] #Model   0.26s var:28/28 constraints:14/14 compo:2,2,2,2,2,2,2,2,2,2,...
2025-09-16 03:52:12,994 | INFO | [phase2] 
2025-09-16 03:52:12,995 | INFO | [phase2] Starting search at 0.27s with 16 workers.
2025-09-16 03:52:12,996 | INFO | [phase2] 11 full problem subsolvers: [core, default_lp, lb_tree_search, max_lp, no_lp, objective_lb_search, probing, pseudo_costs, quick_restart, quick_restart_no_lp, reduced_costs]
2025-09-16 03:52:12,997 | INFO | [phase2] 5 first solution subsolvers: [fj(2), fs_random, fs_random_no_lp, fs_random_quick_restart_no_lp]
2025-09-16 03:52:13,000 | INFO | [phase2] 11 interleaved subsolvers: [feasibility_pump, graph_arc_lns, graph_cst_lns, graph_dec_lns, graph_var_lns, lb_relax_lns, ls, ls_lin, rins/rens, rnd_cst_lns, rnd_var_lns]
2025-09-16 03:52:13,003 | INFO | [phase2] 3 helper subsolvers: [neighborhood_helper, synchronization_agent, update_gap_integral]
2025-09-16 03:52:13,008 | INFO | [phase2] 
2025-09-16 03:52:13,011 | INFO | [phase2] #1       0.29s best:315000 next:[]         core (fixed_bools=0/14)
2025-09-16 03:52:13,014 | INFO | [phase2] #Done    0.29s core
2025-09-16 03:52:13,016 | INFO | [phase2] #Done    0.29s no_lp
2025-09-16 03:52:13,034 | INFO | [phase2] 
2025-09-16 03:52:13,034 | INFO | [phase2] Task timing                                n [     min,      max]      avg      dev     time         n [     min,      max]      avg      dev    dtime
                           'core':         1 [  6.14ms,   6.14ms]   6.14ms   0.00ns   6.14ms         1 [  4.63us,   4.63us]   4.63us   0.00ns   4.63us
                     'default_lp':         1 [  8.93ms,   8.93ms]   8.93ms   0.00ns   8.93ms         0 [  0.00ns,   0.00ns]   0.00ns   0.00ns   0.00ns
               'feasibility_pump':         1 [  1.99ms,   1.99ms]   1.99ms   0.00ns   1.99ms         0 [  0.00ns,   0.00ns]   0.00ns   0.00ns   0.00ns
                             'fj':         0 [  0.00ns,   0.00ns]   0.00ns   0.00ns   0.00ns         0 [  0.00ns,   0.00ns]   0.00ns   0.00ns   0.00ns
                             'fj':         1 [  3.53ms,   3.53ms]   3.53ms   0.00ns   3.53ms         0 [  0.00ns,   0.00ns]   0.00ns   0.00ns   0.00ns
                      'fs_random':         1 [  5.88ms,   5.88ms]   5.88ms   0.00ns   5.88ms         0 [  0.00ns,   0.00ns]   0.00ns   0.00ns   0.00ns
                'fs_random_no_lp':         1 [  6.03ms,   6.03ms]   6.03ms   0.00ns   6.03ms         0 [  0.00ns,   0.00ns]   0.00ns   0.00ns   0.00ns
  'fs_random_quick_restart_no_lp':         1 [  5.70ms,   5.70ms]   5.70ms   0.00ns   5.70ms         0 [  0.00ns,   0.00ns]   0.00ns   0.00ns   0.00ns
                  'graph_arc_lns':         0 [  0.00ns,   0.00ns]   0.00ns   0.00ns   0.00ns         0 [  0.00ns,   0.00ns]   0.00ns   0.00ns   0.00ns
                  'graph_cst_lns':         0 [  0.00ns,   0.00ns]   0.00ns   0.00ns   0.00ns         0 [  0.00ns,   0.00ns]   0.00ns   0.00ns   0.00ns
                  'graph_dec_lns':         0 [  0.00ns,   0.00ns]   0.00ns   0.00ns   0.00ns         0 [  0.00ns,   0.00ns]   0.00ns   0.00ns   0.00ns
                  'graph_var_lns':         0 [  0.00ns,   0.00ns]   0.00ns   0.00ns   0.00ns         0 [  0.00ns,   0.00ns]   0.00ns   0.00ns   0.00ns
                   'lb_relax_lns':         0 [  0.00ns,   0.00ns]   0.00ns   0.00ns   0.00ns         0 [  0.00ns,   0.00ns]   0.00ns   0.00ns   0.00ns
                 'lb_tree_search':         1 [  7.91ms,   7.91ms]   7.91ms   0.00ns   7.91ms         0 [  0.00ns,   0.00ns]   0.00ns   0.00ns   0.00ns
                             'ls':         0 [  0.00ns,   0.00ns]   0.00ns   0.00ns   0.00ns         0 [  0.00ns,   0.00ns]   0.00ns   0.00ns   0.00ns
                         'ls_lin':         0 [  0.00ns,   0.00ns]   0.00ns   0.00ns   0.00ns         0 [  0.00ns,   0.00ns]   0.00ns   0.00ns   0.00ns
                         'max_lp':         1 [  8.70ms,   8.70ms]   8.70ms   0.00ns   8.70ms         0 [  0.00ns,   0.00ns]   0.00ns   0.00ns   0.00ns
                          'no_lp':         1 [  7.23ms,   7.23ms]   7.23ms   0.00ns   7.23ms         1 [  3.07us,   3.07us]   3.07us   0.00ns   3.07us
            'objective_lb_search':         1 [  7.59ms,   7.59ms]   7.59ms   0.00ns   7.59ms         0 [  0.00ns,   0.00ns]   0.00ns   0.00ns   0.00ns
                        'probing':         1 [  7.71ms,   7.71ms]   7.71ms   0.00ns   7.71ms         0 [  0.00ns,   0.00ns]   0.00ns   0.00ns   0.00ns
                   'pseudo_costs':         1 [  6.74ms,   6.74ms]   6.74ms   0.00ns   6.74ms         0 [  0.00ns,   0.00ns]   0.00ns   0.00ns   0.00ns
                  'quick_restart':         1 [  8.58ms,   8.58ms]   8.58ms   0.00ns   8.58ms         0 [  0.00ns,   0.00ns]   0.00ns   0.00ns   0.00ns
            'quick_restart_no_lp':         1 [  6.95ms,   6.95ms]   6.95ms   0.00ns   6.95ms         0 [  0.00ns,   0.00ns]   0.00ns   0.00ns   0.00ns
                  'reduced_costs':         1 [  8.47ms,   8.47ms]   8.47ms   0.00ns   8.47ms         0 [  0.00ns,   0.00ns]   0.00ns   0.00ns   0.00ns
                      'rins/rens':         0 [  0.00ns,   0.00ns]   0.00ns   0.00ns   0.00ns         0 [  0.00ns,   0.00ns]   0.00ns   0.00ns   0.00ns
                    'rnd_cst_lns':         0 [  0.00ns,   0.00ns]   0.00ns   0.00ns   0.00ns         0 [  0.00ns,   0.00ns]   0.00ns   0.00ns   0.00ns
                    'rnd_var_lns':         0 [  0.00ns,   0.00ns]   0.00ns   0.00ns   0.00ns         0 [  0.00ns,   0.00ns]   0.00ns   0.00ns   0.00ns
2025-09-16 03:52:13,037 | INFO | [phase2] Search stats                        Bools  Conflicts  Branches  Restarts  BoolPropag  IntegerPropag
                           'core':     14          0        13         2          15             57
                     'default_lp':      0          0         0         0           0              0
                      'fs_random':      0          0         0         0           0              0
                'fs_random_no_lp':      0          0         0         0           0              0
  'fs_random_quick_restart_no_lp':      0          0         0         0           0              0
                 'lb_tree_search':      0          0         0         0           0              0
                         'max_lp':      0          0         0         0           0              0
                          'no_lp':     14          0        14         1           0             29
            'objective_lb_search':      0          0         0         0           0              0
                        'probing':      0          0         0         0           0              0
                   'pseudo_costs':      0          0         0         0           0              0
                  'quick_restart':      0          0         0         0           0              0
            'quick_restart_no_lp':      0          0         0         0           0              0
                  'reduced_costs':      0          0         0         0           0              0
2025-09-16 03:52:13,042 | INFO | [phase2] SAT stats                           ClassicMinim  LitRemoved  LitLearned  LitForgotten  Subsumed  MClauses  MDecisions  MLitTrue  MSubsumed  MLitRemoved  MReused
                           'core':             0           0           0             0         0         0           0         0          0            0        0
                     'default_lp':             0           0           0             0         0         0           0         0          0            0        0
                      'fs_random':             0           0           0             0         0         0           0         0          0            0        0
                'fs_random_no_lp':             0           0           0             0         0         0           0         0          0            0        0
  'fs_random_quick_restart_no_lp':             0           0           0             0         0         0           0         0          0            0        0
                 'lb_tree_search':             0           0           0             0         0         0           0         0          0            0        0
                         'max_lp':             0           0           0             0         0         0           0         0          0            0        0
                          'no_lp':             0           0           0             0         0         0           0         0          0            0        0
            'objective_lb_search':             0           0           0             0         0         0           0         0          0            0        0
                        'probing':             0           0           0             0         0         0           0         0          0            0        0
                   'pseudo_costs':             0           0           0             0         0         0           0         0          0            0        0
                  'quick_restart':             0           0           0             0         0         0           0         0          0            0        0
            'quick_restart_no_lp':             0           0           0             0         0         0           0         0          0            0        0
                  'reduced_costs':             0           0           0             0         0         0           0         0          0            0        0
2025-09-16 03:52:13,043 | INFO | [phase2] Lp stats                  Component  Iterations  AddedCuts  OPTIMAL  DUAL_F.  DUAL_U.
           'default_lp':         14           0          0       14        0        0
       'lb_tree_search':         14           0          0       14        0        0
               'max_lp':         14           0          0       14        0        0
  'objective_lb_search':         14           0          0       14        0        0
              'probing':         14           0          0       14        0        0
         'pseudo_costs':         14           0          0       14        0        0
        'quick_restart':         14           0          0       14        0        0
        'reduced_costs':         14           0          0       14        0        0
2025-09-16 03:52:13,044 | INFO | [phase2] Lp dimension              Final dimension of first component
           'default_lp':        0 rows, 2 columns, 0 entries
       'lb_tree_search':        3 rows, 2 columns, 6 entries
               'max_lp':        3 rows, 2 columns, 6 entries
  'objective_lb_search':        0 rows, 2 columns, 0 entries
              'probing':        0 rows, 2 columns, 0 entries
         'pseudo_costs':        0 rows, 2 columns, 0 entries
        'quick_restart':        0 rows, 2 columns, 0 entries
        'reduced_costs':        0 rows, 2 columns, 0 entries
2025-09-16 03:52:13,046 | INFO | [phase2] Lp debug                  CutPropag  CutEqPropag  Adjust  Overflow  Bad  BadScaling
           'default_lp':          0            0       0         0    0           0
       'lb_tree_search':          0            0       0         0    0           0
               'max_lp':          0            0       0         0    0           0
  'objective_lb_search':          0            0       0         0    0           0
              'probing':          0            0       0         0    0           0
         'pseudo_costs':          0            0       0         0    0           0
        'quick_restart':          0            0       0         0    0           0
        'reduced_costs':          0            0       0         0    0           0
2025-09-16 03:52:13,060 | INFO | [phase2] Lp pool                   Constraints  Updates  Simplif  Merged  Shortened  Split  Strenghtened  Cuts/Call
           'default_lp':           42        0        0       0          0      0             0        0/0
       'lb_tree_search':           42        0        0       0          0      0             0       0/28
               'max_lp':           42        0        0       0          0      0             0       0/28
  'objective_lb_search':           42        0        0       0          0      0             0        0/0
              'probing':           42        0        0       0          0      0             0        0/0
         'pseudo_costs':           42        0        0       0          0      0             0        0/0
        'quick_restart':           42        0        0       0          0      0             0        0/0
        'reduced_costs':           42        0        0       0          0      0             0        0/0
2025-09-16 03:52:13,062 | INFO | [phase2] LNS stats           Improv/Calls  Closed  Difficulty  TimeLimit
  'graph_arc_lns':           0/0      0%    5.00e-01       0.10
  'graph_cst_lns':           0/0      0%    5.00e-01       0.10
  'graph_dec_lns':           0/0      0%    5.00e-01       0.10
  'graph_var_lns':           0/0      0%    5.00e-01       0.10
   'lb_relax_lns':           0/0      0%    5.00e-01       0.50
      'rins/rens':           0/0      0%    5.00e-01       0.10
    'rnd_cst_lns':           0/0      0%    5.00e-01       0.10
    'rnd_var_lns':           0/0      0%    5.00e-01       0.10
2025-09-16 03:52:13,068 | INFO | [phase2] Solutions (1)    Num   Rank
        'core':    1  [1,1]
2025-09-16 03:52:13,073 | INFO | [phase2] Objective bounds     Num
  'initial_domain':    1
2025-09-16 03:52:13,075 | INFO | [phase2] Solution repositories    Added  Queried  Synchro
  'feasible solutions':      2        0        2
   'fj solution hints':      0        0        0
        'lp solutions':      0        0        0
                'pump':      0        0
2025-09-16 03:52:13,078 | INFO | [phase2] CpSolverResponse summary:
status: OPTIMAL
objective: 315000
best_bound: 315000
integers: 29
booleans: 14
conflicts: 0
branches: 13
propagations: 15
integer_propagations: 57
restarts: 2
lp_iterations: 0
walltime: 0.355493
usertime: 0.355493
deterministic_time: 8.96e-06
gap_integral: 0.000133433
solution_fingerprint: 0x69d711836b0e2781
2025-09-16 03:52:13,085 | INFO | Phase-2 status=OPTIMAL
2025-09-16 03:52:13,085 | INFO | Phase-2 best objective=315000.0 best bound=315000.0
2025-09-16 03:52:13,090 | INFO | Pool collected=1
2025-09-16 03:52:13,091 | INFO | Selected tables=2 (requested K=2)
2025-09-16 03:52:13,092 | INFO | Selected objectives: [315000.0, 315000.0]
2025-09-16 03:52:13,210 | INFO | Wrote: Result_14\schedules.xlsx
2025-09-16 03:52:13,211 | INFO | Wrote: Result_14\hospital_schedule.xlsx
2025-09-16 03:52:13,218 | INFO | Wrote: Result_14\calendar.xlsx
2025-09-16 03:52:13,220 | INFO | Wrote: Result_14\eligibility_capacity.json
2025-09-16 03:52:13,221 | INFO | Wrote grid: Result_14\schedules.xlsx
2025-09-16 03:52:13,222 | INFO | Wrote hospital: Result_14\hospital_schedule.xlsx
2025-09-16 03:52:13,223 | INFO | Wrote calendar: Result_14\calendar.xlsx
2025-09-16 03:52:13,226 | INFO | Wrote run meta: Result_14\scheduler_log_20250916_035211.json
2025-09-16 03:52:13,227 | INFO | ===== SCHEDULER RUN COMPLETE 20250916_035211 =====
2025-09-16 03:52:13,311 | INFO | Logging to Result_14\scheduler_run.log
2025-09-16 03:52:13,312 | INFO | ===== SCHEDULER RUN 20250916_035213 =====
2025-09-16 03:52:13,316 | INFO | Args.case=C:\Users\sapper\AppData\Local\Temp\tmp6724bgr4.json
2025-09-16 03:52:13,321 | INFO | Loaded case with 31 days, 22 shifts, 7 providers
2025-09-16 03:52:13,324 | INFO | Run config: out=Result_14 k=2 seed=1 time=1500 L=1
2025-09-16 03:52:13,330 | INFO | Wrote: Result_14\constants_effective.log
2025-09-16 03:52:13,332 | INFO | Wrote capacity snapshot: Result_14\eligibility_capacity.json
2025-09-16 03:52:13,335 | INFO | Instance: |days|=31 |shifts|=22 |providers|=7 |types|=10
2025-09-16 03:52:13,336 | INFO | Weekend names: ['Saturday', 'Sunday']
2025-09-16 03:52:13,350 | INFO | Weekend indices: [3, 4, 10, 11, 17, 18, 24, 25]
2025-09-16 03:52:13,352 | INFO | Shift[0] keys: ['id', 'date', 'type', 'start', 'end', 'allowed_provider_types']
2025-09-16 03:52:13,356 | INFO | Provider[0] keys: ['id', 'name', 'type', 'max_consecutive_days', 'limits', 'forbidden_days_soft', 'forbidden_days_hard', 'preferred_days_hard', 'preferred_days_soft']
2025-09-16 03:52:13,357 | INFO | Provider types: ['MD_N', 'MD_S2']
2025-09-16 03:52:13,369 | INFO | max_consecutive_days per provider (0 means no cap): [12, 3, 2, 2, 4, 3, 3]
2025-09-16 03:52:13,696 | INFO | 0
2025-09-16 03:52:13,701 | INFO | 1
2025-09-16 03:52:13,702 | INFO | 2
2025-09-16 03:52:13,710 | INFO | 3
2025-09-16 03:52:13,711 | INFO | 4
2025-09-16 03:52:13,716 | INFO | 5
2025-09-16 03:52:13,718 | INFO | 6
2025-09-16 03:52:13,722 | INFO | Phase-1 solve: time=120.0s workers=8
2025-09-16 03:52:13,735 | INFO | [phase1] 
2025-09-16 03:52:13,736 | INFO | [phase1] Starting CP-SAT solver v9.14.6206
2025-09-16 03:52:13,737 | INFO | [phase1] Parameters: max_time_in_seconds: 120 log_search_progress: true num_search_workers: 8 log_to_stdout: false
2025-09-16 03:52:13,779 | INFO | [phase1] 
2025-09-16 03:52:13,822 | INFO | [phase1] Initial optimization model '': (model_fingerprint: 0x910604613e2ad2ca)
#Variables: 1'543 (#ints: 1 in objective) (754 primary variables)
  - 610 Booleans in [0,1]
  - 7 in [-31,31]
  - 7 in [0,22]
  - 448 in [0,31]
  - 217 in [0,961]
  - 28 in [0,1000]
  - 224 in [0,29791]
  - 1 in [0,1000000000000000000]
  - 1 constants in {0} 
#kAtMostOne: 147 (#literals: 294)
#kIntProd: 434
#kLinMax: 14 (#expressions: 231)
#kLinear1: 965 (#enforced: 651 #multi: 210)
#kLinear2: 1'043 (#enforced: 427 #multi: 210)
#kLinear3: 238
#kLinearN: 66 (#terms: 889)
2025-09-16 03:52:13,825 | INFO | [phase1] 
2025-09-16 03:52:13,833 | INFO | [phase1] Starting presolve at 0.10s
2025-09-16 03:52:13,870 | INFO | [phase1]   6.77e-04s  0.00e+00d  [DetectDominanceRelations]
2025-09-16 03:52:13,872 | INFO | [phase1]   2.83e-02s  0.00e+00d  [operations_research::sat::CpModelPresolver::PresolveToFixPoint] #num_loops=2 #num_dual_strengthening=1
2025-09-16 03:52:13,874 | INFO | [phase1]   9.24e-05s  0.00e+00d  [operations_research::sat::CpModelPresolver::ExtractEncodingFromLinear]
2025-09-16 03:52:13,876 | INFO | [phase1]   7.08e-05s  0.00e+00d  [operations_research::sat::CpModelPresolver::DetectDuplicateColumns]
2025-09-16 03:52:13,877 | INFO | [phase1]   8.90e-05s  0.00e+00d  [operations_research::sat::CpModelPresolver::DetectDuplicateConstraints]
2025-09-16 03:52:13,881 | INFO | [phase1] [Symmetry] Graph for symmetry has 1'543 nodes and 0 arcs.
2025-09-16 03:52:13,882 | INFO | [phase1] [Symmetry] Symmetry computation done. time: 0.0003974 dtime: 9.258e-05
2025-09-16 03:52:13,885 | INFO | [phase1]   4.96e-05s  0.00e+00d  [operations_research::sat::CpModelPresolver::DetectDuplicateConstraintsWithDifferentEnforcements]
2025-09-16 03:52:13,892 | INFO | [phase1]   9.19e-03s  0.00e+00d  [operations_research::sat::CpModelPresolver::Probe]
2025-09-16 03:52:13,893 | INFO | [phase1]   9.45e-05s  0.00e+00d  [MaxClique]
2025-09-16 03:52:13,896 | INFO | [phase1]   1.65e-04s  0.00e+00d  [operations_research::sat::CpModelPresolver::PresolveToFixPoint]
2025-09-16 03:52:13,897 | INFO | [phase1]   7.66e-05s  0.00e+00d  [operations_research::sat::CpModelPresolver::ProcessAtMostOneAndLinear]
2025-09-16 03:52:13,900 | INFO | [phase1]   2.18e-04s  0.00e+00d  [operations_research::sat::CpModelPresolver::DetectDuplicateConstraints]
2025-09-16 03:52:13,902 | INFO | [phase1]   1.80e-04s  0.00e+00d  [operations_research::sat::CpModelPresolver::DetectDuplicateConstraintsWithDifferentEnforcements]
2025-09-16 03:52:13,906 | INFO | [phase1]   3.39e-04s  0.00e+00d  [operations_research::sat::CpModelPresolver::DetectDominatedLinearConstraints]
2025-09-16 03:52:13,909 | INFO | [phase1]   1.08e-04s  0.00e+00d  [operations_research::sat::CpModelPresolver::DetectDifferentVariables]
2025-09-16 03:52:13,916 | INFO | [phase1]   7.87e-05s  0.00e+00d  [operations_research::sat::CpModelPresolver::ProcessSetPPC]
2025-09-16 03:52:13,917 | INFO | [phase1]   1.76e-04s  0.00e+00d  [operations_research::sat::CpModelPresolver::FindAlmostIdenticalLinearConstraints]
2025-09-16 03:52:13,922 | INFO | [phase1]   3.36e-04s  0.00e+00d  [operations_research::sat::CpModelPresolver::FindBigAtMostOneAndLinearOverlap]
2025-09-16 03:52:13,923 | INFO | [phase1]   1.36e-04s  2.80e-07d  [operations_research::sat::CpModelPresolver::FindBigVerticalLinearOverlap]
2025-09-16 03:52:13,931 | INFO | [phase1]   1.04e-04s  0.00e+00d  [operations_research::sat::CpModelPresolver::FindBigHorizontalLinearOverlap]
2025-09-16 03:52:13,933 | INFO | [phase1]   1.65e-04s  0.00e+00d  [operations_research::sat::CpModelPresolver::MergeClauses]
2025-09-16 03:52:13,936 | INFO | [phase1]   4.86e-05s  0.00e+00d  [operations_research::sat::CpModelPresolver::PresolveToFixPoint]
2025-09-16 03:52:13,939 | INFO | [phase1]   1.72e-04s  0.00e+00d  [operations_research::sat::CpModelPresolver::PresolveToFixPoint]
2025-09-16 03:52:13,942 | INFO | [phase1]   1.55e-04s  0.00e+00d  [operations_research::sat::CpModelPresolver::DetectDuplicateColumns]
2025-09-16 03:52:13,947 | INFO | [phase1]   3.66e-03s  0.00e+00d  [operations_research::sat::CpModelPresolver::DetectDuplicateConstraints]
2025-09-16 03:52:13,952 | INFO | [phase1] [Symmetry] Graph for symmetry has 1'543 nodes and 0 arcs.
2025-09-16 03:52:13,953 | INFO | [phase1] [Symmetry] Symmetry computation done. time: 0.0002555 dtime: 9.258e-05
2025-09-16 03:52:13,956 | INFO | [phase1]   5.52e-05s  0.00e+00d  [operations_research::sat::CpModelPresolver::DetectDuplicateConstraintsWithDifferentEnforcements]
2025-09-16 03:52:13,960 | INFO | [phase1]   4.81e-03s  0.00e+00d  [operations_research::sat::CpModelPresolver::Probe]
2025-09-16 03:52:13,966 | INFO | [phase1]   8.47e-05s  0.00e+00d  [MaxClique]
2025-09-16 03:52:13,967 | INFO | [phase1]   1.39e-04s  0.00e+00d  [operations_research::sat::CpModelPresolver::PresolveToFixPoint]
2025-09-16 03:52:13,969 | INFO | [phase1]   1.04e-04s  0.00e+00d  [operations_research::sat::CpModelPresolver::ProcessAtMostOneAndLinear]
2025-09-16 03:52:13,975 | INFO | [phase1]   1.06e-04s  0.00e+00d  [operations_research::sat::CpModelPresolver::DetectDuplicateConstraints]
2025-09-16 03:52:13,977 | INFO | [phase1]   1.03e-04s  0.00e+00d  [operations_research::sat::CpModelPresolver::DetectDuplicateConstraintsWithDifferentEnforcements]
2025-09-16 03:52:13,980 | INFO | [phase1]   7.69e-05s  0.00e+00d  [operations_research::sat::CpModelPresolver::DetectDominatedLinearConstraints]
2025-09-16 03:52:13,984 | INFO | [phase1]   1.48e-04s  0.00e+00d  [operations_research::sat::CpModelPresolver::DetectDifferentVariables]
2025-09-16 03:52:13,985 | INFO | [phase1]   1.18e-04s  0.00e+00d  [operations_research::sat::CpModelPresolver::ProcessSetPPC]
2025-09-16 03:52:13,991 | INFO | [phase1]   1.12e-04s  0.00e+00d  [operations_research::sat::CpModelPresolver::FindAlmostIdenticalLinearConstraints]
2025-09-16 03:52:13,992 | INFO | [phase1]   1.78e-04s  0.00e+00d  [operations_research::sat::CpModelPresolver::FindBigAtMostOneAndLinearOverlap]
2025-09-16 03:52:13,993 | INFO | [phase1]   7.37e-05s  2.80e-07d  [operations_research::sat::CpModelPresolver::FindBigVerticalLinearOverlap]
2025-09-16 03:52:13,995 | INFO | [phase1]   1.31e-04s  0.00e+00d  [operations_research::sat::CpModelPresolver::FindBigHorizontalLinearOverlap]
2025-09-16 03:52:13,999 | INFO | [phase1]   1.44e-04s  0.00e+00d  [operations_research::sat::CpModelPresolver::MergeClauses]
2025-09-16 03:52:14,000 | INFO | [phase1]   4.20e-05s  0.00e+00d  [operations_research::sat::CpModelPresolver::PresolveToFixPoint]
2025-09-16 03:52:14,008 | INFO | [phase1]   2.39e-04s  0.00e+00d  [operations_research::sat::CpModelPresolver::ExpandObjective]
2025-09-16 03:52:14,009 | INFO | [phase1] 
2025-09-16 03:52:14,011 | INFO | [phase1] Presolve summary:
2025-09-16 03:52:14,014 | INFO | [phase1]   - 35 affine relations were detected.
2025-09-16 03:52:14,022 | INFO | [phase1]   - rule 'TODO linear2: contains a Boolean.' was applied 168 times.
2025-09-16 03:52:14,022 | INFO | [phase1]   - rule 'affine: new relation' was applied 35 times.
2025-09-16 03:52:14,025 | INFO | [phase1]   - rule 'at_most_one: empty or all false' was applied 147 times.
2025-09-16 03:52:14,026 | INFO | [phase1]   - rule 'at_most_one: removed literals' was applied 147 times.
2025-09-16 03:52:14,027 | INFO | [phase1]   - rule 'bool_and: non-reified.' was applied 42 times.
2025-09-16 03:52:14,031 | INFO | [phase1]   - rule 'bool_or: always true' was applied 7 times.
2025-09-16 03:52:14,032 | INFO | [phase1]   - rule 'bool_or: implications' was applied 84 times.
2025-09-16 03:52:14,038 | INFO | [phase1]   - rule 'deductions: 140 stored' was applied 1 time.
2025-09-16 03:52:14,038 | INFO | [phase1]   - rule 'dual: fix variable' was applied 14 times.
2025-09-16 03:52:14,041 | INFO | [phase1]   - rule 'enforcement: always false' was applied 441 times.
2025-09-16 03:52:14,042 | INFO | [phase1]   - rule 'enforcement: false literal' was applied 238 times.
2025-09-16 03:52:14,044 | INFO | [phase1]   - rule 'enforcement: true literal' was applied 196 times.
2025-09-16 03:52:14,048 | INFO | [phase1]   - rule 'int_prod: constant product' was applied 427 times.
2025-09-16 03:52:14,054 | INFO | [phase1]   - rule 'int_prod: removed constant expressions.' was applied 847 times.
2025-09-16 03:52:14,055 | INFO | [phase1]   - rule 'int_prod: unused affine target' was applied 7 times.
2025-09-16 03:52:14,058 | INFO | [phase1]   - rule 'int_square: reduced target domain.' was applied 49 times.
2025-09-16 03:52:14,059 | INFO | [phase1]   - rule 'lin_max: affine_max target domain reduced' was applied 7 times.
2025-09-16 03:52:14,063 | INFO | [phase1]   - rule 'lin_max: converted to equality' was applied 14 times.
2025-09-16 03:52:14,064 | INFO | [phase1]   - rule 'lin_max: removed exprs' was applied 21 times.
2025-09-16 03:52:14,065 | INFO | [phase1]   - rule 'lin_max: target domain reduced' was applied 14 times.
2025-09-16 03:52:14,067 | INFO | [phase1]   - rule 'linear1: always true' was applied 7 times.
2025-09-16 03:52:14,071 | INFO | [phase1]   - rule 'linear1: x in domain' was applied 463 times.
2025-09-16 03:52:14,072 | INFO | [phase1]   - rule 'linear: always true' was applied 594 times.
2025-09-16 03:52:14,075 | INFO | [phase1]   - rule 'linear: empty' was applied 519 times.
2025-09-16 03:52:14,080 | INFO | [phase1]   - rule 'linear: enforcement literal in expression' was applied 7 times.
2025-09-16 03:52:14,080 | INFO | [phase1]   - rule 'linear: fixed or dup variables' was applied 2'019 times.
2025-09-16 03:52:14,082 | INFO | [phase1]   - rule 'linear: negative clause' was applied 49 times.
2025-09-16 03:52:14,083 | INFO | [phase1]   - rule 'linear: positive clause' was applied 42 times.
2025-09-16 03:52:14,087 | INFO | [phase1]   - rule 'linear: reduced variable domains' was applied 526 times.
2025-09-16 03:52:14,087 | INFO | [phase1]   - rule 'linear: remapped using affine relations' was applied 63 times.
2025-09-16 03:52:14,090 | INFO | [phase1]   - rule 'linear: singleton column' was applied 7 times.
2025-09-16 03:52:14,091 | INFO | [phase1]   - rule 'linear: variable substitution 0' was applied 1 time.
2025-09-16 03:52:14,095 | INFO | [phase1]   - rule 'presolve: 1528 unused variables removed.' was applied 1 time.
2025-09-16 03:52:14,096 | INFO | [phase1]   - rule 'presolve: iteration' was applied 2 times.
2025-09-16 03:52:14,097 | INFO | [phase1]   - rule 'variables: both boolean and its negation fix the same variable' was applied 21 times.
2025-09-16 03:52:14,098 | INFO | [phase1]   - rule 'variables: both boolean and its negation imply same equality' was applied 7 times.
2025-09-16 03:52:14,100 | INFO | [phase1]   - rule 'variables: detect half reified value encoding' was applied 126 times.
2025-09-16 03:52:14,107 | INFO | [phase1] 
2025-09-16 03:52:14,110 | INFO | [phase1] Presolved optimization model '': (model_fingerprint: 0xc705e16f141fc4e1)
#Variables: 0 ( in objective) (0 primary variables)
2025-09-16 03:52:14,113 | INFO | [phase1] [Symmetry] Graph for symmetry has 0 nodes and 0 arcs.
2025-09-16 03:52:14,115 | INFO | [phase1] 
2025-09-16 03:52:14,116 | INFO | [phase1] Preloading model.
2025-09-16 03:52:14,123 | INFO | [phase1] #Bound   0.39s best:inf   next:[448,448]  initial_domain
2025-09-16 03:52:14,126 | INFO | [phase1] The solution hint is complete and is feasible. Its objective value is 448.
2025-09-16 03:52:14,130 | INFO | [phase1] #Model   0.39s var:0/0 constraints:0/0
2025-09-16 03:52:14,132 | INFO | [phase1] 
2025-09-16 03:52:14,133 | INFO | [phase1] Starting search at 0.40s with 8 workers.
2025-09-16 03:52:14,138 | INFO | [phase1] 5 full problem subsolvers: [default_lp, max_lp, no_lp, quick_restart, quick_restart_no_lp]
2025-09-16 03:52:14,142 | INFO | [phase1] 3 first solution subsolvers: [fj, fs_random, fs_random_no_lp]
2025-09-16 03:52:14,145 | INFO | [phase1] 3 interleaved subsolvers: [feasibility_pump, ls, rins/rens]
2025-09-16 03:52:14,147 | INFO | [phase1] 2 helper subsolvers: [neighborhood_helper, synchronization_agent]
2025-09-16 03:52:14,148 | INFO | [phase1] 
2025-09-16 03:52:14,153 | INFO | [phase1] #1       0.42s best:448   next:[]         no_lp
2025-09-16 03:52:14,154 | INFO | [phase1] #Done    0.42s no_lp
2025-09-16 03:52:14,155 | INFO | [phase1] #Done    0.42s default_lp
2025-09-16 03:52:14,172 | INFO | [phase1] 
2025-09-16 03:52:14,172 | INFO | [phase1] Task timing                      n [     min,      max]      avg      dev     time         n [     min,      max]      avg      dev    dtime
           'default_lp':         1 [  5.48ms,   5.48ms]   5.48ms   0.00ns   5.48ms         0 [  0.00ns,   0.00ns]   0.00ns   0.00ns   0.00ns
     'feasibility_pump':         1 [ 84.50us,  84.50us]  84.50us   0.00ns  84.50us         0 [  0.00ns,   0.00ns]   0.00ns   0.00ns   0.00ns
                   'fj':         0 [  0.00ns,   0.00ns]   0.00ns   0.00ns   0.00ns         0 [  0.00ns,   0.00ns]   0.00ns   0.00ns   0.00ns
            'fs_random':         1 [  5.07ms,   5.07ms]   5.07ms   0.00ns   5.07ms         0 [  0.00ns,   0.00ns]   0.00ns   0.00ns   0.00ns
      'fs_random_no_lp':         1 [  5.15ms,   5.15ms]   5.15ms   0.00ns   5.15ms         0 [  0.00ns,   0.00ns]   0.00ns   0.00ns   0.00ns
                   'ls':         0 [  0.00ns,   0.00ns]   0.00ns   0.00ns   0.00ns         0 [  0.00ns,   0.00ns]   0.00ns   0.00ns   0.00ns
               'max_lp':         1 [  5.37ms,   5.37ms]   5.37ms   0.00ns   5.37ms         0 [  0.00ns,   0.00ns]   0.00ns   0.00ns   0.00ns
                'no_lp':         1 [  1.94ms,   1.94ms]   1.94ms   0.00ns   1.94ms         0 [  0.00ns,   0.00ns]   0.00ns   0.00ns   0.00ns
        'quick_restart':         1 [  5.31ms,   5.31ms]   5.31ms   0.00ns   5.31ms         0 [  0.00ns,   0.00ns]   0.00ns   0.00ns   0.00ns
  'quick_restart_no_lp':         1 [  5.23ms,   5.23ms]   5.23ms   0.00ns   5.23ms         0 [  0.00ns,   0.00ns]   0.00ns   0.00ns   0.00ns
            'rins/rens':         0 [  0.00ns,   0.00ns]   0.00ns   0.00ns   0.00ns         0 [  0.00ns,   0.00ns]   0.00ns   0.00ns   0.00ns
2025-09-16 03:52:14,174 | INFO | [phase1] Search stats              Bools  Conflicts  Branches  Restarts  BoolPropag  IntegerPropag
           'default_lp':      0          0         0         0           0              1
            'fs_random':      0          0         0         0           0              0
      'fs_random_no_lp':      0          0         0         0           0              0
               'max_lp':      0          0         0         0           0              0
                'no_lp':      0          0         0         0           0              1
        'quick_restart':      0          0         0         0           0              0
  'quick_restart_no_lp':      0          0         0         0           0              0
2025-09-16 03:52:14,175 | INFO | [phase1] SAT stats                 ClassicMinim  LitRemoved  LitLearned  LitForgotten  Subsumed  MClauses  MDecisions  MLitTrue  MSubsumed  MLitRemoved  MReused
           'default_lp':             0           0           0             0         0         0           0         0          0            0        0
            'fs_random':             0           0           0             0         0         0           0         0          0            0        0
      'fs_random_no_lp':             0           0           0             0         0         0           0         0          0            0        0
               'max_lp':             0           0           0             0         0         0           0         0          0            0        0
                'no_lp':             0           0           0             0         0         0           0         0          0            0        0
        'quick_restart':             0           0           0             0         0         0           0         0          0            0        0
  'quick_restart_no_lp':             0           0           0             0         0         0           0         0          0            0        0
2025-09-16 03:52:14,177 | INFO | [phase1] LNS stats       Improv/Calls  Closed  Difficulty  TimeLimit
  'rins/rens':           0/0      0%    5.00e-01       0.10
2025-09-16 03:52:14,179 | INFO | [phase1] Solutions (1)    Num   Rank
       'no_lp':    1  [1,1]
2025-09-16 03:52:14,179 | INFO | [phase1] Objective bounds     Num
  'initial_domain':    1
2025-09-16 03:52:14,181 | INFO | [phase1] Solution repositories    Added  Queried  Synchro
  'feasible solutions':      2        0        2
   'fj solution hints':      0        0        0
        'lp solutions':      0        0        0
                'pump':      0        0
2025-09-16 03:52:14,184 | INFO | [phase1] CpSolverResponse summary:
status: OPTIMAL
objective: 448
best_bound: 448
integers: 1
booleans: 0
conflicts: 0
branches: 0
propagations: 0
integer_propagations: 1
restarts: 0
lp_iterations: 0
walltime: 0.448332
usertime: 0.448332
deterministic_time: 5.6e-07
gap_integral: 0
solution_fingerprint: 0x1f89d8db7e6fce8e
2025-09-16 03:52:14,193 | INFO | Phase-1 status=OPTIMAL objective(U)=448.0
2025-09-16 03:52:14,208 | INFO | 448.0
2025-09-16 03:52:14,329 | INFO | [wk_pen_count_0(0..4), wk_pen_count_1(0..4), wk_pen_count_2(0..4), wk_pen_count_3(0..4), wk_pen_count_4(0..4), wk_pen_count_5(0..4), wk_pen_count_6(0..4)]
2025-09-16 03:52:14,330 | INFO | Model built: |S|=22 |P|=7 |D|=31
2025-09-16 03:52:14,333 | INFO | Time budget total=1500.00s split: phase1=600.00s phase2=900.00s
2025-09-16 03:52:14,334 | INFO | Phase-2 solve: time=900.0s workers=16 rgap=1e-05 seed=1
2025-09-16 03:52:14,343 | INFO | Diversity threshold L=1, K=2
2025-09-16 03:52:14,356 | INFO | [phase2] 
2025-09-16 03:52:14,357 | INFO | [phase2] Starting CP-SAT solver v9.14.6206
2025-09-16 03:52:14,358 | INFO | [phase2] Parameters: random_seed: 1 max_time_in_seconds: 900 log_search_progress: true num_search_workers: 16 relative_gap_limit: 1e-05 log_to_stdout: false
2025-09-16 03:52:14,372 | INFO | [phase2] 
2025-09-16 03:52:14,402 | INFO | [phase2] Initial optimization model '': (model_fingerprint: 0xd88779c531954b8f)
#Variables: 2'133 (#ints: 1 in objective) (1'005 primary variables)
  - 1'030 Booleans in [0,1]
  - 7 in [-31,31]
  - 28 in [-1,1]
  - 21 in [0,2]
  - 21 in [0,3]
  - 14 in [0,4]
  - 35 in [0,22]
  - 462 in [0,31]
  - 7 in [0,40]
  - 217 in [0,961]
  - 21 in [0,968]
  - 28 in [0,1000]
  - 224 in [0,29791]
  - 7 in [0,100000]
  - 7 in [0,1000000000000000]
  - 2 in [0,1000000000000000000]
  - 2 constants in {0} 
#kAtMostOne: 147 (#literals: 294)
#kIntProd: 455
#kLinMax: 42 (#expressions: 287)
#kLinear1: 1'183 (#enforced: 651 #multi: 210)
#kLinear2: 1'484 (#enforced: 427 #multi: 210)
#kLinear3: 406
#kLinearN: 151 (#terms: 1'744)
2025-09-16 03:52:14,407 | INFO | [phase2] 
2025-09-16 03:52:14,414 | INFO | [phase2] Starting presolve at 0.06s
2025-09-16 03:52:14,445 | INFO | [phase2]   9.37e-04s  0.00e+00d  [DetectDominanceRelations]
2025-09-16 03:52:14,447 | INFO | [phase2]   2.13e-02s  0.00e+00d  [operations_research::sat::CpModelPresolver::PresolveToFixPoint] #num_loops=2 #num_dual_strengthening=1
2025-09-16 03:52:14,448 | INFO | [phase2]   1.42e-04s  0.00e+00d  [operations_research::sat::CpModelPresolver::ExtractEncodingFromLinear]
2025-09-16 03:52:14,454 | INFO | [phase2]   9.47e-05s  0.00e+00d  [operations_research::sat::CpModelPresolver::DetectDuplicateColumns]
2025-09-16 03:52:14,455 | INFO | [phase2]   1.60e-04s  0.00e+00d  [operations_research::sat::CpModelPresolver::DetectDuplicateConstraints]
2025-09-16 03:52:14,460 | INFO | [phase2]   2.84e-04s  0.00e+00d  [operations_research::sat::CpModelPresolver::DetectDuplicateConstraintsWithDifferentEnforcements]
2025-09-16 03:52:14,462 | INFO | [phase2]   3.88e-03s  1.40e-07d  [operations_research::sat::CpModelPresolver::Probe]
2025-09-16 03:52:14,463 | INFO | [phase2]   9.13e-05s  0.00e+00d  [MaxClique]
2025-09-16 03:52:14,466 | INFO | [phase2]   6.63e-04s  0.00e+00d  [DetectDominanceRelations]
2025-09-16 03:52:14,467 | INFO | [phase2]   2.67e-03s  0.00e+00d  [operations_research::sat::CpModelPresolver::PresolveToFixPoint] #num_loops=2 #num_dual_strengthening=1
2025-09-16 03:52:14,468 | INFO | [phase2]   1.13e-04s  0.00e+00d  [operations_research::sat::CpModelPresolver::ProcessAtMostOneAndLinear]
2025-09-16 03:52:14,472 | INFO | [phase2]   2.00e-04s  0.00e+00d  [operations_research::sat::CpModelPresolver::DetectDuplicateConstraints]
2025-09-16 03:52:14,473 | INFO | [phase2]   1.87e-04s  0.00e+00d  [operations_research::sat::CpModelPresolver::DetectDuplicateConstraintsWithDifferentEnforcements]
2025-09-16 03:52:14,476 | INFO | [phase2]   8.09e-05s  0.00e+00d  [operations_research::sat::CpModelPresolver::DetectDominatedLinearConstraints]
2025-09-16 03:52:14,477 | INFO | [phase2]   2.23e-04s  0.00e+00d  [operations_research::sat::CpModelPresolver::DetectDifferentVariables]
2025-09-16 03:52:14,480 | INFO | [phase2]   2.55e-04s  0.00e+00d  [operations_research::sat::CpModelPresolver::ProcessSetPPC]
2025-09-16 03:52:14,480 | INFO | [phase2]   1.31e-04s  0.00e+00d  [operations_research::sat::CpModelPresolver::FindAlmostIdenticalLinearConstraints]
2025-09-16 03:52:14,482 | INFO | [phase2]   2.52e-04s  0.00e+00d  [operations_research::sat::CpModelPresolver::FindBigAtMostOneAndLinearOverlap]
2025-09-16 03:52:14,482 | INFO | [phase2]   1.35e-04s  4.90e-07d  [operations_research::sat::CpModelPresolver::FindBigVerticalLinearOverlap]
2025-09-16 03:52:14,487 | INFO | [phase2]   1.01e-04s  0.00e+00d  [operations_research::sat::CpModelPresolver::FindBigHorizontalLinearOverlap]
2025-09-16 03:52:14,487 | INFO | [phase2]   1.07e-04s  0.00e+00d  [operations_research::sat::CpModelPresolver::MergeClauses]
2025-09-16 03:52:14,490 | INFO | [phase2]   5.46e-04s  0.00e+00d  [DetectDominanceRelations]
2025-09-16 03:52:14,494 | INFO | [phase2]   4.67e-03s  0.00e+00d  [operations_research::sat::CpModelPresolver::PresolveToFixPoint] #num_loops=1 #num_dual_strengthening=1
2025-09-16 03:52:14,497 | INFO | [phase2]   8.82e-04s  0.00e+00d  [DetectDominanceRelations]
2025-09-16 03:52:14,497 | INFO | [phase2]   2.37e-03s  0.00e+00d  [operations_research::sat::CpModelPresolver::PresolveToFixPoint] #num_loops=1 #num_dual_strengthening=1
2025-09-16 03:52:14,499 | INFO | [phase2]   1.82e-04s  0.00e+00d  [operations_research::sat::CpModelPresolver::DetectDuplicateColumns]
2025-09-16 03:52:14,500 | INFO | [phase2]   2.52e-04s  0.00e+00d  [operations_research::sat::CpModelPresolver::DetectDuplicateConstraints]
2025-09-16 03:52:14,505 | INFO | [phase2]   1.45e-04s  0.00e+00d  [operations_research::sat::CpModelPresolver::DetectDuplicateConstraintsWithDifferentEnforcements]
2025-09-16 03:52:14,510 | INFO | [phase2]   7.43e-03s  1.40e-07d  [operations_research::sat::CpModelPresolver::Probe]
2025-09-16 03:52:14,512 | INFO | [phase2]   8.95e-05s  0.00e+00d  [MaxClique]
2025-09-16 03:52:14,515 | INFO | [phase2]   6.28e-04s  0.00e+00d  [DetectDominanceRelations]
2025-09-16 03:52:14,516 | INFO | [phase2]   2.14e-03s  0.00e+00d  [operations_research::sat::CpModelPresolver::PresolveToFixPoint] #num_loops=1 #num_dual_strengthening=1
2025-09-16 03:52:14,518 | INFO | [phase2]   1.38e-04s  0.00e+00d  [operations_research::sat::CpModelPresolver::ProcessAtMostOneAndLinear]
2025-09-16 03:52:14,522 | INFO | [phase2]   2.11e-04s  0.00e+00d  [operations_research::sat::CpModelPresolver::DetectDuplicateConstraints]
2025-09-16 03:52:14,525 | INFO | [phase2]   2.40e-04s  0.00e+00d  [operations_research::sat::CpModelPresolver::DetectDuplicateConstraintsWithDifferentEnforcements]
2025-09-16 03:52:14,526 | INFO | [phase2]   7.77e-05s  0.00e+00d  [operations_research::sat::CpModelPresolver::DetectDominatedLinearConstraints]
2025-09-16 03:52:14,529 | INFO | [phase2]   3.73e-04s  0.00e+00d  [operations_research::sat::CpModelPresolver::DetectDifferentVariables]
2025-09-16 03:52:14,529 | INFO | [phase2]   8.78e-05s  0.00e+00d  [operations_research::sat::CpModelPresolver::ProcessSetPPC]
2025-09-16 03:52:14,531 | INFO | [phase2]   1.15e-04s  0.00e+00d  [operations_research::sat::CpModelPresolver::FindAlmostIdenticalLinearConstraints]
2025-09-16 03:52:14,532 | INFO | [phase2]   3.25e-04s  0.00e+00d  [operations_research::sat::CpModelPresolver::FindBigAtMostOneAndLinearOverlap]
2025-09-16 03:52:14,534 | INFO | [phase2]   1.35e-04s  4.90e-07d  [operations_research::sat::CpModelPresolver::FindBigVerticalLinearOverlap]
2025-09-16 03:52:14,539 | INFO | [phase2]   9.28e-05s  0.00e+00d  [operations_research::sat::CpModelPresolver::FindBigHorizontalLinearOverlap]
2025-09-16 03:52:14,542 | INFO | [phase2]   1.64e-04s  0.00e+00d  [operations_research::sat::CpModelPresolver::MergeClauses]
2025-09-16 03:52:14,545 | INFO | [phase2]   5.73e-04s  0.00e+00d  [DetectDominanceRelations]
2025-09-16 03:52:14,546 | INFO | [phase2]   1.89e-03s  0.00e+00d  [operations_research::sat::CpModelPresolver::PresolveToFixPoint] #num_loops=1 #num_dual_strengthening=1
2025-09-16 03:52:14,547 | INFO | [phase2]   2.41e-04s  0.00e+00d  [operations_research::sat::CpModelPresolver::ExpandObjective]
2025-09-16 03:52:14,549 | INFO | [phase2] 
2025-09-16 03:52:14,550 | INFO | [phase2] Presolve summary:
2025-09-16 03:52:14,556 | INFO | [phase2]   - 35 affine relations were detected.
2025-09-16 03:52:14,559 | INFO | [phase2]   - rule 'TODO dual: only one blocking constraint?' was applied 252 times.
2025-09-16 03:52:14,560 | INFO | [phase2]   - rule 'TODO linear2: contains a Boolean.' was applied 168 times.
2025-09-16 03:52:14,561 | INFO | [phase2]   - rule 'affine: new relation' was applied 35 times.
2025-09-16 03:52:14,562 | INFO | [phase2]   - rule 'at_most_one: empty or all false' was applied 147 times.
2025-09-16 03:52:14,563 | INFO | [phase2]   - rule 'at_most_one: removed literals' was applied 147 times.
2025-09-16 03:52:14,564 | INFO | [phase2]   - rule 'bool_and: non-reified.' was applied 42 times.
2025-09-16 03:52:14,565 | INFO | [phase2]   - rule 'bool_or: always true' was applied 7 times.
2025-09-16 03:52:14,569 | INFO | [phase2]   - rule 'bool_or: implications' was applied 84 times.
2025-09-16 03:52:14,571 | INFO | [phase2]   - rule 'deductions: 140 stored' was applied 1 time.
2025-09-16 03:52:14,572 | INFO | [phase2]   - rule 'enforcement: always false' was applied 441 times.
2025-09-16 03:52:14,573 | INFO | [phase2]   - rule 'enforcement: false literal' was applied 238 times.
2025-09-16 03:52:14,574 | INFO | [phase2]   - rule 'enforcement: true literal' was applied 196 times.
2025-09-16 03:52:14,575 | INFO | [phase2]   - rule 'int_prod: constant product' was applied 434 times.
2025-09-16 03:52:14,575 | INFO | [phase2]   - rule 'int_prod: removed constant expressions.' was applied 861 times.
2025-09-16 03:52:14,577 | INFO | [phase2]   - rule 'int_prod: unused affine target' was applied 7 times.
2025-09-16 03:52:14,578 | INFO | [phase2]   - rule 'int_square: reduced target domain.' was applied 63 times.
2025-09-16 03:52:14,579 | INFO | [phase2]   - rule 'lin_max: all exprs fixed during copy' was applied 28 times.
2025-09-16 03:52:14,580 | INFO | [phase2]   - rule 'lin_max: converted to equality' was applied 7 times.
2025-09-16 03:52:14,581 | INFO | [phase2]   - rule 'lin_max: reduced expression domain.' was applied 28 times.
2025-09-16 03:52:14,586 | INFO | [phase2]   - rule 'lin_max: removed exprs' was applied 14 times.
2025-09-16 03:52:14,589 | INFO | [phase2]   - rule 'lin_max: target domain reduced' was applied 7 times.
2025-09-16 03:52:14,590 | INFO | [phase2]   - rule 'lin_max: x = max(x, ...)' was applied 7 times.
2025-09-16 03:52:14,591 | INFO | [phase2]   - rule 'linear1: always true' was applied 14 times.
2025-09-16 03:52:14,592 | INFO | [phase2]   - rule 'linear1: x in domain' was applied 1'024 times.
2025-09-16 03:52:14,594 | INFO | [phase2]   - rule 'linear: always true' was applied 945 times.
2025-09-16 03:52:14,595 | INFO | [phase2]   - rule 'linear: empty' was applied 505 times.
2025-09-16 03:52:14,596 | INFO | [phase2]   - rule 'linear: enforcement literal in expression' was applied 7 times.
2025-09-16 03:52:14,597 | INFO | [phase2]   - rule 'linear: fixed or dup variables' was applied 1'999 times.
2025-09-16 03:52:14,605 | INFO | [phase2]   - rule 'linear: negative clause' was applied 49 times.
2025-09-16 03:52:14,608 | INFO | [phase2]   - rule 'linear: positive clause' was applied 42 times.
2025-09-16 03:52:14,609 | INFO | [phase2]   - rule 'linear: reduced variable domains' was applied 519 times.
2025-09-16 03:52:14,610 | INFO | [phase2]   - rule 'linear: remapped using affine relations' was applied 63 times.
2025-09-16 03:52:14,611 | INFO | [phase2]   - rule 'linear: variable substitution 0' was applied 1 time.
2025-09-16 03:52:14,612 | INFO | [phase2]   - rule 'linear: variable substitution 1' was applied 7 times.
2025-09-16 03:52:14,613 | INFO | [phase2]   - rule 'presolve: 2090 unused variables removed.' was applied 1 time.
2025-09-16 03:52:14,614 | INFO | [phase2]   - rule 'presolve: iteration' was applied 2 times.
2025-09-16 03:52:14,618 | INFO | [phase2]   - rule 'variables: both boolean and its negation fix the same variable' was applied 21 times.
2025-09-16 03:52:14,621 | INFO | [phase2]   - rule 'variables: both boolean and its negation imply same equality' was applied 7 times.
2025-09-16 03:52:14,623 | INFO | [phase2]   - rule 'variables: detect half reified value encoding' was applied 126 times.
2025-09-16 03:52:14,624 | INFO | [phase2] 
2025-09-16 03:52:14,625 | INFO | [phase2] Presolved optimization model '': (model_fingerprint: 0xd64395d635c6e163)
#Variables: 28 (#ints: 14 in objective) (14 primary variables)
  - 7 in [0,1][4][9][16][25][36][49][64][81][100][ ... 169][196][225][256][289][324][361][400][441][484]
  - 7 in [0,22]
  - 7 in [3,22]
  - 7 in [9][16][25][36][49][64][81][100][121][144][169][196][225][256][289][324][361][400][441][484]
#kIntProd: 14
2025-09-16 03:52:14,626 | INFO | [phase2] 
2025-09-16 03:52:14,627 | INFO | [phase2] Preloading model.
2025-09-16 03:52:14,628 | INFO | [phase2] #Bound   0.27s best:inf   next:[315000,33880000] initial_domain
2025-09-16 03:52:14,630 | INFO | [phase2] #Model   0.27s var:28/28 constraints:14/14 compo:2,2,2,2,2,2,2,2,2,2,...
2025-09-16 03:52:14,631 | INFO | [phase2] 
2025-09-16 03:52:14,636 | INFO | [phase2] Starting search at 0.28s with 16 workers.
2025-09-16 03:52:14,640 | INFO | [phase2] 11 full problem subsolvers: [core, default_lp, lb_tree_search, max_lp, no_lp, objective_lb_search, probing, pseudo_costs, quick_restart, quick_restart_no_lp, reduced_costs]
2025-09-16 03:52:14,641 | INFO | [phase2] 5 first solution subsolvers: [fj(2), fs_random, fs_random_no_lp, fs_random_quick_restart_no_lp]
2025-09-16 03:52:14,643 | INFO | [phase2] 11 interleaved subsolvers: [feasibility_pump, graph_arc_lns, graph_cst_lns, graph_dec_lns, graph_var_lns, lb_relax_lns, ls, ls_lin, rins/rens, rnd_cst_lns, rnd_var_lns]
2025-09-16 03:52:14,645 | INFO | [phase2] 3 helper subsolvers: [neighborhood_helper, synchronization_agent, update_gap_integral]
2025-09-16 03:52:14,646 | INFO | [phase2] 
2025-09-16 03:52:14,650 | INFO | [phase2] #1       0.29s best:315000 next:[]         core (fixed_bools=0/14)
2025-09-16 03:52:14,657 | INFO | [phase2] #Done    0.30s core
2025-09-16 03:52:14,666 | INFO | [phase2] 
2025-09-16 03:52:14,667 | INFO | [phase2] Task timing                                n [     min,      max]      avg      dev     time         n [     min,      max]      avg      dev    dtime
                           'core':         1 [  7.95ms,   7.95ms]   7.95ms   0.00ns   7.95ms         1 [  4.63us,   4.63us]   4.63us   0.00ns   4.63us
                     'default_lp':         1 [ 11.10ms,  11.10ms]  11.10ms   0.00ns  11.10ms         0 [  0.00ns,   0.00ns]   0.00ns   0.00ns   0.00ns
               'feasibility_pump':         1 [521.70us, 521.70us] 521.70us   0.00ns 521.70us         0 [  0.00ns,   0.00ns]   0.00ns   0.00ns   0.00ns
                             'fj':         0 [  0.00ns,   0.00ns]   0.00ns   0.00ns   0.00ns         0 [  0.00ns,   0.00ns]   0.00ns   0.00ns   0.00ns
                             'fj':         1 [  5.03ms,   5.03ms]   5.03ms   0.00ns   5.03ms         0 [  0.00ns,   0.00ns]   0.00ns   0.00ns   0.00ns
                      'fs_random':         1 [  2.11ms,   2.11ms]   2.11ms   0.00ns   2.11ms         0 [  0.00ns,   0.00ns]   0.00ns   0.00ns   0.00ns
                'fs_random_no_lp':         1 [  2.23ms,   2.23ms]   2.23ms   0.00ns   2.23ms         0 [  0.00ns,   0.00ns]   0.00ns   0.00ns   0.00ns
  'fs_random_quick_restart_no_lp':         1 [  2.04ms,   2.04ms]   2.04ms   0.00ns   2.04ms         0 [  0.00ns,   0.00ns]   0.00ns   0.00ns   0.00ns
                  'graph_arc_lns':         0 [  0.00ns,   0.00ns]   0.00ns   0.00ns   0.00ns         0 [  0.00ns,   0.00ns]   0.00ns   0.00ns   0.00ns
                  'graph_cst_lns':         0 [  0.00ns,   0.00ns]   0.00ns   0.00ns   0.00ns         0 [  0.00ns,   0.00ns]   0.00ns   0.00ns   0.00ns
                  'graph_dec_lns':         0 [  0.00ns,   0.00ns]   0.00ns   0.00ns   0.00ns         0 [  0.00ns,   0.00ns]   0.00ns   0.00ns   0.00ns
                  'graph_var_lns':         0 [  0.00ns,   0.00ns]   0.00ns   0.00ns   0.00ns         0 [  0.00ns,   0.00ns]   0.00ns   0.00ns   0.00ns
                   'lb_relax_lns':         0 [  0.00ns,   0.00ns]   0.00ns   0.00ns   0.00ns         0 [  0.00ns,   0.00ns]   0.00ns   0.00ns   0.00ns
                 'lb_tree_search':         1 [  7.31ms,   7.31ms]   7.31ms   0.00ns   7.31ms         0 [  0.00ns,   0.00ns]   0.00ns   0.00ns   0.00ns
                             'ls':         0 [  0.00ns,   0.00ns]   0.00ns   0.00ns   0.00ns         0 [  0.00ns,   0.00ns]   0.00ns   0.00ns   0.00ns
                         'ls_lin':         0 [  0.00ns,   0.00ns]   0.00ns   0.00ns   0.00ns         0 [  0.00ns,   0.00ns]   0.00ns   0.00ns   0.00ns
                         'max_lp':         1 [  6.45ms,   6.45ms]   6.45ms   0.00ns   6.45ms         0 [  0.00ns,   0.00ns]   0.00ns   0.00ns   0.00ns
                          'no_lp':         1 [  9.83ms,   9.83ms]   9.83ms   0.00ns   9.83ms         0 [  0.00ns,   0.00ns]   0.00ns   0.00ns   0.00ns
            'objective_lb_search':         1 [  6.47ms,   6.47ms]   6.47ms   0.00ns   6.47ms         0 [  0.00ns,   0.00ns]   0.00ns   0.00ns   0.00ns
                        'probing':         1 [  4.15ms,   4.15ms]   4.15ms   0.00ns   4.15ms         0 [  0.00ns,   0.00ns]   0.00ns   0.00ns   0.00ns
                   'pseudo_costs':         1 [  4.72ms,   4.72ms]   4.72ms   0.00ns   4.72ms         0 [  0.00ns,   0.00ns]   0.00ns   0.00ns   0.00ns
                  'quick_restart':         1 [  6.32ms,   6.32ms]   6.32ms   0.00ns   6.32ms         0 [  0.00ns,   0.00ns]   0.00ns   0.00ns   0.00ns
            'quick_restart_no_lp':         1 [  5.20ms,   5.20ms]   5.20ms   0.00ns   5.20ms         0 [  0.00ns,   0.00ns]   0.00ns   0.00ns   0.00ns
                  'reduced_costs':         1 [  6.16ms,   6.16ms]   6.16ms   0.00ns   6.16ms         0 [  0.00ns,   0.00ns]   0.00ns   0.00ns   0.00ns
                      'rins/rens':         0 [  0.00ns,   0.00ns]   0.00ns   0.00ns   0.00ns         0 [  0.00ns,   0.00ns]   0.00ns   0.00ns   0.00ns
                    'rnd_cst_lns':         0 [  0.00ns,   0.00ns]   0.00ns   0.00ns   0.00ns         0 [  0.00ns,   0.00ns]   0.00ns   0.00ns   0.00ns
                    'rnd_var_lns':         0 [  0.00ns,   0.00ns]   0.00ns   0.00ns   0.00ns         0 [  0.00ns,   0.00ns]   0.00ns   0.00ns   0.00ns
2025-09-16 03:52:14,672 | INFO | [phase2] Search stats                        Bools  Conflicts  Branches  Restarts  BoolPropag  IntegerPropag
                           'core':     14          0        13         2          15             57
                     'default_lp':      0          0         0         0           0              0
                      'fs_random':      0          0         0         0           0              0
                'fs_random_no_lp':      0          0         0         0           0              0
  'fs_random_quick_restart_no_lp':      0          0         0         0           0              0
                 'lb_tree_search':      0          0         0         0           0              0
                         'max_lp':      0          0         0         0           0              0
                          'no_lp':      0          0         0         0           0              0
            'objective_lb_search':      0          0         0         0           0              0
                        'probing':      0          0         0         0           0              0
                   'pseudo_costs':      0          0         0         0           0              0
                  'quick_restart':      0          0         0         0           0              0
            'quick_restart_no_lp':      0          0         0         0           0              0
                  'reduced_costs':      0          0         0         0           0              0
2025-09-16 03:52:14,675 | INFO | [phase2] SAT stats                           ClassicMinim  LitRemoved  LitLearned  LitForgotten  Subsumed  MClauses  MDecisions  MLitTrue  MSubsumed  MLitRemoved  MReused
                           'core':             0           0           0             0         0         0           0         0          0            0        0
                     'default_lp':             0           0           0             0         0         0           0         0          0            0        0
                      'fs_random':             0           0           0             0         0         0           0         0          0            0        0
                'fs_random_no_lp':             0           0           0             0         0         0           0         0          0            0        0
  'fs_random_quick_restart_no_lp':             0           0           0             0         0         0           0         0          0            0        0
                 'lb_tree_search':             0           0           0             0         0         0           0         0          0            0        0
                         'max_lp':             0           0           0             0         0         0           0         0          0            0        0
                          'no_lp':             0           0           0             0         0         0           0         0          0            0        0
            'objective_lb_search':             0           0           0             0         0         0           0         0          0            0        0
                        'probing':             0           0           0             0         0         0           0         0          0            0        0
                   'pseudo_costs':             0           0           0             0         0         0           0         0          0            0        0
                  'quick_restart':             0           0           0             0         0         0           0         0          0            0        0
            'quick_restart_no_lp':             0           0           0             0         0         0           0         0          0            0        0
                  'reduced_costs':             0           0           0             0         0         0           0         0          0            0        0
2025-09-16 03:52:14,677 | INFO | [phase2] Lp stats                  Component  Iterations  AddedCuts  OPTIMAL  DUAL_F.  DUAL_U.
           'default_lp':         14           0          0       14        0        0
       'lb_tree_search':         14           0          0       14        0        0
               'max_lp':         14           0          0       14        0        0
  'objective_lb_search':         14           0          0       14        0        0
              'probing':         14           0          0       14        0        0
         'pseudo_costs':         14           0          0       14        0        0
        'quick_restart':         14           0          0       14        0        0
        'reduced_costs':         14           0          0       14        0        0
2025-09-16 03:52:14,678 | INFO | [phase2] Lp dimension              Final dimension of first component
           'default_lp':        0 rows, 2 columns, 0 entries
       'lb_tree_search':        3 rows, 2 columns, 6 entries
               'max_lp':        3 rows, 2 columns, 6 entries
  'objective_lb_search':        0 rows, 2 columns, 0 entries
              'probing':        0 rows, 2 columns, 0 entries
         'pseudo_costs':        0 rows, 2 columns, 0 entries
        'quick_restart':        0 rows, 2 columns, 0 entries
        'reduced_costs':        0 rows, 2 columns, 0 entries
2025-09-16 03:52:14,691 | INFO | [phase2] Lp debug                  CutPropag  CutEqPropag  Adjust  Overflow  Bad  BadScaling
           'default_lp':          0            0       0         0    0           0
       'lb_tree_search':          0            0       0         0    0           0
               'max_lp':          0            0       0         0    0           0
  'objective_lb_search':          0            0       0         0    0           0
              'probing':          0            0       0         0    0           0
         'pseudo_costs':          0            0       0         0    0           0
        'quick_restart':          0            0       0         0    0           0
        'reduced_costs':          0            0       0         0    0           0
2025-09-16 03:52:14,692 | INFO | [phase2] Lp pool                   Constraints  Updates  Simplif  Merged  Shortened  Split  Strenghtened  Cuts/Call
           'default_lp':           42        0        0       0          0      0             0        0/0
       'lb_tree_search':           42        0        0       0          0      0             0       0/28
               'max_lp':           42        0        0       0          0      0             0       0/28
  'objective_lb_search':           42        0        0       0          0      0             0        0/0
              'probing':           42        0        0       0          0      0             0        0/0
         'pseudo_costs':           42        0        0       0          0      0             0        0/0
        'quick_restart':           42        0        0       0          0      0             0        0/0
        'reduced_costs':           42        0        0       0          0      0             0        0/0
2025-09-16 03:52:14,694 | INFO | [phase2] LNS stats           Improv/Calls  Closed  Difficulty  TimeLimit
  'graph_arc_lns':           0/0      0%    5.00e-01       0.10
  'graph_cst_lns':           0/0      0%    5.00e-01       0.10
  'graph_dec_lns':           0/0      0%    5.00e-01       0.10
  'graph_var_lns':           0/0      0%    5.00e-01       0.10
   'lb_relax_lns':           0/0      0%    5.00e-01       0.50
      'rins/rens':           0/0      0%    5.00e-01       0.10
    'rnd_cst_lns':           0/0      0%    5.00e-01       0.10
    'rnd_var_lns':           0/0      0%    5.00e-01       0.10
2025-09-16 03:52:14,705 | INFO | [phase2] LS stats         Batches  Restarts/Perturbs  LinMoves  GenMoves  CompoundMoves  Bactracks  WeightUpdates  ScoreComputed
  'fj_restart':        1                  1         0         0              0          0              0              0
2025-09-16 03:52:14,706 | INFO | [phase2] Solutions (1)    Num   Rank
        'core':    1  [1,1]
2025-09-16 03:52:14,707 | INFO | [phase2] Objective bounds     Num
  'initial_domain':    1
2025-09-16 03:52:14,708 | INFO | [phase2] Solution repositories    Added  Queried  Synchro
  'feasible solutions':      2        0        2
   'fj solution hints':      0        0        0
        'lp solutions':      0        0        0
                'pump':      0        0
2025-09-16 03:52:14,712 | INFO | [phase2] CpSolverResponse summary:
status: OPTIMAL
objective: 315000
best_bound: 315000
integers: 29
booleans: 14
conflicts: 0
branches: 13
propagations: 15
integer_propagations: 57
restarts: 2
lp_iterations: 0
walltime: 0.354268
usertime: 0.354269
deterministic_time: 5.89e-06
gap_integral: 8.02332e-05
solution_fingerprint: 0x69d711836b0e2781
2025-09-16 03:52:14,720 | INFO | Phase-2 status=OPTIMAL
2025-09-16 03:52:14,721 | INFO | Phase-2 best objective=315000.0 best bound=315000.0
2025-09-16 03:52:14,723 | INFO | Pool collected=1
2025-09-16 03:52:14,724 | INFO | Selected tables=2 (requested K=2)
2025-09-16 03:52:14,725 | INFO | Selected objectives: [315000.0, 315000.0]
2025-09-16 03:52:14,896 | INFO | Wrote: Result_14\schedules.xlsx
2025-09-16 03:52:14,896 | INFO | Wrote: Result_14\hospital_schedule.xlsx
2025-09-16 03:52:14,898 | INFO | Wrote: Result_14\calendar.xlsx
2025-09-16 03:52:14,905 | INFO | Wrote: Result_14\eligibility_capacity.json
2025-09-16 03:52:14,906 | INFO | Wrote grid: Result_14\schedules.xlsx
2025-09-16 03:52:14,907 | INFO | Wrote hospital: Result_14\hospital_schedule.xlsx
2025-09-16 03:52:14,908 | INFO | Wrote calendar: Result_14\calendar.xlsx
2025-09-16 03:52:14,908 | INFO | Wrote run meta: Result_14\scheduler_log_20250916_035213.json
2025-09-16 03:52:14,909 | INFO | ===== SCHEDULER RUN COMPLETE 20250916_035213 =====
